<?xml version="1.0" encoding="UTF-8"?>
<!-- Generated by org.testng.reporters.JUnitXMLReporter -->
<testsuite ignored="2" hostname="APPLEs-MacBook-Pro.local" failures="0" tests="1" name="Default test" time="8.554" errors="0" timestamp="2024-01-12T08:34:31 IST">
  <testcase classname="com.sample.modules.HomePage" name="verifyCountryCurrencyWidget" time="2.076"/>
  <testcase classname="com.sample.modules.HomePage" name="verifyAllHeaderSectionsPresent" time="0.0">
    <ignored/>
  </testcase> <!-- verifyAllHeaderSectionsPresent -->
  <testcase classname="com.sample.modules.HomePage" name="verifySearchFlight" time="0.0">
    <ignored/>
  </testcase> <!-- verifySearchFlight -->
</testsuite> <!-- Default test -->
