<?xml version="1.0" encoding="UTF-8"?>
<testsuite xmlns:xsi="http://www.w3.org/2001/XMLSchema-instance" xsi:noNamespaceSchemaLocation="https://maven.apache.org/surefire/maven-surefire-plugin/xsd/surefire-test-report-3.0.xsd" version="3.0" name="TestSuite" time="83.021" tests="6" errors="0" skipped="0" failures="2">
  <properties>
[...]
</properties>
  <testcase name="verifyAllHeaderSectionsPresent" classname="com.sample.modules.HomePage" time="2.186">
    <system-out><![CDATA[08:43:53.050 [main] DEBUG org.testng.TestNG - suiteXmlPath: "/Users/apple/Documents/HHP/Projects/sample/src/test/resources/testng.xml"
08:43:53.211 [main] DEBUG org.testng.internal.Graph - [Graph] ADDING NODE Base.fetchSuiteConfiguration(org.testng.ITestContext)[pri:0, instance:null] -425574212
08:43:53.211 [main] DEBUG org.testng.internal.Graph - [Graph] ================ SORTING
08:43:53.213 [main] DEBUG org.testng.internal.Graph - [Graph] =============== DONE SORTING
08:43:53.214 [main] DEBUG org.testng.internal.Graph - [Graph] ====== SORTED NODES
08:43:53.214 [main] DEBUG org.testng.internal.Graph - [Graph] ====== END SORTED NODES
08:43:53.214 [main] DEBUG org.testng.internal.Graph - [Graph] ADDING NODE Base.after()[pri:0, instance:null] -301863784
08:43:53.214 [main] DEBUG org.testng.internal.Graph - [Graph] ================ SORTING
08:43:53.215 [main] DEBUG org.testng.internal.Graph - [Graph] =============== DONE SORTING
08:43:53.215 [main] DEBUG org.testng.internal.Graph - [Graph] ====== SORTED NODES
08:43:53.215 [main] DEBUG org.testng.internal.Graph - [Graph] ====== END SORTED NODES
08:43:53.219 [main] DEBUG org.testng.internal.Graph - [Graph] ADDING NODE Base.setUp(java.lang.reflect.Method)[pri:0, instance:null] -318578857
08:43:53.219 [main] DEBUG org.testng.internal.Graph - [Graph] ================ SORTING
08:43:53.219 [main] DEBUG org.testng.internal.Graph - [Graph] =============== DONE SORTING
08:43:53.219 [main] DEBUG org.testng.internal.Graph - [Graph] ====== SORTED NODES
08:43:53.219 [main] DEBUG org.testng.internal.Graph - [Graph] ====== END SORTED NODES
08:43:53.219 [main] DEBUG org.testng.internal.Graph - [Graph] ADDING NODE Base.tearDown(org.testng.ITestResult)[pri:0, instance:null] 2001482656
08:43:53.220 [main] DEBUG org.testng.internal.Graph - [Graph] ================ SORTING
08:43:53.220 [main] DEBUG org.testng.internal.Graph - [Graph] =============== DONE SORTING
08:43:53.220 [main] DEBUG org.testng.internal.Graph - [Graph] ====== SORTED NODES
08:43:53.220 [main] DEBUG org.testng.internal.Graph - [Graph] ====== END SORTED NODES
08:43:53.221 [main] DEBUG org.testng.internal.Graph - [Graph] ADDING NODE Base.fetchSuiteConfiguration(org.testng.ITestContext)[pri:0, instance:com.sample.modules.HomePage@7c729a55] 1779986713
08:43:53.221 [main] DEBUG org.testng.internal.Graph - [Graph] ================ SORTING
08:43:53.221 [main] DEBUG org.testng.internal.Graph - [Graph] =============== DONE SORTING
08:43:53.221 [main] DEBUG org.testng.internal.Graph - [Graph] ====== SORTED NODES
08:43:53.221 [main] DEBUG org.testng.internal.Graph - [Graph] ====== END SORTED NODES
08:43:53.223 [main] DEBUG org.testng.internal.Graph - [Graph] ADDING NODE HomePage.verifyCountryCurrencyWidget()[pri:0, instance:com.sample.modules.HomePage@7c729a55] -1894280488
08:43:53.223 [main] DEBUG org.testng.internal.Graph - [Graph] ADDING NODE HomePage.verifySearchFlight()[pri:0, instance:com.sample.modules.HomePage@7c729a55] 1639784281
08:43:53.223 [main] DEBUG org.testng.internal.Graph - [Graph] ADDING NODE HomePage.verifyAllHeaderSectionsPresent()[pri:0, instance:com.sample.modules.HomePage@7c729a55] -1734215486
08:43:53.224 [main] DEBUG org.testng.internal.Graph - [Graph] ================ SORTING
08:43:53.224 [main] DEBUG org.testng.internal.Graph - [Graph] =============== DONE SORTING
08:43:53.224 [main] DEBUG org.testng.internal.Graph - [Graph] ====== SORTED NODES
08:43:53.224 [main] DEBUG org.testng.internal.Graph - [Graph] ====== END SORTED NODES
08:43:53.225 [main] DEBUG org.testng.internal.Graph - [Graph] ADDING NODE Base.after()[pri:0, instance:com.sample.modules.HomePage@7c729a55] 1320042685
08:43:53.225 [main] DEBUG org.testng.internal.Graph - [Graph] ================ SORTING
08:43:53.225 [main] DEBUG org.testng.internal.Graph - [Graph] =============== DONE SORTING
08:43:53.225 [main] DEBUG org.testng.internal.Graph - [Graph] ====== SORTED NODES
08:43:53.225 [main] DEBUG org.testng.internal.Graph - [Graph] ====== END SORTED NODES
08:43:53.239 [main] DEBUG org.testng.internal.Graph - [Graph] ADDING NODE Base.fetchSuiteConfiguration(org.testng.ITestContext)[pri:0, instance:null] -425574212
08:43:53.239 [main] DEBUG org.testng.internal.Graph - [Graph] ================ SORTING
08:43:53.239 [main] DEBUG org.testng.internal.Graph - [Graph] =============== DONE SORTING
08:43:53.239 [main] DEBUG org.testng.internal.Graph - [Graph] ====== SORTED NODES
08:43:53.239 [main] DEBUG org.testng.internal.Graph - [Graph] ====== END SORTED NODES
08:43:53.239 [main] DEBUG org.testng.internal.Graph - [Graph] ADDING NODE Base.after()[pri:0, instance:null] -301863784
08:43:53.239 [main] DEBUG org.testng.internal.Graph - [Graph] ================ SORTING
08:43:53.239 [main] DEBUG org.testng.internal.Graph - [Graph] =============== DONE SORTING
08:43:53.240 [main] DEBUG org.testng.internal.Graph - [Graph] ====== SORTED NODES
08:43:53.240 [main] DEBUG org.testng.internal.Graph - [Graph] ====== END SORTED NODES
08:43:53.241 [main] DEBUG org.testng.internal.Graph - [Graph] ADDING NODE Base.setUp(java.lang.reflect.Method)[pri:0, instance:null] -318578857
08:43:53.241 [main] DEBUG org.testng.internal.Graph - [Graph] ================ SORTING
08:43:53.241 [main] DEBUG org.testng.internal.Graph - [Graph] =============== DONE SORTING
08:43:53.241 [main] DEBUG org.testng.internal.Graph - [Graph] ====== SORTED NODES
08:43:53.241 [main] DEBUG org.testng.internal.Graph - [Graph] ====== END SORTED NODES
08:43:53.242 [main] DEBUG org.testng.internal.Graph - [Graph] ADDING NODE Base.tearDown(org.testng.ITestResult)[pri:0, instance:null] 2001482656
08:43:53.242 [main] DEBUG org.testng.internal.Graph - [Graph] ================ SORTING
08:43:53.242 [main] DEBUG org.testng.internal.Graph - [Graph] =============== DONE SORTING
08:43:53.242 [main] DEBUG org.testng.internal.Graph - [Graph] ====== SORTED NODES
08:43:53.242 [main] DEBUG org.testng.internal.Graph - [Graph] ====== END SORTED NODES
08:43:53.242 [main] DEBUG org.testng.internal.Graph - [Graph] ADDING NODE Base.fetchSuiteConfiguration(org.testng.ITestContext)[pri:0, instance:com.sample.modules.OfferPage@7f3b84b8] 1826708348
08:43:53.242 [main] DEBUG org.testng.internal.Graph - [Graph] ================ SORTING
08:43:53.243 [main] DEBUG org.testng.internal.Graph - [Graph] =============== DONE SORTING
08:43:53.243 [main] DEBUG org.testng.internal.Graph - [Graph] ====== SORTED NODES
08:43:53.243 [main] DEBUG org.testng.internal.Graph - [Graph] ====== END SORTED NODES
08:43:53.243 [main] DEBUG org.testng.internal.Graph - [Graph] ADDING NODE OfferPage.verifyOfferPageFlightsHDFCFilter()[pri:0, instance:com.sample.modules.OfferPage@7f3b84b8] 1366275498
08:43:53.243 [main] DEBUG org.testng.internal.Graph - [Graph] ADDING NODE OfferPage.verifyOfferPageTrendingICICIFilter()[pri:0, instance:com.sample.modules.OfferPage@7f3b84b8] 360496734
08:43:53.243 [main] DEBUG org.testng.internal.Graph - [Graph] ADDING NODE OfferPage.verifyOfferPageHotelAxisFilter()[pri:0, instance:com.sample.modules.OfferPage@7f3b84b8] -98708573
08:43:53.243 [main] DEBUG org.testng.internal.Graph - [Graph] ================ SORTING
08:43:53.244 [main] DEBUG org.testng.internal.Graph - [Graph] =============== DONE SORTING
08:43:53.244 [main] DEBUG org.testng.internal.Graph - [Graph] ====== SORTED NODES
08:43:53.244 [main] DEBUG org.testng.internal.Graph - [Graph] ====== END SORTED NODES
08:43:53.244 [main] DEBUG org.testng.internal.Graph - [Graph] ADDING NODE Base.after()[pri:0, instance:com.sample.modules.OfferPage@7f3b84b8] 1366764320
08:43:53.244 [main] DEBUG org.testng.internal.Graph - [Graph] ================ SORTING
08:43:53.244 [main] DEBUG org.testng.internal.Graph - [Graph] =============== DONE SORTING
08:43:53.244 [main] DEBUG org.testng.internal.Graph - [Graph] ====== SORTED NODES
08:43:53.244 [main] DEBUG org.testng.internal.Graph - [Graph] ====== END SORTED NODES
08:43:53.403 [main] DEBUG io.netty.util.internal.logging.InternalLoggerFactory - Using SLF4J as the default logging framework
08:43:53.406 [main] DEBUG io.netty.util.ResourceLeakDetector - -Dio.netty.leakDetection.level: simple
08:43:53.406 [main] DEBUG io.netty.util.ResourceLeakDetector - -Dio.netty.leakDetection.targetRecords: 4
08:43:53.409 [main] DEBUG io.netty.util.ResourceLeakDetectorFactory - Loaded default ResourceLeakDetector: io.netty.util.ResourceLeakDetector@15a34df2
08:43:53.423 [main] DEBUG io.netty.util.internal.PlatformDependent0 - -Dio.netty.noUnsafe: false
08:43:53.423 [main] DEBUG io.netty.util.internal.PlatformDependent0 - Java version: 21
08:43:53.424 [main] DEBUG io.netty.util.internal.PlatformDependent0 - sun.misc.Unsafe.theUnsafe: available
08:43:53.425 [main] DEBUG io.netty.util.internal.PlatformDependent0 - sun.misc.Unsafe.copyMemory: available
08:43:53.425 [main] DEBUG io.netty.util.internal.PlatformDependent0 - sun.misc.Unsafe.storeFence: available
08:43:53.426 [main] DEBUG io.netty.util.internal.PlatformDependent0 - java.nio.Buffer.address: available
08:43:53.426 [main] DEBUG io.netty.util.internal.PlatformDependent0 - direct buffer constructor: unavailable: Reflective setAccessible(true) disabled
08:43:53.426 [main] DEBUG io.netty.util.internal.PlatformDependent0 - java.nio.Bits.unaligned: available, true
08:43:53.427 [main] DEBUG io.netty.util.internal.PlatformDependent0 - jdk.internal.misc.Unsafe.allocateUninitializedArray(int): unavailable: class io.netty.util.internal.PlatformDependent0$7 cannot access class jdk.internal.misc.Unsafe (in module java.base) because module java.base does not export jdk.internal.misc to unnamed module @603ee946
08:43:53.428 [main] DEBUG io.netty.util.internal.PlatformDependent0 - java.nio.DirectByteBuffer.<init>(long, {int,long}): unavailable
08:43:53.428 [main] DEBUG io.netty.util.internal.PlatformDependent - sun.misc.Unsafe: available
08:43:53.429 [main] DEBUG io.netty.util.internal.PlatformDependent - maxDirectMemory: 8589934592 bytes (maybe)
08:43:53.429 [main] DEBUG io.netty.util.internal.PlatformDependent - -Dio.netty.tmpdir: /var/folders/pb/lrccxhdn21v014jb8bt4rb_r0000gn/T (java.io.tmpdir)
08:43:53.429 [main] DEBUG io.netty.util.internal.PlatformDependent - -Dio.netty.bitMode: 64 (sun.arch.data.model)
08:43:53.429 [main] DEBUG io.netty.util.internal.PlatformDependent - Platform: MacOS
08:43:53.430 [main] DEBUG io.netty.util.internal.PlatformDependent - -Dio.netty.maxDirectMemory: -1 bytes
08:43:53.430 [main] DEBUG io.netty.util.internal.PlatformDependent - -Dio.netty.uninitializedArrayAllocationThreshold: -1
08:43:53.431 [main] DEBUG io.netty.util.internal.CleanerJava9 - java.nio.ByteBuffer.cleaner(): available
08:43:53.431 [main] DEBUG io.netty.util.internal.PlatformDependent - -Dio.netty.noPreferDirect: false
08:43:53.435 [main] DEBUG io.netty.util.internal.PlatformDependent - org.jctools-core.MpscChunkedArrayQueue: available
08:43:53.454 [main] DEBUG io.netty.util.internal.InternalThreadLocalMap - -Dio.netty.threadLocalMap.stringBuilder.initialSize: 1024
08:43:53.454 [main] DEBUG io.netty.util.internal.InternalThreadLocalMap - -Dio.netty.threadLocalMap.stringBuilder.maxSize: 4096
08:43:53.566 [main] DEBUG io.netty.handler.ssl.JdkSslContext - Default protocols (JDK): [TLSv1.3, TLSv1.2] 
08:43:53.566 [main] DEBUG io.netty.handler.ssl.JdkSslContext - Default cipher suites (JDK): [TLS_ECDHE_ECDSA_WITH_AES_256_GCM_SHA384, TLS_ECDHE_ECDSA_WITH_AES_128_GCM_SHA256, TLS_ECDHE_RSA_WITH_AES_128_GCM_SHA256, TLS_ECDHE_RSA_WITH_AES_256_GCM_SHA384, TLS_ECDHE_RSA_WITH_AES_128_CBC_SHA, TLS_ECDHE_RSA_WITH_AES_256_CBC_SHA, TLS_RSA_WITH_AES_128_GCM_SHA256, TLS_RSA_WITH_AES_128_CBC_SHA, TLS_RSA_WITH_AES_256_CBC_SHA, TLS_AES_128_GCM_SHA256, TLS_AES_256_GCM_SHA384]
08:43:53.576 [main] DEBUG io.netty.util.concurrent.GlobalEventExecutor - -Dio.netty.globalEventExecutor.quietPeriodSeconds: 1
08:43:53.587 [main] DEBUG io.netty.channel.MultithreadEventLoopGroup - -Dio.netty.eventLoopThreads: 24
08:43:53.594 [main] DEBUG io.netty.channel.nio.NioEventLoop - -Dio.netty.noKeySetOptimization: false
08:43:53.594 [main] DEBUG io.netty.channel.nio.NioEventLoop - -Dio.netty.selectorAutoRebuildThreshold: 512
08:43:53.624 [main] DEBUG io.netty.buffer.PooledByteBufAllocator - -Dio.netty.allocator.numHeapArenas: 24
08:43:53.624 [main] DEBUG io.netty.buffer.PooledByteBufAllocator - -Dio.netty.allocator.numDirectArenas: 24
08:43:53.624 [main] DEBUG io.netty.buffer.PooledByteBufAllocator - -Dio.netty.allocator.pageSize: 8192
08:43:53.624 [main] DEBUG io.netty.buffer.PooledByteBufAllocator - -Dio.netty.allocator.maxOrder: 9
08:43:53.624 [main] DEBUG io.netty.buffer.PooledByteBufAllocator - -Dio.netty.allocator.chunkSize: 4194304
08:43:53.624 [main] DEBUG io.netty.buffer.PooledByteBufAllocator - -Dio.netty.allocator.smallCacheSize: 256
08:43:53.624 [main] DEBUG io.netty.buffer.PooledByteBufAllocator - -Dio.netty.allocator.normalCacheSize: 64
08:43:53.624 [main] DEBUG io.netty.buffer.PooledByteBufAllocator - -Dio.netty.allocator.maxCachedBufferCapacity: 32768
08:43:53.624 [main] DEBUG io.netty.buffer.PooledByteBufAllocator - -Dio.netty.allocator.cacheTrimInterval: 8192
08:43:53.624 [main] DEBUG io.netty.buffer.PooledByteBufAllocator - -Dio.netty.allocator.cacheTrimIntervalMillis: 0
08:43:53.624 [main] DEBUG io.netty.buffer.PooledByteBufAllocator - -Dio.netty.allocator.useCacheForAllThreads: false
08:43:53.624 [main] DEBUG io.netty.buffer.PooledByteBufAllocator - -Dio.netty.allocator.maxCachedByteBuffersPerChunk: 1023
08:43:53.632 [main] DEBUG io.netty.buffer.ByteBufUtil - -Dio.netty.allocator.type: pooled
08:43:53.632 [main] DEBUG io.netty.buffer.ByteBufUtil - -Dio.netty.threadLocalDirectBufferSize: 0
08:43:53.633 [main] DEBUG io.netty.buffer.ByteBufUtil - -Dio.netty.maxThreadLocalCharBufferSize: 16384
08:43:53.873 [Forwarding newSession on session null to remote] DEBUG io.netty.channel.DefaultChannelId - -Dio.netty.processId: 5246 (auto-detected)
08:43:53.874 [Forwarding newSession on session null to remote] DEBUG io.netty.util.NetUtil - -Djava.net.preferIPv4Stack: false
08:43:53.874 [Forwarding newSession on session null to remote] DEBUG io.netty.util.NetUtil - -Djava.net.preferIPv6Addresses: false
08:43:53.878 [Forwarding newSession on session null to remote] DEBUG io.netty.util.NetUtilInitializations - Loopback interface: lo0 (lo0, 0:0:0:0:0:0:0:1%lo0)
08:43:53.879 [Forwarding newSession on session null to remote] DEBUG io.netty.util.NetUtil - Failed to get SOMAXCONN from sysctl and file /proc/sys/net/core/somaxconn. Default: 128
08:43:53.880 [Forwarding newSession on session null to remote] DEBUG io.netty.channel.DefaultChannelId - -Dio.netty.machineId: 38:f9:d3:ff:fe:71:60:64 (auto-detected)
08:43:53.910 [AsyncHttpClient-1-2] DEBUG io.netty.buffer.AbstractByteBuf - -Dio.netty.buffer.checkAccessible: true
08:43:53.910 [AsyncHttpClient-1-2] DEBUG io.netty.buffer.AbstractByteBuf - -Dio.netty.buffer.checkBounds: true
08:43:53.910 [AsyncHttpClient-1-2] DEBUG io.netty.util.ResourceLeakDetectorFactory - Loaded default ResourceLeakDetector: io.netty.util.ResourceLeakDetector@395ab3e
08:43:53.922 [AsyncHttpClient-1-2] DEBUG org.asynchttpclient.netty.channel.NettyConnectListener - Using new Channel '[id: 0xcbde7b24, L:/127.0.0.1:51376 - R:localhost/127.0.0.1:5338]' for 'POST' to '/session'
08:43:53.935 [AsyncHttpClient-1-2] DEBUG io.netty.util.Recycler - -Dio.netty.recycler.maxCapacityPerThread: 4096
08:43:53.935 [AsyncHttpClient-1-2] DEBUG io.netty.util.Recycler - -Dio.netty.recycler.ratio: 8
08:43:53.935 [AsyncHttpClient-1-2] DEBUG io.netty.util.Recycler - -Dio.netty.recycler.chunkSize: 32
08:43:53.935 [AsyncHttpClient-1-2] DEBUG io.netty.util.Recycler - -Dio.netty.recycler.blocking: false
08:43:53.935 [AsyncHttpClient-1-2] DEBUG io.netty.util.Recycler - -Dio.netty.recycler.batchFastThreadLocalOnly: true
08:43:55.103 [AsyncHttpClient-1-2] DEBUG io.netty.handler.codec.compression.Brotli - brotli4j not in the classpath; Brotli support will be unavailable.
08:43:55.103 [AsyncHttpClient-1-2] DEBUG org.asynchttpclient.netty.handler.HttpHandler - 

Request DefaultHttpRequest(decodeResult: success, version: HTTP/1.1)
POST /session HTTP/1.1
User-Agent: selenium/4.13.0 (java mac)
Content-Length: 291
Content-Type: application/json; charset=utf-8
host: localhost:5338
accept: */*

Response DefaultHttpResponse(decodeResult: success, version: HTTP/1.1)
HTTP/1.1 200 OK
Content-Length: 891
Content-Type: application/json; charset=utf-8
cache-control: no-cache

08:43:55.110 [AsyncHttpClient-1-2] DEBUG org.asynchttpclient.netty.channel.ChannelManager - Adding key: http://localhost:5338 for channel [id: 0xcbde7b24, L:/127.0.0.1:51376 - R:localhost/127.0.0.1:5338]
08:43:55.205 [AsyncHttpClient-1-3] DEBUG org.asynchttpclient.netty.channel.NettyConnectListener - Using new Channel '[id: 0x5dfd4846, L:/127.0.0.1:51381 - R:localhost/127.0.0.1:51377]' for 'GET' to '/json/version'
08:43:55.209 [AsyncHttpClient-1-3] DEBUG org.asynchttpclient.netty.handler.HttpHandler - 

Request DefaultFullHttpRequest(decodeResult: success, version: HTTP/1.1, content: EmptyByteBufBE)
GET /json/version HTTP/1.1
User-Agent: selenium/4.13.0 (java mac)
host: localhost:51377
accept: */*

Response DefaultHttpResponse(decodeResult: success, version: HTTP/1.1)
HTTP/1.1 200 OK
Content-Security-Policy: frame-ancestors 'none'
Content-Length: 422
Content-Type: application/json; charset=UTF-8

08:43:55.209 [AsyncHttpClient-1-3] DEBUG org.asynchttpclient.netty.channel.ChannelManager - Adding key: http://localhost:51377 for channel [id: 0x5dfd4846, L:/127.0.0.1:51381 - R:localhost/127.0.0.1:51377]
08:43:55.222 [main] DEBUG io.netty.util.internal.ThreadLocalRandom - -Dio.netty.initialSeedUniquifier: 0x1db97725a2002595
08:43:55.224 [AsyncHttpClient-1-4] DEBUG org.asynchttpclient.netty.channel.NettyConnectListener - Using new Channel '[id: 0x5a6cd9f3, L:/127.0.0.1:51382 - R:localhost/127.0.0.1:51377]' for 'GET' to '/devtools/browser/ac8ac3da-b7cd-4bcd-94e1-db419c59d333'
08:43:55.228 [AsyncHttpClient-1-4] DEBUG org.asynchttpclient.netty.handler.WebSocketHandler - 

Request DefaultFullHttpRequest(decodeResult: success, version: HTTP/1.1, content: EmptyByteBufBE)
GET /devtools/browser/ac8ac3da-b7cd-4bcd-94e1-db419c59d333 HTTP/1.1
upgrade: websocket
connection: upgrade
sec-websocket-key: NCuL9+SUAPIiQ7NRFnKHuw==
sec-websocket-version: 13
origin: http://localhost:51377
host: localhost:51377
accept: */*
user-agent: AHC/2.1

Response DefaultHttpResponse(decodeResult: success, version: HTTP/1.1)
HTTP/1.1 101 WebSocket Protocol Handshake
Upgrade: WebSocket
Connection: Upgrade
Sec-WebSocket-Accept: XlnHZNn/5esRww4s9TApEU/ojZU=

08:43:55.290 [Forwarding maximizeCurrentWindow on session 006865369629cac3fdf9a79464323834 to remote] DEBUG org.asynchttpclient.netty.request.NettyRequestSender - Using pooled Channel '[id: 0xcbde7b24, L:/127.0.0.1:51376 - R:localhost/127.0.0.1:5338]' for 'POST' to 'http://localhost:5338/session/006865369629cac3fdf9a79464323834/window/maximize'
08:43:55.290 [Forwarding maximizeCurrentWindow on session 006865369629cac3fdf9a79464323834 to remote] DEBUG org.asynchttpclient.netty.request.NettyRequestSender - Using open Channel [id: 0xcbde7b24, L:/127.0.0.1:51376 - R:localhost/127.0.0.1:5338] for POST '/session/006865369629cac3fdf9a79464323834/window/maximize'
08:43:55.743 [AsyncHttpClient-1-1] DEBUG org.asynchttpclient.netty.channel.DefaultChannelPool - Entry count for : http://localhost:51377 : 1
08:43:55.758 [AsyncHttpClient-1-2] DEBUG org.asynchttpclient.netty.handler.HttpHandler - 

Request DefaultHttpRequest(decodeResult: success, version: HTTP/1.1)
POST /session/006865369629cac3fdf9a79464323834/window/maximize HTTP/1.1
User-Agent: selenium/4.13.0 (java mac)
Content-Length: 3
Content-Type: application/json; charset=utf-8
host: localhost:5338
accept: */*

Response DefaultHttpResponse(decodeResult: success, version: HTTP/1.1)
HTTP/1.1 200 OK
Content-Length: 50
Content-Type: application/json; charset=utf-8
cache-control: no-cache

08:43:55.758 [AsyncHttpClient-1-2] DEBUG org.asynchttpclient.netty.channel.ChannelManager - Adding key: http://localhost:5338 for channel [id: 0xcbde7b24, L:/127.0.0.1:51376 - R:localhost/127.0.0.1:5338]
08:43:55.761 [Forwarding get on session 006865369629cac3fdf9a79464323834 to remote] DEBUG org.asynchttpclient.netty.request.NettyRequestSender - Using pooled Channel '[id: 0xcbde7b24, L:/127.0.0.1:51376 - R:localhost/127.0.0.1:5338]' for 'POST' to 'http://localhost:5338/session/006865369629cac3fdf9a79464323834/url'
08:43:55.761 [Forwarding get on session 006865369629cac3fdf9a79464323834 to remote] DEBUG org.asynchttpclient.netty.request.NettyRequestSender - Using open Channel [id: 0xcbde7b24, L:/127.0.0.1:51376 - R:localhost/127.0.0.1:5338] for POST '/session/006865369629cac3fdf9a79464323834/url'
08:43:56.843 [AsyncHttpClient-1-1] DEBUG org.asynchttpclient.netty.channel.DefaultChannelPool - Entry count for : http://localhost:51377 : 1
08:43:57.939 [AsyncHttpClient-1-1] DEBUG org.asynchttpclient.netty.channel.DefaultChannelPool - Entry count for : http://localhost:51377 : 1
08:43:58.690 [AsyncHttpClient-1-2] DEBUG org.asynchttpclient.netty.handler.HttpHandler - 

Request DefaultHttpRequest(decodeResult: success, version: HTTP/1.1)
POST /session/006865369629cac3fdf9a79464323834/url HTTP/1.1
User-Agent: selenium/4.13.0 (java mac)
Content-Length: 57
Content-Type: application/json; charset=utf-8
host: localhost:5338
accept: */*

Response DefaultHttpResponse(decodeResult: success, version: HTTP/1.1)
HTTP/1.1 200 OK
Content-Length: 14
Content-Type: application/json; charset=utf-8
cache-control: no-cache

08:43:58.690 [AsyncHttpClient-1-2] DEBUG org.asynchttpclient.netty.channel.ChannelManager - Adding key: http://localhost:5338 for channel [id: 0xcbde7b24, L:/127.0.0.1:51376 - R:localhost/127.0.0.1:5338]
Step 1 : Open URL - https://www.makemytrip.com/
08:43:59.039 [AsyncHttpClient-1-1] DEBUG org.asynchttpclient.netty.channel.DefaultChannelPool - Entry count for : http://localhost:5338 : 1
08:43:59.039 [AsyncHttpClient-1-1] DEBUG org.asynchttpclient.netty.channel.DefaultChannelPool - Entry count for : http://localhost:51377 : 1
08:44:00.143 [AsyncHttpClient-1-1] DEBUG org.asynchttpclient.netty.channel.DefaultChannelPool - Entry count for : http://localhost:5338 : 1
08:44:00.144 [AsyncHttpClient-1-1] DEBUG org.asynchttpclient.netty.channel.DefaultChannelPool - Entry count for : http://localhost:51377 : 1
Step 2 : Verify mmt logo present.
08:44:00.697 [Forwarding findElement on session 006865369629cac3fdf9a79464323834 to remote] DEBUG org.asynchttpclient.netty.request.NettyRequestSender - Using pooled Channel '[id: 0xcbde7b24, L:/127.0.0.1:51376 - R:localhost/127.0.0.1:5338]' for 'POST' to 'http://localhost:5338/session/006865369629cac3fdf9a79464323834/element'
08:44:00.697 [Forwarding findElement on session 006865369629cac3fdf9a79464323834 to remote] DEBUG org.asynchttpclient.netty.request.NettyRequestSender - Using open Channel [id: 0xcbde7b24, L:/127.0.0.1:51376 - R:localhost/127.0.0.1:5338] for POST '/session/006865369629cac3fdf9a79464323834/element'
08:44:00.711 [AsyncHttpClient-1-2] DEBUG org.asynchttpclient.netty.handler.HttpHandler - 

Request DefaultHttpRequest(decodeResult: success, version: HTTP/1.1)
POST /session/006865369629cac3fdf9a79464323834/element HTTP/1.1
User-Agent: selenium/4.13.0 (java mac)
Content-Length: 78
Content-Type: application/json; charset=utf-8
host: localhost:5338
accept: */*

Response DefaultHttpResponse(decodeResult: success, version: HTTP/1.1)
HTTP/1.1 200 OK
Content-Length: 95
Content-Type: application/json; charset=utf-8
cache-control: no-cache

08:44:00.711 [AsyncHttpClient-1-2] DEBUG org.asynchttpclient.netty.channel.ChannelManager - Adding key: http://localhost:5338 for channel [id: 0xcbde7b24, L:/127.0.0.1:51376 - R:localhost/127.0.0.1:5338]
08:44:00.716 [Forwarding executeScript on session 006865369629cac3fdf9a79464323834 to remote] DEBUG org.asynchttpclient.netty.request.NettyRequestSender - Using pooled Channel '[id: 0xcbde7b24, L:/127.0.0.1:51376 - R:localhost/127.0.0.1:5338]' for 'POST' to 'http://localhost:5338/session/006865369629cac3fdf9a79464323834/execute/sync'
08:44:00.716 [Forwarding executeScript on session 006865369629cac3fdf9a79464323834 to remote] DEBUG org.asynchttpclient.netty.request.NettyRequestSender - Using open Channel [id: 0xcbde7b24, L:/127.0.0.1:51376 - R:localhost/127.0.0.1:5338] for POST '/session/006865369629cac3fdf9a79464323834/execute/sync'
08:44:00.726 [AsyncHttpClient-1-2] DEBUG org.asynchttpclient.netty.handler.HttpHandler - 

Request DefaultHttpRequest(decodeResult: success, version: HTTP/1.1)
POST /session/006865369629cac3fdf9a79464323834/execute/sync HTTP/1.1
User-Agent: selenium/4.13.0 (java mac)
Content-Length: 179
Content-Type: application/json; charset=utf-8
host: localhost:5338
accept: */*

Response DefaultHttpResponse(decodeResult: success, version: HTTP/1.1)
HTTP/1.1 200 OK
Content-Length: 14
Content-Type: application/json; charset=utf-8
cache-control: no-cache

08:44:00.726 [AsyncHttpClient-1-2] DEBUG org.asynchttpclient.netty.channel.ChannelManager - Adding key: http://localhost:5338 for channel [id: 0xcbde7b24, L:/127.0.0.1:51376 - R:localhost/127.0.0.1:5338]
08:44:00.736 [Forwarding isElementDisplayed on session 006865369629cac3fdf9a79464323834 to remote] DEBUG org.asynchttpclient.netty.request.NettyRequestSender - Using pooled Channel '[id: 0xcbde7b24, L:/127.0.0.1:51376 - R:localhost/127.0.0.1:5338]' for 'POST' to 'http://localhost:5338/session/006865369629cac3fdf9a79464323834/execute/sync'
08:44:00.736 [Forwarding isElementDisplayed on session 006865369629cac3fdf9a79464323834 to remote] DEBUG org.asynchttpclient.netty.request.NettyRequestSender - Using open Channel [id: 0xcbde7b24, L:/127.0.0.1:51376 - R:localhost/127.0.0.1:5338] for POST '/session/006865369629cac3fdf9a79464323834/execute/sync'
08:44:00.752 [AsyncHttpClient-1-2] DEBUG org.asynchttpclient.netty.handler.HttpHandler - 

Request DefaultHttpRequest(decodeResult: success, version: HTTP/1.1)
POST /session/006865369629cac3fdf9a79464323834/execute/sync HTTP/1.1
User-Agent: selenium/4.13.0 (java mac)
Content-Length: 48814
Content-Type: application/json; charset=utf-8
host: localhost:5338
accept: */*

Response DefaultHttpResponse(decodeResult: success, version: HTTP/1.1)
HTTP/1.1 200 OK
Content-Length: 14
Content-Type: application/json; charset=utf-8
cache-control: no-cache

08:44:00.752 [AsyncHttpClient-1-2] DEBUG org.asynchttpclient.netty.channel.ChannelManager - Adding key: http://localhost:5338 for channel [id: 0xcbde7b24, L:/127.0.0.1:51376 - R:localhost/127.0.0.1:5338]
Step 3 : Verify mmt login section present.
08:44:00.756 [Forwarding findElement on session 006865369629cac3fdf9a79464323834 to remote] DEBUG org.asynchttpclient.netty.request.NettyRequestSender - Using pooled Channel '[id: 0xcbde7b24, L:/127.0.0.1:51376 - R:localhost/127.0.0.1:5338]' for 'POST' to 'http://localhost:5338/session/006865369629cac3fdf9a79464323834/element'
08:44:00.756 [Forwarding findElement on session 006865369629cac3fdf9a79464323834 to remote] DEBUG org.asynchttpclient.netty.request.NettyRequestSender - Using open Channel [id: 0xcbde7b24, L:/127.0.0.1:51376 - R:localhost/127.0.0.1:5338] for POST '/session/006865369629cac3fdf9a79464323834/element'
08:44:00.768 [AsyncHttpClient-1-2] DEBUG org.asynchttpclient.netty.handler.HttpHandler - 

Request DefaultHttpRequest(decodeResult: success, version: HTTP/1.1)
POST /session/006865369629cac3fdf9a79464323834/element HTTP/1.1
User-Agent: selenium/4.13.0 (java mac)
Content-Length: 85
Content-Type: application/json; charset=utf-8
host: localhost:5338
accept: */*

Response DefaultHttpResponse(decodeResult: success, version: HTTP/1.1)
HTTP/1.1 200 OK
Content-Length: 95
Content-Type: application/json; charset=utf-8
cache-control: no-cache

08:44:00.768 [AsyncHttpClient-1-2] DEBUG org.asynchttpclient.netty.channel.ChannelManager - Adding key: http://localhost:5338 for channel [id: 0xcbde7b24, L:/127.0.0.1:51376 - R:localhost/127.0.0.1:5338]
08:44:00.770 [Forwarding executeScript on session 006865369629cac3fdf9a79464323834 to remote] DEBUG org.asynchttpclient.netty.request.NettyRequestSender - Using pooled Channel '[id: 0xcbde7b24, L:/127.0.0.1:51376 - R:localhost/127.0.0.1:5338]' for 'POST' to 'http://localhost:5338/session/006865369629cac3fdf9a79464323834/execute/sync'
08:44:00.770 [Forwarding executeScript on session 006865369629cac3fdf9a79464323834 to remote] DEBUG org.asynchttpclient.netty.request.NettyRequestSender - Using open Channel [id: 0xcbde7b24, L:/127.0.0.1:51376 - R:localhost/127.0.0.1:5338] for POST '/session/006865369629cac3fdf9a79464323834/execute/sync'
08:44:00.775 [AsyncHttpClient-1-2] DEBUG org.asynchttpclient.netty.handler.HttpHandler - 

Request DefaultHttpRequest(decodeResult: success, version: HTTP/1.1)
POST /session/006865369629cac3fdf9a79464323834/execute/sync HTTP/1.1
User-Agent: selenium/4.13.0 (java mac)
Content-Length: 179
Content-Type: application/json; charset=utf-8
host: localhost:5338
accept: */*

Response DefaultHttpResponse(decodeResult: success, version: HTTP/1.1)
HTTP/1.1 200 OK
Content-Length: 14
Content-Type: application/json; charset=utf-8
cache-control: no-cache

08:44:00.776 [AsyncHttpClient-1-2] DEBUG org.asynchttpclient.netty.channel.ChannelManager - Adding key: http://localhost:5338 for channel [id: 0xcbde7b24, L:/127.0.0.1:51376 - R:localhost/127.0.0.1:5338]
08:44:00.780 [Forwarding isElementDisplayed on session 006865369629cac3fdf9a79464323834 to remote] DEBUG org.asynchttpclient.netty.request.NettyRequestSender - Using pooled Channel '[id: 0xcbde7b24, L:/127.0.0.1:51376 - R:localhost/127.0.0.1:5338]' for 'POST' to 'http://localhost:5338/session/006865369629cac3fdf9a79464323834/execute/sync'
08:44:00.780 [Forwarding isElementDisplayed on session 006865369629cac3fdf9a79464323834 to remote] DEBUG org.asynchttpclient.netty.request.NettyRequestSender - Using open Channel [id: 0xcbde7b24, L:/127.0.0.1:51376 - R:localhost/127.0.0.1:5338] for POST '/session/006865369629cac3fdf9a79464323834/execute/sync'
08:44:00.794 [AsyncHttpClient-1-2] DEBUG org.asynchttpclient.netty.handler.HttpHandler - 

Request DefaultHttpRequest(decodeResult: success, version: HTTP/1.1)
POST /session/006865369629cac3fdf9a79464323834/execute/sync HTTP/1.1
User-Agent: selenium/4.13.0 (java mac)
Content-Length: 48814
Content-Type: application/json; charset=utf-8
host: localhost:5338
accept: */*

Response DefaultHttpResponse(decodeResult: success, version: HTTP/1.1)
HTTP/1.1 200 OK
Content-Length: 14
Content-Type: application/json; charset=utf-8
cache-control: no-cache

08:44:00.795 [AsyncHttpClient-1-2] DEBUG org.asynchttpclient.netty.channel.ChannelManager - Adding key: http://localhost:5338 for channel [id: 0xcbde7b24, L:/127.0.0.1:51376 - R:localhost/127.0.0.1:5338]
Step 4 : Verify mmt country & currency selection dropdown present.
08:44:00.797 [Forwarding findElement on session 006865369629cac3fdf9a79464323834 to remote] DEBUG org.asynchttpclient.netty.request.NettyRequestSender - Using pooled Channel '[id: 0xcbde7b24, L:/127.0.0.1:51376 - R:localhost/127.0.0.1:5338]' for 'POST' to 'http://localhost:5338/session/006865369629cac3fdf9a79464323834/element'
08:44:00.797 [Forwarding findElement on session 006865369629cac3fdf9a79464323834 to remote] DEBUG org.asynchttpclient.netty.request.NettyRequestSender - Using open Channel [id: 0xcbde7b24, L:/127.0.0.1:51376 - R:localhost/127.0.0.1:5338] for POST '/session/006865369629cac3fdf9a79464323834/element'
08:44:00.817 [AsyncHttpClient-1-2] DEBUG org.asynchttpclient.netty.handler.HttpHandler - 

Request DefaultHttpRequest(decodeResult: success, version: HTTP/1.1)
POST /session/006865369629cac3fdf9a79464323834/element HTTP/1.1
User-Agent: selenium/4.13.0 (java mac)
Content-Length: 81
Content-Type: application/json; charset=utf-8
host: localhost:5338
accept: */*

Response DefaultHttpResponse(decodeResult: success, version: HTTP/1.1)
HTTP/1.1 200 OK
Content-Length: 95
Content-Type: application/json; charset=utf-8
cache-control: no-cache

08:44:00.817 [AsyncHttpClient-1-2] DEBUG org.asynchttpclient.netty.channel.ChannelManager - Adding key: http://localhost:5338 for channel [id: 0xcbde7b24, L:/127.0.0.1:51376 - R:localhost/127.0.0.1:5338]
08:44:00.819 [Forwarding executeScript on session 006865369629cac3fdf9a79464323834 to remote] DEBUG org.asynchttpclient.netty.request.NettyRequestSender - Using pooled Channel '[id: 0xcbde7b24, L:/127.0.0.1:51376 - R:localhost/127.0.0.1:5338]' for 'POST' to 'http://localhost:5338/session/006865369629cac3fdf9a79464323834/execute/sync'
08:44:00.819 [Forwarding executeScript on session 006865369629cac3fdf9a79464323834 to remote] DEBUG org.asynchttpclient.netty.request.NettyRequestSender - Using open Channel [id: 0xcbde7b24, L:/127.0.0.1:51376 - R:localhost/127.0.0.1:5338] for POST '/session/006865369629cac3fdf9a79464323834/execute/sync'
08:44:00.832 [AsyncHttpClient-1-2] DEBUG org.asynchttpclient.netty.handler.HttpHandler - 

Request DefaultHttpRequest(decodeResult: success, version: HTTP/1.1)
POST /session/006865369629cac3fdf9a79464323834/execute/sync HTTP/1.1
User-Agent: selenium/4.13.0 (java mac)
Content-Length: 179
Content-Type: application/json; charset=utf-8
host: localhost:5338
accept: */*

Response DefaultHttpResponse(decodeResult: success, version: HTTP/1.1)
HTTP/1.1 200 OK
Content-Length: 14
Content-Type: application/json; charset=utf-8
cache-control: no-cache

08:44:00.832 [AsyncHttpClient-1-2] DEBUG org.asynchttpclient.netty.channel.ChannelManager - Adding key: http://localhost:5338 for channel [id: 0xcbde7b24, L:/127.0.0.1:51376 - R:localhost/127.0.0.1:5338]
08:44:00.835 [Forwarding isElementDisplayed on session 006865369629cac3fdf9a79464323834 to remote] DEBUG org.asynchttpclient.netty.request.NettyRequestSender - Using pooled Channel '[id: 0xcbde7b24, L:/127.0.0.1:51376 - R:localhost/127.0.0.1:5338]' for 'POST' to 'http://localhost:5338/session/006865369629cac3fdf9a79464323834/execute/sync'
08:44:00.835 [Forwarding isElementDisplayed on session 006865369629cac3fdf9a79464323834 to remote] DEBUG org.asynchttpclient.netty.request.NettyRequestSender - Using open Channel [id: 0xcbde7b24, L:/127.0.0.1:51376 - R:localhost/127.0.0.1:5338] for POST '/session/006865369629cac3fdf9a79464323834/execute/sync'
08:44:00.847 [AsyncHttpClient-1-2] DEBUG org.asynchttpclient.netty.handler.HttpHandler - 

Request DefaultHttpRequest(decodeResult: success, version: HTTP/1.1)
POST /session/006865369629cac3fdf9a79464323834/execute/sync HTTP/1.1
User-Agent: selenium/4.13.0 (java mac)
Content-Length: 48814
Content-Type: application/json; charset=utf-8
host: localhost:5338
accept: */*

Response DefaultHttpResponse(decodeResult: success, version: HTTP/1.1)
HTTP/1.1 200 OK
Content-Length: 14
Content-Type: application/json; charset=utf-8
cache-control: no-cache

08:44:00.847 [AsyncHttpClient-1-2] DEBUG org.asynchttpclient.netty.channel.ChannelManager - Adding key: http://localhost:5338 for channel [id: 0xcbde7b24, L:/127.0.0.1:51376 - R:localhost/127.0.0.1:5338]
Step 5 : Verify mmt search section present.
08:44:00.848 [Forwarding findElement on session 006865369629cac3fdf9a79464323834 to remote] DEBUG org.asynchttpclient.netty.request.NettyRequestSender - Using pooled Channel '[id: 0xcbde7b24, L:/127.0.0.1:51376 - R:localhost/127.0.0.1:5338]' for 'POST' to 'http://localhost:5338/session/006865369629cac3fdf9a79464323834/element'
08:44:00.848 [Forwarding findElement on session 006865369629cac3fdf9a79464323834 to remote] DEBUG org.asynchttpclient.netty.request.NettyRequestSender - Using open Channel [id: 0xcbde7b24, L:/127.0.0.1:51376 - R:localhost/127.0.0.1:5338] for POST '/session/006865369629cac3fdf9a79464323834/element'
08:44:00.856 [AsyncHttpClient-1-2] DEBUG org.asynchttpclient.netty.handler.HttpHandler - 

Request DefaultHttpRequest(decodeResult: success, version: HTTP/1.1)
POST /session/006865369629cac3fdf9a79464323834/element HTTP/1.1
User-Agent: selenium/4.13.0 (java mac)
Content-Length: 81
Content-Type: application/json; charset=utf-8
host: localhost:5338
accept: */*

Response DefaultHttpResponse(decodeResult: success, version: HTTP/1.1)
HTTP/1.1 200 OK
Content-Length: 95
Content-Type: application/json; charset=utf-8
cache-control: no-cache

08:44:00.856 [AsyncHttpClient-1-2] DEBUG org.asynchttpclient.netty.channel.ChannelManager - Adding key: http://localhost:5338 for channel [id: 0xcbde7b24, L:/127.0.0.1:51376 - R:localhost/127.0.0.1:5338]
08:44:00.858 [Forwarding executeScript on session 006865369629cac3fdf9a79464323834 to remote] DEBUG org.asynchttpclient.netty.request.NettyRequestSender - Using pooled Channel '[id: 0xcbde7b24, L:/127.0.0.1:51376 - R:localhost/127.0.0.1:5338]' for 'POST' to 'http://localhost:5338/session/006865369629cac3fdf9a79464323834/execute/sync'
08:44:00.858 [Forwarding executeScript on session 006865369629cac3fdf9a79464323834 to remote] DEBUG org.asynchttpclient.netty.request.NettyRequestSender - Using open Channel [id: 0xcbde7b24, L:/127.0.0.1:51376 - R:localhost/127.0.0.1:5338] for POST '/session/006865369629cac3fdf9a79464323834/execute/sync'
08:44:00.863 [AsyncHttpClient-1-2] DEBUG org.asynchttpclient.netty.handler.HttpHandler - 

Request DefaultHttpRequest(decodeResult: success, version: HTTP/1.1)
POST /session/006865369629cac3fdf9a79464323834/execute/sync HTTP/1.1
User-Agent: selenium/4.13.0 (java mac)
Content-Length: 179
Content-Type: application/json; charset=utf-8
host: localhost:5338
accept: */*

Response DefaultHttpResponse(decodeResult: success, version: HTTP/1.1)
HTTP/1.1 200 OK
Content-Length: 14
Content-Type: application/json; charset=utf-8
cache-control: no-cache

08:44:00.863 [AsyncHttpClient-1-2] DEBUG org.asynchttpclient.netty.channel.ChannelManager - Adding key: http://localhost:5338 for channel [id: 0xcbde7b24, L:/127.0.0.1:51376 - R:localhost/127.0.0.1:5338]
08:44:00.866 [Forwarding isElementDisplayed on session 006865369629cac3fdf9a79464323834 to remote] DEBUG org.asynchttpclient.netty.request.NettyRequestSender - Using pooled Channel '[id: 0xcbde7b24, L:/127.0.0.1:51376 - R:localhost/127.0.0.1:5338]' for 'POST' to 'http://localhost:5338/session/006865369629cac3fdf9a79464323834/execute/sync'
08:44:00.866 [Forwarding isElementDisplayed on session 006865369629cac3fdf9a79464323834 to remote] DEBUG org.asynchttpclient.netty.request.NettyRequestSender - Using open Channel [id: 0xcbde7b24, L:/127.0.0.1:51376 - R:localhost/127.0.0.1:5338] for POST '/session/006865369629cac3fdf9a79464323834/execute/sync'
08:44:00.874 [AsyncHttpClient-1-2] DEBUG org.asynchttpclient.netty.handler.HttpHandler - 

Request DefaultHttpRequest(decodeResult: success, version: HTTP/1.1)
POST /session/006865369629cac3fdf9a79464323834/execute/sync HTTP/1.1
User-Agent: selenium/4.13.0 (java mac)
Content-Length: 48814
Content-Type: application/json; charset=utf-8
host: localhost:5338
accept: */*

Response DefaultHttpResponse(decodeResult: success, version: HTTP/1.1)
HTTP/1.1 200 OK
Content-Length: 14
Content-Type: application/json; charset=utf-8
cache-control: no-cache

08:44:00.875 [AsyncHttpClient-1-2] DEBUG org.asynchttpclient.netty.channel.ChannelManager - Adding key: http://localhost:5338 for channel [id: 0xcbde7b24, L:/127.0.0.1:51376 - R:localhost/127.0.0.1:5338]
]]></system-out>
    <system-err><![CDATA[Jan 14, 2024 8:43:55 AM org.openqa.selenium.devtools.CdpVersionFinder findNearestMatch
WARNING: Unable to find an exact match for CDP version 120, so returning the closest version found: 117
]]></system-err>
  </testcase>
  <testcase name="verifyCountryCurrencyWidget" classname="com.sample.modules.HomePage" time="1.979">
    <failure message="expected [USA] but found [IN]" type="java.lang.AssertionError"><![CDATA[java.lang.AssertionError: expected [USA] but found [IN]
	at org.testng.Assert.fail(Assert.java:110)
	at org.testng.Assert.failNotEquals(Assert.java:1413)
	at org.testng.Assert.assertEqualsImpl(Assert.java:149)
	at org.testng.Assert.assertEquals(Assert.java:131)
	at org.testng.Assert.assertEquals(Assert.java:643)
	at com.sample.utils.Common.assertTwoValuesAreEqual(Common.java:109)
	at com.sample.modules.HomePage.verifyCountryCurrencyWidget(HomePage.java:50)
	at java.base/jdk.internal.reflect.DirectMethodHandleAccessor.invoke(DirectMethodHandleAccessor.java:103)
	at java.base/java.lang.reflect.Method.invoke(Method.java:580)
	at org.testng.internal.invokers.MethodInvocationHelper.invokeMethod(MethodInvocationHelper.java:135)
	at org.testng.internal.invokers.TestInvoker.invokeMethod(TestInvoker.java:673)
	at org.testng.internal.invokers.TestInvoker.invokeTestMethod(TestInvoker.java:220)
	at org.testng.internal.invokers.MethodRunner.runInSequence(MethodRunner.java:50)
	at org.testng.internal.invokers.TestInvoker$MethodInvocationAgent.invoke(TestInvoker.java:945)
	at org.testng.internal.invokers.TestInvoker.invokeTestMethods(TestInvoker.java:193)
	at org.testng.internal.invokers.TestMethodWorker.invokeTestMethods(TestMethodWorker.java:146)
	at org.testng.internal.invokers.TestMethodWorker.run(TestMethodWorker.java:128)
	at java.base/java.util.ArrayList.forEach(ArrayList.java:1596)
	at org.testng.TestRunner.privateRun(TestRunner.java:808)
	at org.testng.TestRunner.run(TestRunner.java:603)
	at org.testng.SuiteRunner.runTest(SuiteRunner.java:429)
	at org.testng.SuiteRunner.runSequentially(SuiteRunner.java:423)
	at org.testng.SuiteRunner.privateRun(SuiteRunner.java:383)
	at org.testng.SuiteRunner.run(SuiteRunner.java:326)
	at org.testng.SuiteRunnerWorker.runSuite(SuiteRunnerWorker.java:52)
	at org.testng.SuiteRunnerWorker.run(SuiteRunnerWorker.java:95)
	at org.testng.TestNG.runSuitesSequentially(TestNG.java:1249)
	at org.testng.TestNG.runSuitesLocally(TestNG.java:1169)
	at org.testng.TestNG.runSuites(TestNG.java:1092)
	at org.testng.TestNG.run(TestNG.java:1060)
	at org.apache.maven.surefire.testng.TestNGExecutor.run(TestNGExecutor.java:308)
	at org.apache.maven.surefire.testng.TestNGXmlTestSuite.execute(TestNGXmlTestSuite.java:71)
	at org.apache.maven.surefire.testng.TestNGProvider.invoke(TestNGProvider.java:113)
	at org.apache.maven.surefire.booter.ForkedBooter.runSuitesInProcess(ForkedBooter.java:385)
	at org.apache.maven.surefire.booter.ForkedBooter.execute(ForkedBooter.java:162)
	at org.apache.maven.surefire.booter.ForkedBooter.run(ForkedBooter.java:507)
	at org.apache.maven.surefire.booter.ForkedBooter.main(ForkedBooter.java:495)
]]></failure>
    <system-out><![CDATA[<font color=238E23><strong><i> PASS : verifyAllHeaderSectionsPresent</i></strong></font>
Total testcases:-1
Total passed testcases:-1
Total failed testcases:-0
08:44:00.883 [Driver Command Executor] DEBUG org.asynchttpclient.netty.request.NettyRequestSender - Using pooled Channel '[id: 0xcbde7b24, L:/127.0.0.1:51376 - R:localhost/127.0.0.1:5338]' for 'DELETE' to 'http://localhost:5338/session/006865369629cac3fdf9a79464323834'
08:44:00.883 [Driver Command Executor] DEBUG org.asynchttpclient.netty.request.NettyRequestSender - Using open Channel [id: 0xcbde7b24, L:/127.0.0.1:51376 - R:localhost/127.0.0.1:5338] for DELETE '/session/006865369629cac3fdf9a79464323834'
08:44:00.906 [AsyncHttpClient-1-3] DEBUG org.asynchttpclient.netty.handler.HttpHandler - Channel Closed: [id: 0x5dfd4846, L:/127.0.0.1:51381 ! R:localhost/127.0.0.1:51377] with attribute DISCARD
08:44:00.910 [AsyncHttpClient-1-4] DEBUG org.asynchttpclient.netty.handler.WebSocketHandler - Unexpected I/O exception on channel [id: 0x5a6cd9f3, L:/127.0.0.1:51382 - R:localhost/127.0.0.1:51377]
java.net.SocketException: Connection reset
	at java.base/sun.nio.ch.SocketChannelImpl.throwConnectionReset(SocketChannelImpl.java:401)
	at java.base/sun.nio.ch.SocketChannelImpl.read(SocketChannelImpl.java:434)
	at io.netty.buffer.PooledByteBuf.setBytes(PooledByteBuf.java:254)
	at io.netty.buffer.AbstractByteBuf.writeBytes(AbstractByteBuf.java:1132)
	at io.netty.channel.socket.nio.NioSocketChannel.doReadBytes(NioSocketChannel.java:357)
	at io.netty.channel.nio.AbstractNioByteChannel$NioByteUnsafe.read(AbstractNioByteChannel.java:151)
	at io.netty.channel.nio.NioEventLoop.processSelectedKey(NioEventLoop.java:788)
	at io.netty.channel.nio.NioEventLoop.processSelectedKeysOptimized(NioEventLoop.java:724)
	at io.netty.channel.nio.NioEventLoop.processSelectedKeys(NioEventLoop.java:650)
	at io.netty.channel.nio.NioEventLoop.run(NioEventLoop.java:562)
	at io.netty.util.concurrent.SingleThreadEventExecutor$4.run(SingleThreadEventExecutor.java:997)
	at io.netty.util.internal.ThreadExecutorMap$2.run(ThreadExecutorMap.java:74)
	at io.netty.util.concurrent.FastThreadLocalRunnable.run(FastThreadLocalRunnable.java:30)
	at java.base/java.lang.Thread.run(Thread.java:1583)
08:44:00.914 [AsyncHttpClient-1-4] DEBUG org.asynchttpclient.netty.handler.WebSocketHandler - Was unable to recover Future: NettyResponseFuture{currentRetry=0,
	isDone=1,
	isCancelled=0,
	asyncHandler=org.asynchttpclient.ws.WebSocketUpgradeHandler@214f1209,
	nettyRequest=org.asynchttpclient.netty.request.NettyRequest@64909b4f,
	future=java.util.concurrent.CompletableFuture@44137861[Completed normally],
	uri=ws://localhost:51377/devtools/browser/ac8ac3da-b7cd-4bcd-94e1-db419c59d333,
	keepAlive=true,
	redirectCount=0,
	timeoutsHolder=null,
	inAuth=0,
	touch=1705202040911}
08:44:00.914 [AsyncHttpClient-1-4] DEBUG org.asynchttpclient.netty.channel.ChannelManager - Closing Channel [id: 0x5a6cd9f3, L:/127.0.0.1:51382 - R:localhost/127.0.0.1:51377] 
08:44:00.914 [AsyncHttpClient-1-4] WARN org.asynchttpclient.netty.handler.WebSocketHandler - onError
java.net.SocketException: Connection reset
	at java.base/sun.nio.ch.SocketChannelImpl.throwConnectionReset(SocketChannelImpl.java:401)
	at java.base/sun.nio.ch.SocketChannelImpl.read(SocketChannelImpl.java:434)
	at io.netty.buffer.PooledByteBuf.setBytes(PooledByteBuf.java:254)
	at io.netty.buffer.AbstractByteBuf.writeBytes(AbstractByteBuf.java:1132)
	at io.netty.channel.socket.nio.NioSocketChannel.doReadBytes(NioSocketChannel.java:357)
	at io.netty.channel.nio.AbstractNioByteChannel$NioByteUnsafe.read(AbstractNioByteChannel.java:151)
	at io.netty.channel.nio.NioEventLoop.processSelectedKey(NioEventLoop.java:788)
	at io.netty.channel.nio.NioEventLoop.processSelectedKeysOptimized(NioEventLoop.java:724)
	at io.netty.channel.nio.NioEventLoop.processSelectedKeys(NioEventLoop.java:650)
	at io.netty.channel.nio.NioEventLoop.run(NioEventLoop.java:562)
	at io.netty.util.concurrent.SingleThreadEventExecutor$4.run(SingleThreadEventExecutor.java:997)
	at io.netty.util.internal.ThreadExecutorMap$2.run(ThreadExecutorMap.java:74)
	at io.netty.util.concurrent.FastThreadLocalRunnable.run(FastThreadLocalRunnable.java:30)
	at java.base/java.lang.Thread.run(Thread.java:1583)
08:44:00.916 [AsyncHttpClient-1-4] DEBUG org.asynchttpclient.netty.channel.ChannelManager - Closing Channel [id: 0x5a6cd9f3, L:/127.0.0.1:51382 ! R:localhost/127.0.0.1:51377] 
08:44:00.918 [AsyncHttpClient-1-4] DEBUG org.asynchttpclient.netty.handler.WebSocketHandler - Channel Closed: [id: 0x5a6cd9f3, L:/127.0.0.1:51382 ! R:localhost/127.0.0.1:51377] with attribute DISCARD
08:44:00.935 [AsyncHttpClient-1-2] DEBUG org.asynchttpclient.netty.handler.HttpHandler - 

Request DefaultFullHttpRequest(decodeResult: success, version: HTTP/1.1, content: EmptyByteBufBE)
DELETE /session/006865369629cac3fdf9a79464323834 HTTP/1.1
User-Agent: selenium/4.13.0 (java mac)
Content-Type: application/json; charset=utf-8
host: localhost:5338
accept: */*

Response DefaultHttpResponse(decodeResult: success, version: HTTP/1.1)
HTTP/1.1 200 OK
Content-Length: 14
Content-Type: application/json; charset=utf-8
cache-control: no-cache

08:44:00.936 [AsyncHttpClient-1-2] DEBUG org.asynchttpclient.netty.channel.ChannelManager - Adding key: http://localhost:5338 for channel [id: 0xcbde7b24, L:/127.0.0.1:51376 - R:localhost/127.0.0.1:5338]
08:44:00.985 [AsyncHttpClient-1-2] DEBUG org.asynchttpclient.netty.handler.HttpHandler - Channel Closed: [id: 0xcbde7b24, L:/127.0.0.1:51376 ! R:localhost/127.0.0.1:5338] with attribute DISCARD
08:44:01.105 [AsyncHttpClient-1-5] DEBUG org.asynchttpclient.netty.channel.NettyConnectListener - Using new Channel '[id: 0x037638b8, L:/127.0.0.1:51431 - R:localhost/127.0.0.1:21663]' for 'POST' to '/session'
08:44:01.243 [AsyncHttpClient-1-1] DEBUG org.asynchttpclient.netty.channel.DefaultChannelPool - Entry count for : http://localhost:5338 : 1
08:44:01.243 [AsyncHttpClient-1-1] DEBUG org.asynchttpclient.netty.channel.DefaultChannelPool - Entry count for : http://localhost:51377 : 1
08:44:01.243 [AsyncHttpClient-1-1] DEBUG org.asynchttpclient.netty.channel.DefaultChannelPool - Adding Candidate expired Channel [id: 0xcbde7b24, L:/127.0.0.1:51376 ! R:localhost/127.0.0.1:5338] isIdleTimeoutExpired=false isRemotelyClosed=true isTtlExpired=false
08:44:01.243 [AsyncHttpClient-1-1] DEBUG org.asynchttpclient.netty.channel.DefaultChannelPool - Closing Idle Channel [id: 0xcbde7b24, L:/127.0.0.1:51376 ! R:localhost/127.0.0.1:5338]
08:44:01.244 [AsyncHttpClient-1-1] DEBUG org.asynchttpclient.netty.channel.DefaultChannelPool - Adding Candidate expired Channel [id: 0x5dfd4846, L:/127.0.0.1:51381 ! R:localhost/127.0.0.1:51377] isIdleTimeoutExpired=false isRemotelyClosed=true isTtlExpired=false
08:44:01.244 [AsyncHttpClient-1-1] DEBUG org.asynchttpclient.netty.channel.DefaultChannelPool - Closing Idle Channel [id: 0x5dfd4846, L:/127.0.0.1:51381 ! R:localhost/127.0.0.1:51377]
08:44:01.244 [AsyncHttpClient-1-1] DEBUG org.asynchttpclient.netty.channel.DefaultChannelPool - Closed 2 connections out of 2 in 1 ms
08:44:02.015 [AsyncHttpClient-1-5] DEBUG org.asynchttpclient.netty.handler.HttpHandler - 

Request DefaultHttpRequest(decodeResult: success, version: HTTP/1.1)
POST /session HTTP/1.1
User-Agent: selenium/4.13.0 (java mac)
Content-Length: 291
Content-Type: application/json; charset=utf-8
host: localhost:21663
accept: */*

Response DefaultHttpResponse(decodeResult: success, version: HTTP/1.1)
HTTP/1.1 200 OK
Content-Length: 891
Content-Type: application/json; charset=utf-8
cache-control: no-cache

08:44:02.015 [AsyncHttpClient-1-5] DEBUG org.asynchttpclient.netty.channel.ChannelManager - Adding key: http://localhost:21663 for channel [id: 0x037638b8, L:/127.0.0.1:51431 - R:localhost/127.0.0.1:21663]
08:44:02.021 [AsyncHttpClient-1-6] DEBUG org.asynchttpclient.netty.channel.NettyConnectListener - Using new Channel '[id: 0xea859cff, L:/127.0.0.1:51436 - R:localhost/127.0.0.1:51432]' for 'GET' to '/json/version'
08:44:02.024 [AsyncHttpClient-1-6] DEBUG org.asynchttpclient.netty.handler.HttpHandler - 

Request DefaultFullHttpRequest(decodeResult: success, version: HTTP/1.1, content: EmptyByteBufBE)
GET /json/version HTTP/1.1
User-Agent: selenium/4.13.0 (java mac)
host: localhost:51432
accept: */*

Response DefaultHttpResponse(decodeResult: success, version: HTTP/1.1)
HTTP/1.1 200 OK
Content-Security-Policy: frame-ancestors 'none'
Content-Length: 422
Content-Type: application/json; charset=UTF-8

08:44:02.025 [AsyncHttpClient-1-6] DEBUG org.asynchttpclient.netty.channel.ChannelManager - Adding key: http://localhost:51432 for channel [id: 0xea859cff, L:/127.0.0.1:51436 - R:localhost/127.0.0.1:51432]
08:44:02.027 [AsyncHttpClient-1-7] DEBUG org.asynchttpclient.netty.channel.NettyConnectListener - Using new Channel '[id: 0xf91f6020, L:/127.0.0.1:51437 - R:localhost/127.0.0.1:51432]' for 'GET' to '/devtools/browser/0617c1b7-4c13-46fd-90cb-070a7343b839'
08:44:02.030 [AsyncHttpClient-1-7] DEBUG org.asynchttpclient.netty.handler.WebSocketHandler - 

Request DefaultFullHttpRequest(decodeResult: success, version: HTTP/1.1, content: EmptyByteBufBE)
GET /devtools/browser/0617c1b7-4c13-46fd-90cb-070a7343b839 HTTP/1.1
upgrade: websocket
connection: upgrade
sec-websocket-key: krLKVJ8we0XZN5CHkxlEOw==
sec-websocket-version: 13
origin: http://localhost:51432
host: localhost:51432
accept: */*
user-agent: AHC/2.1

Response DefaultHttpResponse(decodeResult: success, version: HTTP/1.1)
HTTP/1.1 101 WebSocket Protocol Handshake
Upgrade: WebSocket
Connection: Upgrade
Sec-WebSocket-Accept: t69HEAZP24SzVHWAw2AxOz3oMO0=

08:44:02.035 [Forwarding maximizeCurrentWindow on session 1604b310772daf97ae706b621eadc037 to remote] DEBUG org.asynchttpclient.netty.request.NettyRequestSender - Using pooled Channel '[id: 0x037638b8, L:/127.0.0.1:51431 - R:localhost/127.0.0.1:21663]' for 'POST' to 'http://localhost:21663/session/1604b310772daf97ae706b621eadc037/window/maximize'
08:44:02.035 [Forwarding maximizeCurrentWindow on session 1604b310772daf97ae706b621eadc037 to remote] DEBUG org.asynchttpclient.netty.request.NettyRequestSender - Using open Channel [id: 0x037638b8, L:/127.0.0.1:51431 - R:localhost/127.0.0.1:21663] for POST '/session/1604b310772daf97ae706b621eadc037/window/maximize'
08:44:02.340 [AsyncHttpClient-1-1] DEBUG org.asynchttpclient.netty.channel.DefaultChannelPool - Entry count for : http://localhost:51432 : 1
08:44:02.497 [AsyncHttpClient-1-5] DEBUG org.asynchttpclient.netty.handler.HttpHandler - 

Request DefaultHttpRequest(decodeResult: success, version: HTTP/1.1)
POST /session/1604b310772daf97ae706b621eadc037/window/maximize HTTP/1.1
User-Agent: selenium/4.13.0 (java mac)
Content-Length: 3
Content-Type: application/json; charset=utf-8
host: localhost:21663
accept: */*

Response DefaultHttpResponse(decodeResult: success, version: HTTP/1.1)
HTTP/1.1 200 OK
Content-Length: 50
Content-Type: application/json; charset=utf-8
cache-control: no-cache

08:44:02.497 [AsyncHttpClient-1-5] DEBUG org.asynchttpclient.netty.channel.ChannelManager - Adding key: http://localhost:21663 for channel [id: 0x037638b8, L:/127.0.0.1:51431 - R:localhost/127.0.0.1:21663]
08:44:02.498 [Forwarding get on session 1604b310772daf97ae706b621eadc037 to remote] DEBUG org.asynchttpclient.netty.request.NettyRequestSender - Using pooled Channel '[id: 0x037638b8, L:/127.0.0.1:51431 - R:localhost/127.0.0.1:21663]' for 'POST' to 'http://localhost:21663/session/1604b310772daf97ae706b621eadc037/url'
08:44:02.498 [Forwarding get on session 1604b310772daf97ae706b621eadc037 to remote] DEBUG org.asynchttpclient.netty.request.NettyRequestSender - Using open Channel [id: 0x037638b8, L:/127.0.0.1:51431 - R:localhost/127.0.0.1:21663] for POST '/session/1604b310772daf97ae706b621eadc037/url'
08:44:03.439 [AsyncHttpClient-1-1] DEBUG org.asynchttpclient.netty.channel.DefaultChannelPool - Entry count for : http://localhost:51432 : 1
08:44:04.539 [AsyncHttpClient-1-1] DEBUG org.asynchttpclient.netty.channel.DefaultChannelPool - Entry count for : http://localhost:51432 : 1
08:44:04.894 [AsyncHttpClient-1-5] DEBUG org.asynchttpclient.netty.handler.HttpHandler - 

Request DefaultHttpRequest(decodeResult: success, version: HTTP/1.1)
POST /session/1604b310772daf97ae706b621eadc037/url HTTP/1.1
User-Agent: selenium/4.13.0 (java mac)
Content-Length: 57
Content-Type: application/json; charset=utf-8
host: localhost:21663
accept: */*

Response DefaultHttpResponse(decodeResult: success, version: HTTP/1.1)
HTTP/1.1 200 OK
Content-Length: 14
Content-Type: application/json; charset=utf-8
cache-control: no-cache

08:44:04.894 [AsyncHttpClient-1-5] DEBUG org.asynchttpclient.netty.channel.ChannelManager - Adding key: http://localhost:21663 for channel [id: 0x037638b8, L:/127.0.0.1:51431 - R:localhost/127.0.0.1:21663]
Step 1 : Open URL - https://www.makemytrip.com/
Step 2 : Verify mmt country & currency selection section present.
08:44:04.897 [Forwarding findElement on session 1604b310772daf97ae706b621eadc037 to remote] DEBUG org.asynchttpclient.netty.request.NettyRequestSender - Using pooled Channel '[id: 0x037638b8, L:/127.0.0.1:51431 - R:localhost/127.0.0.1:21663]' for 'POST' to 'http://localhost:21663/session/1604b310772daf97ae706b621eadc037/element'
08:44:04.898 [Forwarding findElement on session 1604b310772daf97ae706b621eadc037 to remote] DEBUG org.asynchttpclient.netty.request.NettyRequestSender - Using open Channel [id: 0x037638b8, L:/127.0.0.1:51431 - R:localhost/127.0.0.1:21663] for POST '/session/1604b310772daf97ae706b621eadc037/element'
08:44:04.914 [AsyncHttpClient-1-5] DEBUG org.asynchttpclient.netty.handler.HttpHandler - 

Request DefaultHttpRequest(decodeResult: success, version: HTTP/1.1)
POST /session/1604b310772daf97ae706b621eadc037/element HTTP/1.1
User-Agent: selenium/4.13.0 (java mac)
Content-Length: 81
Content-Type: application/json; charset=utf-8
host: localhost:21663
accept: */*

Response DefaultHttpResponse(decodeResult: success, version: HTTP/1.1)
HTTP/1.1 200 OK
Content-Length: 95
Content-Type: application/json; charset=utf-8
cache-control: no-cache

08:44:04.914 [AsyncHttpClient-1-5] DEBUG org.asynchttpclient.netty.channel.ChannelManager - Adding key: http://localhost:21663 for channel [id: 0x037638b8, L:/127.0.0.1:51431 - R:localhost/127.0.0.1:21663]
08:44:04.917 [Forwarding executeScript on session 1604b310772daf97ae706b621eadc037 to remote] DEBUG org.asynchttpclient.netty.request.NettyRequestSender - Using pooled Channel '[id: 0x037638b8, L:/127.0.0.1:51431 - R:localhost/127.0.0.1:21663]' for 'POST' to 'http://localhost:21663/session/1604b310772daf97ae706b621eadc037/execute/sync'
08:44:04.917 [Forwarding executeScript on session 1604b310772daf97ae706b621eadc037 to remote] DEBUG org.asynchttpclient.netty.request.NettyRequestSender - Using open Channel [id: 0x037638b8, L:/127.0.0.1:51431 - R:localhost/127.0.0.1:21663] for POST '/session/1604b310772daf97ae706b621eadc037/execute/sync'
08:44:04.924 [AsyncHttpClient-1-5] DEBUG org.asynchttpclient.netty.handler.HttpHandler - 

Request DefaultHttpRequest(decodeResult: success, version: HTTP/1.1)
POST /session/1604b310772daf97ae706b621eadc037/execute/sync HTTP/1.1
User-Agent: selenium/4.13.0 (java mac)
Content-Length: 179
Content-Type: application/json; charset=utf-8
host: localhost:21663
accept: */*

Response DefaultHttpResponse(decodeResult: success, version: HTTP/1.1)
HTTP/1.1 200 OK
Content-Length: 14
Content-Type: application/json; charset=utf-8
cache-control: no-cache

08:44:04.925 [AsyncHttpClient-1-5] DEBUG org.asynchttpclient.netty.channel.ChannelManager - Adding key: http://localhost:21663 for channel [id: 0x037638b8, L:/127.0.0.1:51431 - R:localhost/127.0.0.1:21663]
08:44:04.929 [Forwarding isElementDisplayed on session 1604b310772daf97ae706b621eadc037 to remote] DEBUG org.asynchttpclient.netty.request.NettyRequestSender - Using pooled Channel '[id: 0x037638b8, L:/127.0.0.1:51431 - R:localhost/127.0.0.1:21663]' for 'POST' to 'http://localhost:21663/session/1604b310772daf97ae706b621eadc037/execute/sync'
08:44:04.929 [Forwarding isElementDisplayed on session 1604b310772daf97ae706b621eadc037 to remote] DEBUG org.asynchttpclient.netty.request.NettyRequestSender - Using open Channel [id: 0x037638b8, L:/127.0.0.1:51431 - R:localhost/127.0.0.1:21663] for POST '/session/1604b310772daf97ae706b621eadc037/execute/sync'
08:44:04.952 [AsyncHttpClient-1-5] DEBUG org.asynchttpclient.netty.handler.HttpHandler - 

Request DefaultHttpRequest(decodeResult: success, version: HTTP/1.1)
POST /session/1604b310772daf97ae706b621eadc037/execute/sync HTTP/1.1
User-Agent: selenium/4.13.0 (java mac)
Content-Length: 48814
Content-Type: application/json; charset=utf-8
host: localhost:21663
accept: */*

Response DefaultHttpResponse(decodeResult: success, version: HTTP/1.1)
HTTP/1.1 200 OK
Content-Length: 14
Content-Type: application/json; charset=utf-8
cache-control: no-cache

08:44:04.952 [AsyncHttpClient-1-5] DEBUG org.asynchttpclient.netty.channel.ChannelManager - Adding key: http://localhost:21663 for channel [id: 0x037638b8, L:/127.0.0.1:51431 - R:localhost/127.0.0.1:21663]
Step 3 : Click on mmt country & currency selection section present.
08:44:04.959 [Forwarding findElement on session 1604b310772daf97ae706b621eadc037 to remote] DEBUG org.asynchttpclient.netty.request.NettyRequestSender - Using pooled Channel '[id: 0x037638b8, L:/127.0.0.1:51431 - R:localhost/127.0.0.1:21663]' for 'POST' to 'http://localhost:21663/session/1604b310772daf97ae706b621eadc037/element'
08:44:04.959 [Forwarding findElement on session 1604b310772daf97ae706b621eadc037 to remote] DEBUG org.asynchttpclient.netty.request.NettyRequestSender - Using open Channel [id: 0x037638b8, L:/127.0.0.1:51431 - R:localhost/127.0.0.1:21663] for POST '/session/1604b310772daf97ae706b621eadc037/element'
08:44:05.018 [AsyncHttpClient-1-5] DEBUG org.asynchttpclient.netty.handler.HttpHandler - 

Request DefaultHttpRequest(decodeResult: success, version: HTTP/1.1)
POST /session/1604b310772daf97ae706b621eadc037/element HTTP/1.1
User-Agent: selenium/4.13.0 (java mac)
Content-Length: 81
Content-Type: application/json; charset=utf-8
host: localhost:21663
accept: */*

Response DefaultHttpResponse(decodeResult: success, version: HTTP/1.1)
HTTP/1.1 200 OK
Content-Length: 95
Content-Type: application/json; charset=utf-8
cache-control: no-cache

08:44:05.019 [AsyncHttpClient-1-5] DEBUG org.asynchttpclient.netty.channel.ChannelManager - Adding key: http://localhost:21663 for channel [id: 0x037638b8, L:/127.0.0.1:51431 - R:localhost/127.0.0.1:21663]
08:44:05.024 [Forwarding isElementDisplayed on session 1604b310772daf97ae706b621eadc037 to remote] DEBUG org.asynchttpclient.netty.request.NettyRequestSender - Using pooled Channel '[id: 0x037638b8, L:/127.0.0.1:51431 - R:localhost/127.0.0.1:21663]' for 'POST' to 'http://localhost:21663/session/1604b310772daf97ae706b621eadc037/execute/sync'
08:44:05.025 [Forwarding isElementDisplayed on session 1604b310772daf97ae706b621eadc037 to remote] DEBUG org.asynchttpclient.netty.request.NettyRequestSender - Using open Channel [id: 0x037638b8, L:/127.0.0.1:51431 - R:localhost/127.0.0.1:21663] for POST '/session/1604b310772daf97ae706b621eadc037/execute/sync'
08:44:05.244 [AsyncHttpClient-1-5] DEBUG org.asynchttpclient.netty.handler.HttpHandler - 

Request DefaultHttpRequest(decodeResult: success, version: HTTP/1.1)
POST /session/1604b310772daf97ae706b621eadc037/execute/sync HTTP/1.1
User-Agent: selenium/4.13.0 (java mac)
Content-Length: 48814
Content-Type: application/json; charset=utf-8
host: localhost:21663
accept: */*

Response DefaultHttpResponse(decodeResult: success, version: HTTP/1.1)
HTTP/1.1 200 OK
Content-Length: 14
Content-Type: application/json; charset=utf-8
cache-control: no-cache

08:44:05.244 [AsyncHttpClient-1-5] DEBUG org.asynchttpclient.netty.channel.ChannelManager - Adding key: http://localhost:21663 for channel [id: 0x037638b8, L:/127.0.0.1:51431 - R:localhost/127.0.0.1:21663]
08:44:05.246 [Forwarding isElementEnabled on session 1604b310772daf97ae706b621eadc037 to remote] DEBUG org.asynchttpclient.netty.request.NettyRequestSender - Using pooled Channel '[id: 0x037638b8, L:/127.0.0.1:51431 - R:localhost/127.0.0.1:21663]' for 'GET' to 'http://localhost:21663/session/1604b310772daf97ae706b621eadc037/element/52C93B21A4F318DD47735505E86EE075_element_32/enabled'
08:44:05.247 [Forwarding isElementEnabled on session 1604b310772daf97ae706b621eadc037 to remote] DEBUG org.asynchttpclient.netty.request.NettyRequestSender - Using open Channel [id: 0x037638b8, L:/127.0.0.1:51431 - R:localhost/127.0.0.1:21663] for GET '/session/1604b310772daf97ae706b621eadc037/element/52C93B21A4F318DD47735505E86EE075_element_32/enabled'
08:44:05.293 [AsyncHttpClient-1-5] DEBUG org.asynchttpclient.netty.handler.HttpHandler - 

Request DefaultFullHttpRequest(decodeResult: success, version: HTTP/1.1, content: EmptyByteBufBE)
GET /session/1604b310772daf97ae706b621eadc037/element/52C93B21A4F318DD47735505E86EE075_element_32/enabled HTTP/1.1
Cache-Control: no-cache
User-Agent: selenium/4.13.0 (java mac)
Content-Type: application/json; charset=utf-8
host: localhost:21663
accept: */*

Response DefaultHttpResponse(decodeResult: success, version: HTTP/1.1)
HTTP/1.1 200 OK
Content-Length: 14
Content-Type: application/json; charset=utf-8
cache-control: no-cache

08:44:05.293 [AsyncHttpClient-1-5] DEBUG org.asynchttpclient.netty.channel.ChannelManager - Adding key: http://localhost:21663 for channel [id: 0x037638b8, L:/127.0.0.1:51431 - R:localhost/127.0.0.1:21663]
08:44:05.295 [Forwarding executeScript on session 1604b310772daf97ae706b621eadc037 to remote] DEBUG org.asynchttpclient.netty.request.NettyRequestSender - Using pooled Channel '[id: 0x037638b8, L:/127.0.0.1:51431 - R:localhost/127.0.0.1:21663]' for 'POST' to 'http://localhost:21663/session/1604b310772daf97ae706b621eadc037/execute/sync'
08:44:05.296 [Forwarding executeScript on session 1604b310772daf97ae706b621eadc037 to remote] DEBUG org.asynchttpclient.netty.request.NettyRequestSender - Using open Channel [id: 0x037638b8, L:/127.0.0.1:51431 - R:localhost/127.0.0.1:21663] for POST '/session/1604b310772daf97ae706b621eadc037/execute/sync'
08:44:05.370 [AsyncHttpClient-1-5] DEBUG org.asynchttpclient.netty.handler.HttpHandler - 

Request DefaultHttpRequest(decodeResult: success, version: HTTP/1.1)
POST /session/1604b310772daf97ae706b621eadc037/execute/sync HTTP/1.1
User-Agent: selenium/4.13.0 (java mac)
Content-Length: 179
Content-Type: application/json; charset=utf-8
host: localhost:21663
accept: */*

Response DefaultHttpResponse(decodeResult: success, version: HTTP/1.1)
HTTP/1.1 200 OK
Content-Length: 14
Content-Type: application/json; charset=utf-8
cache-control: no-cache

08:44:05.370 [AsyncHttpClient-1-5] DEBUG org.asynchttpclient.netty.channel.ChannelManager - Adding key: http://localhost:21663 for channel [id: 0x037638b8, L:/127.0.0.1:51431 - R:localhost/127.0.0.1:21663]
08:44:05.372 [Forwarding clickElement on session 1604b310772daf97ae706b621eadc037 to remote] DEBUG org.asynchttpclient.netty.request.NettyRequestSender - Using pooled Channel '[id: 0x037638b8, L:/127.0.0.1:51431 - R:localhost/127.0.0.1:21663]' for 'POST' to 'http://localhost:21663/session/1604b310772daf97ae706b621eadc037/element/52C93B21A4F318DD47735505E86EE075_element_32/click'
08:44:05.372 [Forwarding clickElement on session 1604b310772daf97ae706b621eadc037 to remote] DEBUG org.asynchttpclient.netty.request.NettyRequestSender - Using open Channel [id: 0x037638b8, L:/127.0.0.1:51431 - R:localhost/127.0.0.1:21663] for POST '/session/1604b310772daf97ae706b621eadc037/element/52C93B21A4F318DD47735505E86EE075_element_32/click'
08:44:05.495 [AsyncHttpClient-1-5] DEBUG org.asynchttpclient.netty.handler.HttpHandler - 

Request DefaultHttpRequest(decodeResult: success, version: HTTP/1.1)
POST /session/1604b310772daf97ae706b621eadc037/element/52C93B21A4F318DD47735505E86EE075_element_32/click HTTP/1.1
User-Agent: selenium/4.13.0 (java mac)
Content-Length: 57
Content-Type: application/json; charset=utf-8
host: localhost:21663
accept: */*

Response DefaultHttpResponse(decodeResult: success, version: HTTP/1.1)
HTTP/1.1 200 OK
Content-Length: 14
Content-Type: application/json; charset=utf-8
cache-control: no-cache

08:44:05.495 [AsyncHttpClient-1-5] DEBUG org.asynchttpclient.netty.channel.ChannelManager - Adding key: http://localhost:21663 for channel [id: 0x037638b8, L:/127.0.0.1:51431 - R:localhost/127.0.0.1:21663]
Step 4 : Select country USA from dropdown.
08:44:05.497 [Forwarding findElement on session 1604b310772daf97ae706b621eadc037 to remote] DEBUG org.asynchttpclient.netty.request.NettyRequestSender - Using pooled Channel '[id: 0x037638b8, L:/127.0.0.1:51431 - R:localhost/127.0.0.1:21663]' for 'POST' to 'http://localhost:21663/session/1604b310772daf97ae706b621eadc037/element'
08:44:05.497 [Forwarding findElement on session 1604b310772daf97ae706b621eadc037 to remote] DEBUG org.asynchttpclient.netty.request.NettyRequestSender - Using open Channel [id: 0x037638b8, L:/127.0.0.1:51431 - R:localhost/127.0.0.1:21663] for POST '/session/1604b310772daf97ae706b621eadc037/element'
08:44:05.508 [AsyncHttpClient-1-5] DEBUG org.asynchttpclient.netty.handler.HttpHandler - 

Request DefaultHttpRequest(decodeResult: success, version: HTTP/1.1)
POST /session/1604b310772daf97ae706b621eadc037/element HTTP/1.1
User-Agent: selenium/4.13.0 (java mac)
Content-Length: 75
Content-Type: application/json; charset=utf-8
host: localhost:21663
accept: */*

Response DefaultHttpResponse(decodeResult: success, version: HTTP/1.1)
HTTP/1.1 200 OK
Content-Length: 95
Content-Type: application/json; charset=utf-8
cache-control: no-cache

08:44:05.508 [AsyncHttpClient-1-5] DEBUG org.asynchttpclient.netty.channel.ChannelManager - Adding key: http://localhost:21663 for channel [id: 0x037638b8, L:/127.0.0.1:51431 - R:localhost/127.0.0.1:21663]
08:44:05.510 [Forwarding isElementDisplayed on session 1604b310772daf97ae706b621eadc037 to remote] DEBUG org.asynchttpclient.netty.request.NettyRequestSender - Using pooled Channel '[id: 0x037638b8, L:/127.0.0.1:51431 - R:localhost/127.0.0.1:21663]' for 'POST' to 'http://localhost:21663/session/1604b310772daf97ae706b621eadc037/execute/sync'
08:44:05.510 [Forwarding isElementDisplayed on session 1604b310772daf97ae706b621eadc037 to remote] DEBUG org.asynchttpclient.netty.request.NettyRequestSender - Using open Channel [id: 0x037638b8, L:/127.0.0.1:51431 - R:localhost/127.0.0.1:21663] for POST '/session/1604b310772daf97ae706b621eadc037/execute/sync'
08:44:05.519 [AsyncHttpClient-1-5] DEBUG org.asynchttpclient.netty.handler.HttpHandler - 

Request DefaultHttpRequest(decodeResult: success, version: HTTP/1.1)
POST /session/1604b310772daf97ae706b621eadc037/execute/sync HTTP/1.1
User-Agent: selenium/4.13.0 (java mac)
Content-Length: 48814
Content-Type: application/json; charset=utf-8
host: localhost:21663
accept: */*

Response DefaultHttpResponse(decodeResult: success, version: HTTP/1.1)
HTTP/1.1 200 OK
Content-Length: 14
Content-Type: application/json; charset=utf-8
cache-control: no-cache

08:44:05.519 [AsyncHttpClient-1-5] DEBUG org.asynchttpclient.netty.channel.ChannelManager - Adding key: http://localhost:21663 for channel [id: 0x037638b8, L:/127.0.0.1:51431 - R:localhost/127.0.0.1:21663]
08:44:05.520 [Forwarding isElementEnabled on session 1604b310772daf97ae706b621eadc037 to remote] DEBUG org.asynchttpclient.netty.request.NettyRequestSender - Using pooled Channel '[id: 0x037638b8, L:/127.0.0.1:51431 - R:localhost/127.0.0.1:21663]' for 'GET' to 'http://localhost:21663/session/1604b310772daf97ae706b621eadc037/element/52C93B21A4F318DD47735505E86EE075_element_37/enabled'
08:44:05.520 [Forwarding isElementEnabled on session 1604b310772daf97ae706b621eadc037 to remote] DEBUG org.asynchttpclient.netty.request.NettyRequestSender - Using open Channel [id: 0x037638b8, L:/127.0.0.1:51431 - R:localhost/127.0.0.1:21663] for GET '/session/1604b310772daf97ae706b621eadc037/element/52C93B21A4F318DD47735505E86EE075_element_37/enabled'
08:44:05.526 [AsyncHttpClient-1-5] DEBUG org.asynchttpclient.netty.handler.HttpHandler - 

Request DefaultFullHttpRequest(decodeResult: success, version: HTTP/1.1, content: EmptyByteBufBE)
GET /session/1604b310772daf97ae706b621eadc037/element/52C93B21A4F318DD47735505E86EE075_element_37/enabled HTTP/1.1
Cache-Control: no-cache
User-Agent: selenium/4.13.0 (java mac)
Content-Type: application/json; charset=utf-8
host: localhost:21663
accept: */*

Response DefaultHttpResponse(decodeResult: success, version: HTTP/1.1)
HTTP/1.1 200 OK
Content-Length: 14
Content-Type: application/json; charset=utf-8
cache-control: no-cache

08:44:05.526 [AsyncHttpClient-1-5] DEBUG org.asynchttpclient.netty.channel.ChannelManager - Adding key: http://localhost:21663 for channel [id: 0x037638b8, L:/127.0.0.1:51431 - R:localhost/127.0.0.1:21663]
08:44:05.528 [Forwarding executeScript on session 1604b310772daf97ae706b621eadc037 to remote] DEBUG org.asynchttpclient.netty.request.NettyRequestSender - Using pooled Channel '[id: 0x037638b8, L:/127.0.0.1:51431 - R:localhost/127.0.0.1:21663]' for 'POST' to 'http://localhost:21663/session/1604b310772daf97ae706b621eadc037/execute/sync'
08:44:05.528 [Forwarding executeScript on session 1604b310772daf97ae706b621eadc037 to remote] DEBUG org.asynchttpclient.netty.request.NettyRequestSender - Using open Channel [id: 0x037638b8, L:/127.0.0.1:51431 - R:localhost/127.0.0.1:21663] for POST '/session/1604b310772daf97ae706b621eadc037/execute/sync'
08:44:05.532 [AsyncHttpClient-1-5] DEBUG org.asynchttpclient.netty.handler.HttpHandler - 

Request DefaultHttpRequest(decodeResult: success, version: HTTP/1.1)
POST /session/1604b310772daf97ae706b621eadc037/execute/sync HTTP/1.1
User-Agent: selenium/4.13.0 (java mac)
Content-Length: 179
Content-Type: application/json; charset=utf-8
host: localhost:21663
accept: */*

Response DefaultHttpResponse(decodeResult: success, version: HTTP/1.1)
HTTP/1.1 200 OK
Content-Length: 14
Content-Type: application/json; charset=utf-8
cache-control: no-cache

08:44:05.532 [AsyncHttpClient-1-5] DEBUG org.asynchttpclient.netty.channel.ChannelManager - Adding key: http://localhost:21663 for channel [id: 0x037638b8, L:/127.0.0.1:51431 - R:localhost/127.0.0.1:21663]
08:44:05.533 [Forwarding clickElement on session 1604b310772daf97ae706b621eadc037 to remote] DEBUG org.asynchttpclient.netty.request.NettyRequestSender - Using pooled Channel '[id: 0x037638b8, L:/127.0.0.1:51431 - R:localhost/127.0.0.1:21663]' for 'POST' to 'http://localhost:21663/session/1604b310772daf97ae706b621eadc037/element/52C93B21A4F318DD47735505E86EE075_element_37/click'
08:44:05.533 [Forwarding clickElement on session 1604b310772daf97ae706b621eadc037 to remote] DEBUG org.asynchttpclient.netty.request.NettyRequestSender - Using open Channel [id: 0x037638b8, L:/127.0.0.1:51431 - R:localhost/127.0.0.1:21663] for POST '/session/1604b310772daf97ae706b621eadc037/element/52C93B21A4F318DD47735505E86EE075_element_37/click'
08:44:05.583 [AsyncHttpClient-1-5] DEBUG org.asynchttpclient.netty.handler.HttpHandler - 

Request DefaultHttpRequest(decodeResult: success, version: HTTP/1.1)
POST /session/1604b310772daf97ae706b621eadc037/element/52C93B21A4F318DD47735505E86EE075_element_37/click HTTP/1.1
User-Agent: selenium/4.13.0 (java mac)
Content-Length: 57
Content-Type: application/json; charset=utf-8
host: localhost:21663
accept: */*

Response DefaultHttpResponse(decodeResult: success, version: HTTP/1.1)
HTTP/1.1 200 OK
Content-Length: 14
Content-Type: application/json; charset=utf-8
cache-control: no-cache

08:44:05.583 [AsyncHttpClient-1-5] DEBUG org.asynchttpclient.netty.channel.ChannelManager - Adding key: http://localhost:21663 for channel [id: 0x037638b8, L:/127.0.0.1:51431 - R:localhost/127.0.0.1:21663]
08:44:05.585 [Forwarding findElement on session 1604b310772daf97ae706b621eadc037 to remote] DEBUG org.asynchttpclient.netty.request.NettyRequestSender - Using pooled Channel '[id: 0x037638b8, L:/127.0.0.1:51431 - R:localhost/127.0.0.1:21663]' for 'POST' to 'http://localhost:21663/session/1604b310772daf97ae706b621eadc037/element'
08:44:05.585 [Forwarding findElement on session 1604b310772daf97ae706b621eadc037 to remote] DEBUG org.asynchttpclient.netty.request.NettyRequestSender - Using open Channel [id: 0x037638b8, L:/127.0.0.1:51431 - R:localhost/127.0.0.1:21663] for POST '/session/1604b310772daf97ae706b621eadc037/element'
08:44:05.595 [AsyncHttpClient-1-5] DEBUG org.asynchttpclient.netty.handler.HttpHandler - 

Request DefaultHttpRequest(decodeResult: success, version: HTTP/1.1)
POST /session/1604b310772daf97ae706b621eadc037/element HTTP/1.1
User-Agent: selenium/4.13.0 (java mac)
Content-Length: 64
Content-Type: application/json; charset=utf-8
host: localhost:21663
accept: */*

Response DefaultHttpResponse(decodeResult: success, version: HTTP/1.1)
HTTP/1.1 200 OK
Content-Length: 95
Content-Type: application/json; charset=utf-8
cache-control: no-cache

08:44:05.595 [AsyncHttpClient-1-5] DEBUG org.asynchttpclient.netty.channel.ChannelManager - Adding key: http://localhost:21663 for channel [id: 0x037638b8, L:/127.0.0.1:51431 - R:localhost/127.0.0.1:21663]
08:44:05.598 [Forwarding isElementDisplayed on session 1604b310772daf97ae706b621eadc037 to remote] DEBUG org.asynchttpclient.netty.request.NettyRequestSender - Using pooled Channel '[id: 0x037638b8, L:/127.0.0.1:51431 - R:localhost/127.0.0.1:21663]' for 'POST' to 'http://localhost:21663/session/1604b310772daf97ae706b621eadc037/execute/sync'
08:44:05.598 [Forwarding isElementDisplayed on session 1604b310772daf97ae706b621eadc037 to remote] DEBUG org.asynchttpclient.netty.request.NettyRequestSender - Using open Channel [id: 0x037638b8, L:/127.0.0.1:51431 - R:localhost/127.0.0.1:21663] for POST '/session/1604b310772daf97ae706b621eadc037/execute/sync'
08:44:05.606 [AsyncHttpClient-1-5] DEBUG org.asynchttpclient.netty.handler.HttpHandler - 

Request DefaultHttpRequest(decodeResult: success, version: HTTP/1.1)
POST /session/1604b310772daf97ae706b621eadc037/execute/sync HTTP/1.1
User-Agent: selenium/4.13.0 (java mac)
Content-Length: 48814
Content-Type: application/json; charset=utf-8
host: localhost:21663
accept: */*

Response DefaultHttpResponse(decodeResult: success, version: HTTP/1.1)
HTTP/1.1 200 OK
Content-Length: 14
Content-Type: application/json; charset=utf-8
cache-control: no-cache

08:44:05.606 [AsyncHttpClient-1-5] DEBUG org.asynchttpclient.netty.channel.ChannelManager - Adding key: http://localhost:21663 for channel [id: 0x037638b8, L:/127.0.0.1:51431 - R:localhost/127.0.0.1:21663]
08:44:05.607 [Forwarding isElementEnabled on session 1604b310772daf97ae706b621eadc037 to remote] DEBUG org.asynchttpclient.netty.request.NettyRequestSender - Using pooled Channel '[id: 0x037638b8, L:/127.0.0.1:51431 - R:localhost/127.0.0.1:21663]' for 'GET' to 'http://localhost:21663/session/1604b310772daf97ae706b621eadc037/element/52C93B21A4F318DD47735505E86EE075_element_42/enabled'
08:44:05.607 [Forwarding isElementEnabled on session 1604b310772daf97ae706b621eadc037 to remote] DEBUG org.asynchttpclient.netty.request.NettyRequestSender - Using open Channel [id: 0x037638b8, L:/127.0.0.1:51431 - R:localhost/127.0.0.1:21663] for GET '/session/1604b310772daf97ae706b621eadc037/element/52C93B21A4F318DD47735505E86EE075_element_42/enabled'
08:44:05.613 [AsyncHttpClient-1-5] DEBUG org.asynchttpclient.netty.handler.HttpHandler - 

Request DefaultFullHttpRequest(decodeResult: success, version: HTTP/1.1, content: EmptyByteBufBE)
GET /session/1604b310772daf97ae706b621eadc037/element/52C93B21A4F318DD47735505E86EE075_element_42/enabled HTTP/1.1
Cache-Control: no-cache
User-Agent: selenium/4.13.0 (java mac)
Content-Type: application/json; charset=utf-8
host: localhost:21663
accept: */*

Response DefaultHttpResponse(decodeResult: success, version: HTTP/1.1)
HTTP/1.1 200 OK
Content-Length: 14
Content-Type: application/json; charset=utf-8
cache-control: no-cache

08:44:05.613 [AsyncHttpClient-1-5] DEBUG org.asynchttpclient.netty.channel.ChannelManager - Adding key: http://localhost:21663 for channel [id: 0x037638b8, L:/127.0.0.1:51431 - R:localhost/127.0.0.1:21663]
08:44:05.615 [Forwarding executeScript on session 1604b310772daf97ae706b621eadc037 to remote] DEBUG org.asynchttpclient.netty.request.NettyRequestSender - Using pooled Channel '[id: 0x037638b8, L:/127.0.0.1:51431 - R:localhost/127.0.0.1:21663]' for 'POST' to 'http://localhost:21663/session/1604b310772daf97ae706b621eadc037/execute/sync'
08:44:05.615 [Forwarding executeScript on session 1604b310772daf97ae706b621eadc037 to remote] DEBUG org.asynchttpclient.netty.request.NettyRequestSender - Using open Channel [id: 0x037638b8, L:/127.0.0.1:51431 - R:localhost/127.0.0.1:21663] for POST '/session/1604b310772daf97ae706b621eadc037/execute/sync'
08:44:05.619 [AsyncHttpClient-1-5] DEBUG org.asynchttpclient.netty.handler.HttpHandler - 

Request DefaultHttpRequest(decodeResult: success, version: HTTP/1.1)
POST /session/1604b310772daf97ae706b621eadc037/execute/sync HTTP/1.1
User-Agent: selenium/4.13.0 (java mac)
Content-Length: 179
[...]
08:45:10.601 [Forwarding executeScript on session 7336d9bba1d6e17afbbd64310ed1d5cd to remote] DEBUG org.asynchttpclient.netty.request.NettyRequestSender - Using pooled Channel '[id: 0x4c386e8c, L:/127.0.0.1:51657 - R:localhost/127.0.0.1:14501]' for 'POST' to 'http://localhost:14501/session/7336d9bba1d6e17afbbd64310ed1d5cd/execute/sync'
08:45:10.601 [Forwarding executeScript on session 7336d9bba1d6e17afbbd64310ed1d5cd to remote] DEBUG org.asynchttpclient.netty.request.NettyRequestSender - Using open Channel [id: 0x4c386e8c, L:/127.0.0.1:51657 - R:localhost/127.0.0.1:14501] for POST '/session/7336d9bba1d6e17afbbd64310ed1d5cd/execute/sync'
08:45:10.605 [AsyncHttpClient-1-17] DEBUG org.asynchttpclient.netty.handler.HttpHandler - 

Request DefaultHttpRequest(decodeResult: success, version: HTTP/1.1)
POST /session/7336d9bba1d6e17afbbd64310ed1d5cd/execute/sync HTTP/1.1
User-Agent: selenium/4.13.0 (java mac)
Content-Length: 180
Content-Type: application/json; charset=utf-8
host: localhost:14501
accept: */*

Response DefaultHttpResponse(decodeResult: success, version: HTTP/1.1)
HTTP/1.1 200 OK
Content-Length: 14
Content-Type: application/json; charset=utf-8
cache-control: no-cache

08:45:10.605 [AsyncHttpClient-1-17] DEBUG org.asynchttpclient.netty.channel.ChannelManager - Adding key: http://localhost:14501 for channel [id: 0x4c386e8c, L:/127.0.0.1:51657 - R:localhost/127.0.0.1:14501]
08:45:10.606 [Forwarding isElementDisplayed on session 7336d9bba1d6e17afbbd64310ed1d5cd to remote] DEBUG org.asynchttpclient.netty.request.NettyRequestSender - Using pooled Channel '[id: 0x4c386e8c, L:/127.0.0.1:51657 - R:localhost/127.0.0.1:14501]' for 'POST' to 'http://localhost:14501/session/7336d9bba1d6e17afbbd64310ed1d5cd/execute/sync'
08:45:10.606 [Forwarding isElementDisplayed on session 7336d9bba1d6e17afbbd64310ed1d5cd to remote] DEBUG org.asynchttpclient.netty.request.NettyRequestSender - Using open Channel [id: 0x4c386e8c, L:/127.0.0.1:51657 - R:localhost/127.0.0.1:14501] for POST '/session/7336d9bba1d6e17afbbd64310ed1d5cd/execute/sync'
08:45:10.613 [AsyncHttpClient-1-17] DEBUG org.asynchttpclient.netty.handler.HttpHandler - 

Request DefaultHttpRequest(decodeResult: success, version: HTTP/1.1)
POST /session/7336d9bba1d6e17afbbd64310ed1d5cd/execute/sync HTTP/1.1
User-Agent: selenium/4.13.0 (java mac)
Content-Length: 48815
Content-Type: application/json; charset=utf-8
host: localhost:14501
accept: */*

Response DefaultHttpResponse(decodeResult: success, version: HTTP/1.1)
HTTP/1.1 200 OK
Content-Length: 14
Content-Type: application/json; charset=utf-8
cache-control: no-cache

08:45:10.614 [AsyncHttpClient-1-17] DEBUG org.asynchttpclient.netty.channel.ChannelManager - Adding key: http://localhost:14501 for channel [id: 0x4c386e8c, L:/127.0.0.1:51657 - R:localhost/127.0.0.1:14501]
08:45:10.614 [Forwarding findElement on session 7336d9bba1d6e17afbbd64310ed1d5cd to remote] DEBUG org.asynchttpclient.netty.request.NettyRequestSender - Using pooled Channel '[id: 0x4c386e8c, L:/127.0.0.1:51657 - R:localhost/127.0.0.1:14501]' for 'POST' to 'http://localhost:14501/session/7336d9bba1d6e17afbbd64310ed1d5cd/element'
08:45:10.614 [Forwarding findElement on session 7336d9bba1d6e17afbbd64310ed1d5cd to remote] DEBUG org.asynchttpclient.netty.request.NettyRequestSender - Using open Channel [id: 0x4c386e8c, L:/127.0.0.1:51657 - R:localhost/127.0.0.1:14501] for POST '/session/7336d9bba1d6e17afbbd64310ed1d5cd/element'
08:45:10.624 [AsyncHttpClient-1-17] DEBUG org.asynchttpclient.netty.handler.HttpHandler - 

Request DefaultHttpRequest(decodeResult: success, version: HTTP/1.1)
POST /session/7336d9bba1d6e17afbbd64310ed1d5cd/element HTTP/1.1
User-Agent: selenium/4.13.0 (java mac)
Content-Length: 76
Content-Type: application/json; charset=utf-8
host: localhost:14501
accept: */*

Response DefaultHttpResponse(decodeResult: success, version: HTTP/1.1)
HTTP/1.1 200 OK
Content-Length: 96
Content-Type: application/json; charset=utf-8
cache-control: no-cache

08:45:10.625 [AsyncHttpClient-1-17] DEBUG org.asynchttpclient.netty.channel.ChannelManager - Adding key: http://localhost:14501 for channel [id: 0x4c386e8c, L:/127.0.0.1:51657 - R:localhost/127.0.0.1:14501]
08:45:10.626 [Forwarding executeScript on session 7336d9bba1d6e17afbbd64310ed1d5cd to remote] DEBUG org.asynchttpclient.netty.request.NettyRequestSender - Using pooled Channel '[id: 0x4c386e8c, L:/127.0.0.1:51657 - R:localhost/127.0.0.1:14501]' for 'POST' to 'http://localhost:14501/session/7336d9bba1d6e17afbbd64310ed1d5cd/execute/sync'
08:45:10.626 [Forwarding executeScript on session 7336d9bba1d6e17afbbd64310ed1d5cd to remote] DEBUG org.asynchttpclient.netty.request.NettyRequestSender - Using open Channel [id: 0x4c386e8c, L:/127.0.0.1:51657 - R:localhost/127.0.0.1:14501] for POST '/session/7336d9bba1d6e17afbbd64310ed1d5cd/execute/sync'
08:45:10.630 [AsyncHttpClient-1-17] DEBUG org.asynchttpclient.netty.handler.HttpHandler - 

Request DefaultHttpRequest(decodeResult: success, version: HTTP/1.1)
POST /session/7336d9bba1d6e17afbbd64310ed1d5cd/execute/sync HTTP/1.1
User-Agent: selenium/4.13.0 (java mac)
Content-Length: 180
Content-Type: application/json; charset=utf-8
host: localhost:14501
accept: */*

Response DefaultHttpResponse(decodeResult: success, version: HTTP/1.1)
HTTP/1.1 200 OK
Content-Length: 14
Content-Type: application/json; charset=utf-8
cache-control: no-cache

08:45:10.630 [AsyncHttpClient-1-17] DEBUG org.asynchttpclient.netty.channel.ChannelManager - Adding key: http://localhost:14501 for channel [id: 0x4c386e8c, L:/127.0.0.1:51657 - R:localhost/127.0.0.1:14501]
08:45:10.632 [Forwarding isElementDisplayed on session 7336d9bba1d6e17afbbd64310ed1d5cd to remote] DEBUG org.asynchttpclient.netty.request.NettyRequestSender - Using pooled Channel '[id: 0x4c386e8c, L:/127.0.0.1:51657 - R:localhost/127.0.0.1:14501]' for 'POST' to 'http://localhost:14501/session/7336d9bba1d6e17afbbd64310ed1d5cd/execute/sync'
08:45:10.632 [Forwarding isElementDisplayed on session 7336d9bba1d6e17afbbd64310ed1d5cd to remote] DEBUG org.asynchttpclient.netty.request.NettyRequestSender - Using open Channel [id: 0x4c386e8c, L:/127.0.0.1:51657 - R:localhost/127.0.0.1:14501] for POST '/session/7336d9bba1d6e17afbbd64310ed1d5cd/execute/sync'
08:45:10.640 [AsyncHttpClient-1-17] DEBUG org.asynchttpclient.netty.handler.HttpHandler - 

Request DefaultHttpRequest(decodeResult: success, version: HTTP/1.1)
POST /session/7336d9bba1d6e17afbbd64310ed1d5cd/execute/sync HTTP/1.1
User-Agent: selenium/4.13.0 (java mac)
Content-Length: 48815
Content-Type: application/json; charset=utf-8
host: localhost:14501
accept: */*

Response DefaultHttpResponse(decodeResult: success, version: HTTP/1.1)
HTTP/1.1 200 OK
Content-Length: 14
Content-Type: application/json; charset=utf-8
cache-control: no-cache

08:45:10.640 [AsyncHttpClient-1-17] DEBUG org.asynchttpclient.netty.channel.ChannelManager - Adding key: http://localhost:14501 for channel [id: 0x4c386e8c, L:/127.0.0.1:51657 - R:localhost/127.0.0.1:14501]
08:45:10.640 [Forwarding findElement on session 7336d9bba1d6e17afbbd64310ed1d5cd to remote] DEBUG org.asynchttpclient.netty.request.NettyRequestSender - Using pooled Channel '[id: 0x4c386e8c, L:/127.0.0.1:51657 - R:localhost/127.0.0.1:14501]' for 'POST' to 'http://localhost:14501/session/7336d9bba1d6e17afbbd64310ed1d5cd/element'
08:45:10.640 [Forwarding findElement on session 7336d9bba1d6e17afbbd64310ed1d5cd to remote] DEBUG org.asynchttpclient.netty.request.NettyRequestSender - Using open Channel [id: 0x4c386e8c, L:/127.0.0.1:51657 - R:localhost/127.0.0.1:14501] for POST '/session/7336d9bba1d6e17afbbd64310ed1d5cd/element'
08:45:10.650 [AsyncHttpClient-1-17] DEBUG org.asynchttpclient.netty.handler.HttpHandler - 

Request DefaultHttpRequest(decodeResult: success, version: HTTP/1.1)
POST /session/7336d9bba1d6e17afbbd64310ed1d5cd/element HTTP/1.1
User-Agent: selenium/4.13.0 (java mac)
Content-Length: 76
Content-Type: application/json; charset=utf-8
host: localhost:14501
accept: */*

Response DefaultHttpResponse(decodeResult: success, version: HTTP/1.1)
HTTP/1.1 200 OK
Content-Length: 96
Content-Type: application/json; charset=utf-8
cache-control: no-cache

08:45:10.650 [AsyncHttpClient-1-17] DEBUG org.asynchttpclient.netty.channel.ChannelManager - Adding key: http://localhost:14501 for channel [id: 0x4c386e8c, L:/127.0.0.1:51657 - R:localhost/127.0.0.1:14501]
08:45:10.651 [Forwarding executeScript on session 7336d9bba1d6e17afbbd64310ed1d5cd to remote] DEBUG org.asynchttpclient.netty.request.NettyRequestSender - Using pooled Channel '[id: 0x4c386e8c, L:/127.0.0.1:51657 - R:localhost/127.0.0.1:14501]' for 'POST' to 'http://localhost:14501/session/7336d9bba1d6e17afbbd64310ed1d5cd/execute/sync'
08:45:10.651 [Forwarding executeScript on session 7336d9bba1d6e17afbbd64310ed1d5cd to remote] DEBUG org.asynchttpclient.netty.request.NettyRequestSender - Using open Channel [id: 0x4c386e8c, L:/127.0.0.1:51657 - R:localhost/127.0.0.1:14501] for POST '/session/7336d9bba1d6e17afbbd64310ed1d5cd/execute/sync'
08:45:10.656 [AsyncHttpClient-1-17] DEBUG org.asynchttpclient.netty.handler.HttpHandler - 

Request DefaultHttpRequest(decodeResult: success, version: HTTP/1.1)
POST /session/7336d9bba1d6e17afbbd64310ed1d5cd/execute/sync HTTP/1.1
User-Agent: selenium/4.13.0 (java mac)
Content-Length: 180
Content-Type: application/json; charset=utf-8
host: localhost:14501
accept: */*

Response DefaultHttpResponse(decodeResult: success, version: HTTP/1.1)
HTTP/1.1 200 OK
Content-Length: 14
Content-Type: application/json; charset=utf-8
cache-control: no-cache

08:45:10.656 [AsyncHttpClient-1-17] DEBUG org.asynchttpclient.netty.channel.ChannelManager - Adding key: http://localhost:14501 for channel [id: 0x4c386e8c, L:/127.0.0.1:51657 - R:localhost/127.0.0.1:14501]
08:45:10.657 [Forwarding isElementDisplayed on session 7336d9bba1d6e17afbbd64310ed1d5cd to remote] DEBUG org.asynchttpclient.netty.request.NettyRequestSender - Using pooled Channel '[id: 0x4c386e8c, L:/127.0.0.1:51657 - R:localhost/127.0.0.1:14501]' for 'POST' to 'http://localhost:14501/session/7336d9bba1d6e17afbbd64310ed1d5cd/execute/sync'
08:45:10.657 [Forwarding isElementDisplayed on session 7336d9bba1d6e17afbbd64310ed1d5cd to remote] DEBUG org.asynchttpclient.netty.request.NettyRequestSender - Using open Channel [id: 0x4c386e8c, L:/127.0.0.1:51657 - R:localhost/127.0.0.1:14501] for POST '/session/7336d9bba1d6e17afbbd64310ed1d5cd/execute/sync'
08:45:10.664 [AsyncHttpClient-1-17] DEBUG org.asynchttpclient.netty.handler.HttpHandler - 

Request DefaultHttpRequest(decodeResult: success, version: HTTP/1.1)
POST /session/7336d9bba1d6e17afbbd64310ed1d5cd/execute/sync HTTP/1.1
User-Agent: selenium/4.13.0 (java mac)
Content-Length: 48815
Content-Type: application/json; charset=utf-8
host: localhost:14501
accept: */*

Response DefaultHttpResponse(decodeResult: success, version: HTTP/1.1)
HTTP/1.1 200 OK
Content-Length: 14
Content-Type: application/json; charset=utf-8
cache-control: no-cache

08:45:10.665 [AsyncHttpClient-1-17] DEBUG org.asynchttpclient.netty.channel.ChannelManager - Adding key: http://localhost:14501 for channel [id: 0x4c386e8c, L:/127.0.0.1:51657 - R:localhost/127.0.0.1:14501]
08:45:10.665 [Forwarding findElement on session 7336d9bba1d6e17afbbd64310ed1d5cd to remote] DEBUG org.asynchttpclient.netty.request.NettyRequestSender - Using pooled Channel '[id: 0x4c386e8c, L:/127.0.0.1:51657 - R:localhost/127.0.0.1:14501]' for 'POST' to 'http://localhost:14501/session/7336d9bba1d6e17afbbd64310ed1d5cd/element'
08:45:10.665 [Forwarding findElement on session 7336d9bba1d6e17afbbd64310ed1d5cd to remote] DEBUG org.asynchttpclient.netty.request.NettyRequestSender - Using open Channel [id: 0x4c386e8c, L:/127.0.0.1:51657 - R:localhost/127.0.0.1:14501] for POST '/session/7336d9bba1d6e17afbbd64310ed1d5cd/element'
08:45:10.674 [AsyncHttpClient-1-17] DEBUG org.asynchttpclient.netty.handler.HttpHandler - 

Request DefaultHttpRequest(decodeResult: success, version: HTTP/1.1)
POST /session/7336d9bba1d6e17afbbd64310ed1d5cd/element HTTP/1.1
User-Agent: selenium/4.13.0 (java mac)
Content-Length: 76
Content-Type: application/json; charset=utf-8
host: localhost:14501
accept: */*

Response DefaultHttpResponse(decodeResult: success, version: HTTP/1.1)
HTTP/1.1 200 OK
Content-Length: 96
Content-Type: application/json; charset=utf-8
cache-control: no-cache

08:45:10.674 [AsyncHttpClient-1-17] DEBUG org.asynchttpclient.netty.channel.ChannelManager - Adding key: http://localhost:14501 for channel [id: 0x4c386e8c, L:/127.0.0.1:51657 - R:localhost/127.0.0.1:14501]
08:45:10.675 [Forwarding executeScript on session 7336d9bba1d6e17afbbd64310ed1d5cd to remote] DEBUG org.asynchttpclient.netty.request.NettyRequestSender - Using pooled Channel '[id: 0x4c386e8c, L:/127.0.0.1:51657 - R:localhost/127.0.0.1:14501]' for 'POST' to 'http://localhost:14501/session/7336d9bba1d6e17afbbd64310ed1d5cd/execute/sync'
08:45:10.675 [Forwarding executeScript on session 7336d9bba1d6e17afbbd64310ed1d5cd to remote] DEBUG org.asynchttpclient.netty.request.NettyRequestSender - Using open Channel [id: 0x4c386e8c, L:/127.0.0.1:51657 - R:localhost/127.0.0.1:14501] for POST '/session/7336d9bba1d6e17afbbd64310ed1d5cd/execute/sync'
08:45:10.679 [AsyncHttpClient-1-17] DEBUG org.asynchttpclient.netty.handler.HttpHandler - 

Request DefaultHttpRequest(decodeResult: success, version: HTTP/1.1)
POST /session/7336d9bba1d6e17afbbd64310ed1d5cd/execute/sync HTTP/1.1
User-Agent: selenium/4.13.0 (java mac)
Content-Length: 180
Content-Type: application/json; charset=utf-8
host: localhost:14501
accept: */*

Response DefaultHttpResponse(decodeResult: success, version: HTTP/1.1)
HTTP/1.1 200 OK
Content-Length: 14
Content-Type: application/json; charset=utf-8
cache-control: no-cache

08:45:10.679 [AsyncHttpClient-1-17] DEBUG org.asynchttpclient.netty.channel.ChannelManager - Adding key: http://localhost:14501 for channel [id: 0x4c386e8c, L:/127.0.0.1:51657 - R:localhost/127.0.0.1:14501]
08:45:10.681 [Forwarding isElementDisplayed on session 7336d9bba1d6e17afbbd64310ed1d5cd to remote] DEBUG org.asynchttpclient.netty.request.NettyRequestSender - Using pooled Channel '[id: 0x4c386e8c, L:/127.0.0.1:51657 - R:localhost/127.0.0.1:14501]' for 'POST' to 'http://localhost:14501/session/7336d9bba1d6e17afbbd64310ed1d5cd/execute/sync'
08:45:10.681 [Forwarding isElementDisplayed on session 7336d9bba1d6e17afbbd64310ed1d5cd to remote] DEBUG org.asynchttpclient.netty.request.NettyRequestSender - Using open Channel [id: 0x4c386e8c, L:/127.0.0.1:51657 - R:localhost/127.0.0.1:14501] for POST '/session/7336d9bba1d6e17afbbd64310ed1d5cd/execute/sync'
08:45:10.687 [AsyncHttpClient-1-17] DEBUG org.asynchttpclient.netty.handler.HttpHandler - 

Request DefaultHttpRequest(decodeResult: success, version: HTTP/1.1)
POST /session/7336d9bba1d6e17afbbd64310ed1d5cd/execute/sync HTTP/1.1
User-Agent: selenium/4.13.0 (java mac)
Content-Length: 48815
Content-Type: application/json; charset=utf-8
host: localhost:14501
accept: */*

Response DefaultHttpResponse(decodeResult: success, version: HTTP/1.1)
HTTP/1.1 200 OK
Content-Length: 14
Content-Type: application/json; charset=utf-8
cache-control: no-cache

08:45:10.687 [AsyncHttpClient-1-17] DEBUG org.asynchttpclient.netty.channel.ChannelManager - Adding key: http://localhost:14501 for channel [id: 0x4c386e8c, L:/127.0.0.1:51657 - R:localhost/127.0.0.1:14501]
08:45:10.688 [Forwarding findElement on session 7336d9bba1d6e17afbbd64310ed1d5cd to remote] DEBUG org.asynchttpclient.netty.request.NettyRequestSender - Using pooled Channel '[id: 0x4c386e8c, L:/127.0.0.1:51657 - R:localhost/127.0.0.1:14501]' for 'POST' to 'http://localhost:14501/session/7336d9bba1d6e17afbbd64310ed1d5cd/element'
08:45:10.688 [Forwarding findElement on session 7336d9bba1d6e17afbbd64310ed1d5cd to remote] DEBUG org.asynchttpclient.netty.request.NettyRequestSender - Using open Channel [id: 0x4c386e8c, L:/127.0.0.1:51657 - R:localhost/127.0.0.1:14501] for POST '/session/7336d9bba1d6e17afbbd64310ed1d5cd/element'
08:45:10.697 [AsyncHttpClient-1-17] DEBUG org.asynchttpclient.netty.handler.HttpHandler - 

Request DefaultHttpRequest(decodeResult: success, version: HTTP/1.1)
POST /session/7336d9bba1d6e17afbbd64310ed1d5cd/element HTTP/1.1
User-Agent: selenium/4.13.0 (java mac)
Content-Length: 76
Content-Type: application/json; charset=utf-8
host: localhost:14501
accept: */*

Response DefaultHttpResponse(decodeResult: success, version: HTTP/1.1)
HTTP/1.1 200 OK
Content-Length: 96
Content-Type: application/json; charset=utf-8
cache-control: no-cache

08:45:10.697 [AsyncHttpClient-1-17] DEBUG org.asynchttpclient.netty.channel.ChannelManager - Adding key: http://localhost:14501 for channel [id: 0x4c386e8c, L:/127.0.0.1:51657 - R:localhost/127.0.0.1:14501]
08:45:10.698 [Forwarding executeScript on session 7336d9bba1d6e17afbbd64310ed1d5cd to remote] DEBUG org.asynchttpclient.netty.request.NettyRequestSender - Using pooled Channel '[id: 0x4c386e8c, L:/127.0.0.1:51657 - R:localhost/127.0.0.1:14501]' for 'POST' to 'http://localhost:14501/session/7336d9bba1d6e17afbbd64310ed1d5cd/execute/sync'
08:45:10.698 [Forwarding executeScript on session 7336d9bba1d6e17afbbd64310ed1d5cd to remote] DEBUG org.asynchttpclient.netty.request.NettyRequestSender - Using open Channel [id: 0x4c386e8c, L:/127.0.0.1:51657 - R:localhost/127.0.0.1:14501] for POST '/session/7336d9bba1d6e17afbbd64310ed1d5cd/execute/sync'
08:45:10.702 [AsyncHttpClient-1-17] DEBUG org.asynchttpclient.netty.handler.HttpHandler - 

Request DefaultHttpRequest(decodeResult: success, version: HTTP/1.1)
POST /session/7336d9bba1d6e17afbbd64310ed1d5cd/execute/sync HTTP/1.1
User-Agent: selenium/4.13.0 (java mac)
Content-Length: 180
Content-Type: application/json; charset=utf-8
host: localhost:14501
accept: */*

Response DefaultHttpResponse(decodeResult: success, version: HTTP/1.1)
HTTP/1.1 200 OK
Content-Length: 14
Content-Type: application/json; charset=utf-8
cache-control: no-cache

08:45:10.702 [AsyncHttpClient-1-17] DEBUG org.asynchttpclient.netty.channel.ChannelManager - Adding key: http://localhost:14501 for channel [id: 0x4c386e8c, L:/127.0.0.1:51657 - R:localhost/127.0.0.1:14501]
08:45:10.703 [Forwarding isElementDisplayed on session 7336d9bba1d6e17afbbd64310ed1d5cd to remote] DEBUG org.asynchttpclient.netty.request.NettyRequestSender - Using pooled Channel '[id: 0x4c386e8c, L:/127.0.0.1:51657 - R:localhost/127.0.0.1:14501]' for 'POST' to 'http://localhost:14501/session/7336d9bba1d6e17afbbd64310ed1d5cd/execute/sync'
08:45:10.703 [Forwarding isElementDisplayed on session 7336d9bba1d6e17afbbd64310ed1d5cd to remote] DEBUG org.asynchttpclient.netty.request.NettyRequestSender - Using open Channel [id: 0x4c386e8c, L:/127.0.0.1:51657 - R:localhost/127.0.0.1:14501] for POST '/session/7336d9bba1d6e17afbbd64310ed1d5cd/execute/sync'
08:45:10.710 [AsyncHttpClient-1-17] DEBUG org.asynchttpclient.netty.handler.HttpHandler - 

Request DefaultHttpRequest(decodeResult: success, version: HTTP/1.1)
POST /session/7336d9bba1d6e17afbbd64310ed1d5cd/execute/sync HTTP/1.1
User-Agent: selenium/4.13.0 (java mac)
Content-Length: 48815
Content-Type: application/json; charset=utf-8
host: localhost:14501
accept: */*

Response DefaultHttpResponse(decodeResult: success, version: HTTP/1.1)
HTTP/1.1 200 OK
Content-Length: 14
Content-Type: application/json; charset=utf-8
cache-control: no-cache

08:45:10.710 [AsyncHttpClient-1-17] DEBUG org.asynchttpclient.netty.channel.ChannelManager - Adding key: http://localhost:14501 for channel [id: 0x4c386e8c, L:/127.0.0.1:51657 - R:localhost/127.0.0.1:14501]
]]></system-out>
    <system-err><![CDATA[Jan 14, 2024 8:45:03 AM org.openqa.selenium.devtools.CdpVersionFinder findNearestMatch
WARNING: Unable to find an exact match for CDP version 120, so returning the closest version found: 117
]]></system-err>
  </testcase>
</testsuite>