<?xml version="1.0" encoding="UTF-8"?>
<testsuite xmlns:xsi="http://www.w3.org/2001/XMLSchema-instance" xsi:noNamespaceSchemaLocation="https://maven.apache.org/surefire/maven-surefire-plugin/xsd/surefire-test-report-3.0.xsd" version="3.0" name="TestSuite" time="103.914" tests="6" errors="0" skipped="0" failures="2">
  <properties>
[...]
</properties>
  <testcase name="vaerifyAllHeaderSectionsPresent" classname="com.sample.modules.HomePage" time="2.178">
    <system-out><![CDATA[23:05:29.752 [main] DEBUG org.testng.TestNG - suiteXmlPath: "/Users/apple/Documents/HHP/Projects/sample/src/test/resources/testng.xml"
23:05:29.959 [main] DEBUG org.testng.internal.Graph - [Graph] ADDING NODE Base.fetchSuiteConfiguration(org.testng.ITestContext)[pri:0, instance:null] -425574212
23:05:29.959 [main] DEBUG org.testng.internal.Graph - [Graph] ================ SORTING
23:05:29.963 [main] DEBUG org.testng.internal.Graph - [Graph] =============== DONE SORTING
23:05:29.963 [main] DEBUG org.testng.internal.Graph - [Graph] ====== SORTED NODES
23:05:29.963 [main] DEBUG org.testng.internal.Graph - [Graph] ====== END SORTED NODES
23:05:29.964 [main] DEBUG org.testng.internal.Graph - [Graph] ADDING NODE Base.after()[pri:0, instance:null] -301863784
23:05:29.965 [main] DEBUG org.testng.internal.Graph - [Graph] ================ SORTING
23:05:29.965 [main] DEBUG org.testng.internal.Graph - [Graph] =============== DONE SORTING
23:05:29.965 [main] DEBUG org.testng.internal.Graph - [Graph] ====== SORTED NODES
23:05:29.965 [main] DEBUG org.testng.internal.Graph - [Graph] ====== END SORTED NODES
23:05:29.972 [main] DEBUG org.testng.internal.Graph - [Graph] ADDING NODE Base.setUp(java.lang.reflect.Method)[pri:0, instance:null] -318578857
23:05:29.972 [main] DEBUG org.testng.internal.Graph - [Graph] ================ SORTING
23:05:29.972 [main] DEBUG org.testng.internal.Graph - [Graph] =============== DONE SORTING
23:05:29.972 [main] DEBUG org.testng.internal.Graph - [Graph] ====== SORTED NODES
23:05:29.972 [main] DEBUG org.testng.internal.Graph - [Graph] ====== END SORTED NODES
23:05:29.973 [main] DEBUG org.testng.internal.Graph - [Graph] ADDING NODE Base.tearDown(org.testng.ITestResult)[pri:0, instance:null] 2001482656
23:05:29.974 [main] DEBUG org.testng.internal.Graph - [Graph] ================ SORTING
23:05:29.974 [main] DEBUG org.testng.internal.Graph - [Graph] =============== DONE SORTING
23:05:29.974 [main] DEBUG org.testng.internal.Graph - [Graph] ====== SORTED NODES
23:05:29.974 [main] DEBUG org.testng.internal.Graph - [Graph] ====== END SORTED NODES
23:05:29.975 [main] DEBUG org.testng.internal.Graph - [Graph] ADDING NODE Base.fetchSuiteConfiguration(org.testng.ITestContext)[pri:0, instance:com.sample.modules.HomePage@7c729a55] 1779986713
23:05:29.975 [main] DEBUG org.testng.internal.Graph - [Graph] ================ SORTING
23:05:29.975 [main] DEBUG org.testng.internal.Graph - [Graph] =============== DONE SORTING
23:05:29.976 [main] DEBUG org.testng.internal.Graph - [Graph] ====== SORTED NODES
23:05:29.976 [main] DEBUG org.testng.internal.Graph - [Graph] ====== END SORTED NODES
23:05:29.980 [main] DEBUG org.testng.internal.Graph - [Graph] ADDING NODE HomePage.vaerifyCountryCurrencyWidget()[pri:0, instance:com.sample.modules.HomePage@7c729a55] 1700878987
23:05:29.980 [main] DEBUG org.testng.internal.Graph - [Graph] ADDING NODE HomePage.vaerifyAllHeaderSectionsPresent()[pri:0, instance:com.sample.modules.HomePage@7c729a55] 110106151
23:05:29.980 [main] DEBUG org.testng.internal.Graph - [Graph] ADDING NODE HomePage.verifySearchFlight()[pri:0, instance:com.sample.modules.HomePage@7c729a55] 1639784281
23:05:29.980 [main] DEBUG org.testng.internal.Graph - [Graph] ================ SORTING
23:05:29.981 [main] DEBUG org.testng.internal.Graph - [Graph] =============== DONE SORTING
23:05:29.982 [main] DEBUG org.testng.internal.Graph - [Graph] ====== SORTED NODES
23:05:29.982 [main] DEBUG org.testng.internal.Graph - [Graph] ====== END SORTED NODES
23:05:29.984 [main] DEBUG org.testng.internal.Graph - [Graph] ADDING NODE Base.after()[pri:0, instance:com.sample.modules.HomePage@7c729a55] 1320042685
23:05:29.985 [main] DEBUG org.testng.internal.Graph - [Graph] ================ SORTING
23:05:29.985 [main] DEBUG org.testng.internal.Graph - [Graph] =============== DONE SORTING
23:05:29.985 [main] DEBUG org.testng.internal.Graph - [Graph] ====== SORTED NODES
23:05:29.985 [main] DEBUG org.testng.internal.Graph - [Graph] ====== END SORTED NODES
23:05:30.004 [main] DEBUG org.testng.internal.Graph - [Graph] ADDING NODE Base.fetchSuiteConfiguration(org.testng.ITestContext)[pri:0, instance:null] -425574212
23:05:30.004 [main] DEBUG org.testng.internal.Graph - [Graph] ================ SORTING
23:05:30.004 [main] DEBUG org.testng.internal.Graph - [Graph] =============== DONE SORTING
23:05:30.004 [main] DEBUG org.testng.internal.Graph - [Graph] ====== SORTED NODES
23:05:30.004 [main] DEBUG org.testng.internal.Graph - [Graph] ====== END SORTED NODES
23:05:30.005 [main] DEBUG org.testng.internal.Graph - [Graph] ADDING NODE Base.after()[pri:0, instance:null] -301863784
23:05:30.005 [main] DEBUG org.testng.internal.Graph - [Graph] ================ SORTING
23:05:30.005 [main] DEBUG org.testng.internal.Graph - [Graph] =============== DONE SORTING
23:05:30.005 [main] DEBUG org.testng.internal.Graph - [Graph] ====== SORTED NODES
23:05:30.005 [main] DEBUG org.testng.internal.Graph - [Graph] ====== END SORTED NODES
23:05:30.007 [main] DEBUG org.testng.internal.Graph - [Graph] ADDING NODE Base.setUp(java.lang.reflect.Method)[pri:0, instance:null] -318578857
23:05:30.007 [main] DEBUG org.testng.internal.Graph - [Graph] ================ SORTING
23:05:30.007 [main] DEBUG org.testng.internal.Graph - [Graph] =============== DONE SORTING
23:05:30.007 [main] DEBUG org.testng.internal.Graph - [Graph] ====== SORTED NODES
23:05:30.007 [main] DEBUG org.testng.internal.Graph - [Graph] ====== END SORTED NODES
23:05:30.008 [main] DEBUG org.testng.internal.Graph - [Graph] ADDING NODE Base.tearDown(org.testng.ITestResult)[pri:0, instance:null] 2001482656
23:05:30.008 [main] DEBUG org.testng.internal.Graph - [Graph] ================ SORTING
23:05:30.008 [main] DEBUG org.testng.internal.Graph - [Graph] =============== DONE SORTING
23:05:30.008 [main] DEBUG org.testng.internal.Graph - [Graph] ====== SORTED NODES
23:05:30.008 [main] DEBUG org.testng.internal.Graph - [Graph] ====== END SORTED NODES
23:05:30.009 [main] DEBUG org.testng.internal.Graph - [Graph] ADDING NODE Base.fetchSuiteConfiguration(org.testng.ITestContext)[pri:0, instance:com.sample.modules.OfferPage@7f3b84b8] 1826708348
23:05:30.009 [main] DEBUG org.testng.internal.Graph - [Graph] ================ SORTING
23:05:30.009 [main] DEBUG org.testng.internal.Graph - [Graph] =============== DONE SORTING
23:05:30.009 [main] DEBUG org.testng.internal.Graph - [Graph] ====== SORTED NODES
23:05:30.009 [main] DEBUG org.testng.internal.Graph - [Graph] ====== END SORTED NODES
23:05:30.010 [main] DEBUG org.testng.internal.Graph - [Graph] ADDING NODE OfferPage.verifyOfferPageTrendingICICIFilter()[pri:0, instance:com.sample.modules.OfferPage@7f3b84b8] 360496734
23:05:30.010 [main] DEBUG org.testng.internal.Graph - [Graph] ADDING NODE OfferPage.verifyOfferPageHotelAxisFilter()[pri:0, instance:com.sample.modules.OfferPage@7f3b84b8] -98708573
23:05:30.010 [main] DEBUG org.testng.internal.Graph - [Graph] ADDING NODE OfferPage.verifyOfferPageFllightsHDFCFilter()[pri:0, instance:com.sample.modules.OfferPage@7f3b84b8] -520156114
23:05:30.010 [main] DEBUG org.testng.internal.Graph - [Graph] ================ SORTING
23:05:30.011 [main] DEBUG org.testng.internal.Graph - [Graph] =============== DONE SORTING
23:05:30.011 [main] DEBUG org.testng.internal.Graph - [Graph] ====== SORTED NODES
23:05:30.011 [main] DEBUG org.testng.internal.Graph - [Graph] ====== END SORTED NODES
23:05:30.012 [main] DEBUG org.testng.internal.Graph - [Graph] ADDING NODE Base.after()[pri:0, instance:com.sample.modules.OfferPage@7f3b84b8] 1366764320
23:05:30.012 [main] DEBUG org.testng.internal.Graph - [Graph] ================ SORTING
23:05:30.012 [main] DEBUG org.testng.internal.Graph - [Graph] =============== DONE SORTING
23:05:30.012 [main] DEBUG org.testng.internal.Graph - [Graph] ====== SORTED NODES
23:05:30.012 [main] DEBUG org.testng.internal.Graph - [Graph] ====== END SORTED NODES
23:05:30.172 [main] DEBUG io.netty.util.internal.logging.InternalLoggerFactory - Using SLF4J as the default logging framework
23:05:30.174 [main] DEBUG io.netty.util.ResourceLeakDetector - -Dio.netty.leakDetection.level: simple
23:05:30.175 [main] DEBUG io.netty.util.ResourceLeakDetector - -Dio.netty.leakDetection.targetRecords: 4
23:05:30.178 [main] DEBUG io.netty.util.ResourceLeakDetectorFactory - Loaded default ResourceLeakDetector: io.netty.util.ResourceLeakDetector@5745ca0e
23:05:30.192 [main] DEBUG io.netty.util.internal.PlatformDependent0 - -Dio.netty.noUnsafe: false
23:05:30.192 [main] DEBUG io.netty.util.internal.PlatformDependent0 - Java version: 21
23:05:30.194 [main] DEBUG io.netty.util.internal.PlatformDependent0 - sun.misc.Unsafe.theUnsafe: available
23:05:30.194 [main] DEBUG io.netty.util.internal.PlatformDependent0 - sun.misc.Unsafe.copyMemory: available
23:05:30.195 [main] DEBUG io.netty.util.internal.PlatformDependent0 - sun.misc.Unsafe.storeFence: available
23:05:30.196 [main] DEBUG io.netty.util.internal.PlatformDependent0 - java.nio.Buffer.address: available
23:05:30.196 [main] DEBUG io.netty.util.internal.PlatformDependent0 - direct buffer constructor: unavailable: Reflective setAccessible(true) disabled
23:05:30.197 [main] DEBUG io.netty.util.internal.PlatformDependent0 - java.nio.Bits.unaligned: available, true
23:05:30.198 [main] DEBUG io.netty.util.internal.PlatformDependent0 - jdk.internal.misc.Unsafe.allocateUninitializedArray(int): unavailable: class io.netty.util.internal.PlatformDependent0$7 cannot access class jdk.internal.misc.Unsafe (in module java.base) because module java.base does not export jdk.internal.misc to unnamed module @603ee946
23:05:30.199 [main] DEBUG io.netty.util.internal.PlatformDependent0 - java.nio.DirectByteBuffer.<init>(long, {int,long}): unavailable
23:05:30.199 [main] DEBUG io.netty.util.internal.PlatformDependent - sun.misc.Unsafe: available
23:05:30.201 [main] DEBUG io.netty.util.internal.PlatformDependent - maxDirectMemory: 8589934592 bytes (maybe)
23:05:30.201 [main] DEBUG io.netty.util.internal.PlatformDependent - -Dio.netty.tmpdir: /var/folders/pb/lrccxhdn21v014jb8bt4rb_r0000gn/T (java.io.tmpdir)
23:05:30.201 [main] DEBUG io.netty.util.internal.PlatformDependent - -Dio.netty.bitMode: 64 (sun.arch.data.model)
23:05:30.201 [main] DEBUG io.netty.util.internal.PlatformDependent - Platform: MacOS
23:05:30.202 [main] DEBUG io.netty.util.internal.PlatformDependent - -Dio.netty.maxDirectMemory: -1 bytes
23:05:30.202 [main] DEBUG io.netty.util.internal.PlatformDependent - -Dio.netty.uninitializedArrayAllocationThreshold: -1
23:05:30.204 [main] DEBUG io.netty.util.internal.CleanerJava9 - java.nio.ByteBuffer.cleaner(): available
23:05:30.204 [main] DEBUG io.netty.util.internal.PlatformDependent - -Dio.netty.noPreferDirect: false
23:05:30.211 [main] DEBUG io.netty.util.internal.PlatformDependent - org.jctools-core.MpscChunkedArrayQueue: available
23:05:30.225 [main] DEBUG io.netty.util.internal.InternalThreadLocalMap - -Dio.netty.threadLocalMap.stringBuilder.initialSize: 1024
23:05:30.225 [main] DEBUG io.netty.util.internal.InternalThreadLocalMap - -Dio.netty.threadLocalMap.stringBuilder.maxSize: 4096
23:05:30.370 [main] DEBUG io.netty.handler.ssl.JdkSslContext - Default protocols (JDK): [TLSv1.3, TLSv1.2] 
23:05:30.370 [main] DEBUG io.netty.handler.ssl.JdkSslContext - Default cipher suites (JDK): [TLS_ECDHE_ECDSA_WITH_AES_256_GCM_SHA384, TLS_ECDHE_ECDSA_WITH_AES_128_GCM_SHA256, TLS_ECDHE_RSA_WITH_AES_128_GCM_SHA256, TLS_ECDHE_RSA_WITH_AES_256_GCM_SHA384, TLS_ECDHE_RSA_WITH_AES_128_CBC_SHA, TLS_ECDHE_RSA_WITH_AES_256_CBC_SHA, TLS_RSA_WITH_AES_128_GCM_SHA256, TLS_RSA_WITH_AES_128_CBC_SHA, TLS_RSA_WITH_AES_256_CBC_SHA, TLS_AES_128_GCM_SHA256, TLS_AES_256_GCM_SHA384]
23:05:30.379 [main] DEBUG io.netty.util.concurrent.GlobalEventExecutor - -Dio.netty.globalEventExecutor.quietPeriodSeconds: 1
23:05:30.388 [main] DEBUG io.netty.channel.MultithreadEventLoopGroup - -Dio.netty.eventLoopThreads: 24
23:05:30.395 [main] DEBUG io.netty.channel.nio.NioEventLoop - -Dio.netty.noKeySetOptimization: false
23:05:30.395 [main] DEBUG io.netty.channel.nio.NioEventLoop - -Dio.netty.selectorAutoRebuildThreshold: 512
23:05:30.425 [main] DEBUG io.netty.buffer.PooledByteBufAllocator - -Dio.netty.allocator.numHeapArenas: 24
23:05:30.425 [main] DEBUG io.netty.buffer.PooledByteBufAllocator - -Dio.netty.allocator.numDirectArenas: 24
23:05:30.425 [main] DEBUG io.netty.buffer.PooledByteBufAllocator - -Dio.netty.allocator.pageSize: 8192
23:05:30.425 [main] DEBUG io.netty.buffer.PooledByteBufAllocator - -Dio.netty.allocator.maxOrder: 9
23:05:30.425 [main] DEBUG io.netty.buffer.PooledByteBufAllocator - -Dio.netty.allocator.chunkSize: 4194304
23:05:30.425 [main] DEBUG io.netty.buffer.PooledByteBufAllocator - -Dio.netty.allocator.smallCacheSize: 256
23:05:30.425 [main] DEBUG io.netty.buffer.PooledByteBufAllocator - -Dio.netty.allocator.normalCacheSize: 64
23:05:30.425 [main] DEBUG io.netty.buffer.PooledByteBufAllocator - -Dio.netty.allocator.maxCachedBufferCapacity: 32768
23:05:30.425 [main] DEBUG io.netty.buffer.PooledByteBufAllocator - -Dio.netty.allocator.cacheTrimInterval: 8192
23:05:30.426 [main] DEBUG io.netty.buffer.PooledByteBufAllocator - -Dio.netty.allocator.cacheTrimIntervalMillis: 0
23:05:30.426 [main] DEBUG io.netty.buffer.PooledByteBufAllocator - -Dio.netty.allocator.useCacheForAllThreads: false
23:05:30.426 [main] DEBUG io.netty.buffer.PooledByteBufAllocator - -Dio.netty.allocator.maxCachedByteBuffersPerChunk: 1023
23:05:30.435 [main] DEBUG io.netty.buffer.ByteBufUtil - -Dio.netty.allocator.type: pooled
23:05:30.436 [main] DEBUG io.netty.buffer.ByteBufUtil - -Dio.netty.threadLocalDirectBufferSize: 0
23:05:30.436 [main] DEBUG io.netty.buffer.ByteBufUtil - -Dio.netty.maxThreadLocalCharBufferSize: 16384
23:05:30.652 [Forwarding newSession on session null to remote] DEBUG io.netty.channel.DefaultChannelId - -Dio.netty.processId: 3941 (auto-detected)
23:05:30.653 [Forwarding newSession on session null to remote] DEBUG io.netty.util.NetUtil - -Djava.net.preferIPv4Stack: false
23:05:30.653 [Forwarding newSession on session null to remote] DEBUG io.netty.util.NetUtil - -Djava.net.preferIPv6Addresses: false
23:05:30.658 [Forwarding newSession on session null to remote] DEBUG io.netty.util.NetUtilInitializations - Loopback interface: lo0 (lo0, 0:0:0:0:0:0:0:1%lo0)
23:05:30.659 [Forwarding newSession on session null to remote] DEBUG io.netty.util.NetUtil - Failed to get SOMAXCONN from sysctl and file /proc/sys/net/core/somaxconn. Default: 128
23:05:30.660 [Forwarding newSession on session null to remote] DEBUG io.netty.channel.DefaultChannelId - -Dio.netty.machineId: 38:f9:d3:ff:fe:71:60:64 (auto-detected)
23:05:30.689 [AsyncHttpClient-1-2] DEBUG io.netty.buffer.AbstractByteBuf - -Dio.netty.buffer.checkAccessible: true
23:05:30.690 [AsyncHttpClient-1-2] DEBUG io.netty.buffer.AbstractByteBuf - -Dio.netty.buffer.checkBounds: true
23:05:30.690 [AsyncHttpClient-1-2] DEBUG io.netty.util.ResourceLeakDetectorFactory - Loaded default ResourceLeakDetector: io.netty.util.ResourceLeakDetector@2d3f82e7
23:05:30.701 [AsyncHttpClient-1-2] DEBUG org.asynchttpclient.netty.channel.NettyConnectListener - Using new Channel '[id: 0x24425cfe, L:/127.0.0.1:53530 - R:localhost/127.0.0.1:41999]' for 'POST' to '/session'
23:05:30.711 [AsyncHttpClient-1-2] DEBUG io.netty.util.Recycler - -Dio.netty.recycler.maxCapacityPerThread: 4096
23:05:30.711 [AsyncHttpClient-1-2] DEBUG io.netty.util.Recycler - -Dio.netty.recycler.ratio: 8
23:05:30.711 [AsyncHttpClient-1-2] DEBUG io.netty.util.Recycler - -Dio.netty.recycler.chunkSize: 32
23:05:30.711 [AsyncHttpClient-1-2] DEBUG io.netty.util.Recycler - -Dio.netty.recycler.blocking: false
23:05:30.711 [AsyncHttpClient-1-2] DEBUG io.netty.util.Recycler - -Dio.netty.recycler.batchFastThreadLocalOnly: true
23:05:31.710 [AsyncHttpClient-1-2] DEBUG io.netty.handler.codec.compression.Brotli - brotli4j not in the classpath; Brotli support will be unavailable.
23:05:31.710 [AsyncHttpClient-1-2] DEBUG org.asynchttpclient.netty.handler.HttpHandler - 

Request DefaultHttpRequest(decodeResult: success, version: HTTP/1.1)
POST /session HTTP/1.1
User-Agent: selenium/4.13.0 (java mac)
Content-Length: 291
Content-Type: application/json; charset=utf-8
host: localhost:41999
accept: */*

Response DefaultHttpResponse(decodeResult: success, version: HTTP/1.1)
HTTP/1.1 200 OK
Content-Length: 891
Content-Type: application/json; charset=utf-8
cache-control: no-cache

23:05:31.716 [AsyncHttpClient-1-2] DEBUG org.asynchttpclient.netty.channel.ChannelManager - Adding key: http://localhost:41999 for channel [id: 0x24425cfe, L:/127.0.0.1:53530 - R:localhost/127.0.0.1:41999]
23:05:31.792 [AsyncHttpClient-1-3] DEBUG org.asynchttpclient.netty.channel.NettyConnectListener - Using new Channel '[id: 0x94849bc7, L:/127.0.0.1:53535 - R:localhost/127.0.0.1:53531]' for 'GET' to '/json/version'
23:05:31.795 [AsyncHttpClient-1-3] DEBUG org.asynchttpclient.netty.handler.HttpHandler - 

Request DefaultFullHttpRequest(decodeResult: success, version: HTTP/1.1, content: EmptyByteBufBE)
GET /json/version HTTP/1.1
User-Agent: selenium/4.13.0 (java mac)
host: localhost:53531
accept: */*

Response DefaultHttpResponse(decodeResult: success, version: HTTP/1.1)
HTTP/1.1 200 OK
Content-Security-Policy: frame-ancestors 'none'
Content-Length: 422
Content-Type: application/json; charset=UTF-8

23:05:31.796 [AsyncHttpClient-1-3] DEBUG org.asynchttpclient.netty.channel.ChannelManager - Adding key: http://localhost:53531 for channel [id: 0x94849bc7, L:/127.0.0.1:53535 - R:localhost/127.0.0.1:53531]
23:05:31.804 [main] DEBUG io.netty.util.internal.ThreadLocalRandom - -Dio.netty.initialSeedUniquifier: 0x95c6c07f97c37677
23:05:31.807 [AsyncHttpClient-1-4] DEBUG org.asynchttpclient.netty.channel.NettyConnectListener - Using new Channel '[id: 0x38c27d5a, L:/127.0.0.1:53536 - R:localhost/127.0.0.1:53531]' for 'GET' to '/devtools/browser/13e0a711-5caf-43d5-a0bb-12b97e311f72'
23:05:31.811 [AsyncHttpClient-1-4] DEBUG org.asynchttpclient.netty.handler.WebSocketHandler - 

Request DefaultFullHttpRequest(decodeResult: success, version: HTTP/1.1, content: EmptyByteBufBE)
GET /devtools/browser/13e0a711-5caf-43d5-a0bb-12b97e311f72 HTTP/1.1
upgrade: websocket
connection: upgrade
sec-websocket-key: RlGyD1gOIuFSo9fM5DlKIg==
sec-websocket-version: 13
origin: http://localhost:53531
host: localhost:53531
accept: */*
user-agent: AHC/2.1

Response DefaultHttpResponse(decodeResult: success, version: HTTP/1.1)
HTTP/1.1 101 WebSocket Protocol Handshake
Upgrade: WebSocket
Connection: Upgrade
Sec-WebSocket-Accept: kPfsK7boRE/KsTNbr5O4hquMjLk=

23:05:31.864 [Forwarding maximizeCurrentWindow on session 8ea3d97e8e78b6e99114f7d8e22667ab to remote] DEBUG org.asynchttpclient.netty.request.NettyRequestSender - Using pooled Channel '[id: 0x24425cfe, L:/127.0.0.1:53530 - R:localhost/127.0.0.1:41999]' for 'POST' to 'http://localhost:41999/session/8ea3d97e8e78b6e99114f7d8e22667ab/window/maximize'
23:05:31.864 [Forwarding maximizeCurrentWindow on session 8ea3d97e8e78b6e99114f7d8e22667ab to remote] DEBUG org.asynchttpclient.netty.request.NettyRequestSender - Using open Channel [id: 0x24425cfe, L:/127.0.0.1:53530 - R:localhost/127.0.0.1:41999] for POST '/session/8ea3d97e8e78b6e99114f7d8e22667ab/window/maximize'
23:05:32.343 [AsyncHttpClient-1-2] DEBUG org.asynchttpclient.netty.handler.HttpHandler - 

Request DefaultHttpRequest(decodeResult: success, version: HTTP/1.1)
POST /session/8ea3d97e8e78b6e99114f7d8e22667ab/window/maximize HTTP/1.1
User-Agent: selenium/4.13.0 (java mac)
Content-Length: 3
Content-Type: application/json; charset=utf-8
host: localhost:41999
accept: */*

Response DefaultHttpResponse(decodeResult: success, version: HTTP/1.1)
HTTP/1.1 200 OK
Content-Length: 50
Content-Type: application/json; charset=utf-8
cache-control: no-cache

23:05:32.344 [AsyncHttpClient-1-2] DEBUG org.asynchttpclient.netty.channel.ChannelManager - Adding key: http://localhost:41999 for channel [id: 0x24425cfe, L:/127.0.0.1:53530 - R:localhost/127.0.0.1:41999]
23:05:32.368 [Forwarding get on session 8ea3d97e8e78b6e99114f7d8e22667ab to remote] DEBUG org.asynchttpclient.netty.request.NettyRequestSender - Using pooled Channel '[id: 0x24425cfe, L:/127.0.0.1:53530 - R:localhost/127.0.0.1:41999]' for 'POST' to 'http://localhost:41999/session/8ea3d97e8e78b6e99114f7d8e22667ab/url'
23:05:32.368 [Forwarding get on session 8ea3d97e8e78b6e99114f7d8e22667ab to remote] DEBUG org.asynchttpclient.netty.request.NettyRequestSender - Using open Channel [id: 0x24425cfe, L:/127.0.0.1:53530 - R:localhost/127.0.0.1:41999] for POST '/session/8ea3d97e8e78b6e99114f7d8e22667ab/url'
23:05:32.516 [AsyncHttpClient-1-1] DEBUG org.asynchttpclient.netty.channel.DefaultChannelPool - Entry count for : http://localhost:53531 : 1
23:05:33.615 [AsyncHttpClient-1-1] DEBUG org.asynchttpclient.netty.channel.DefaultChannelPool - Entry count for : http://localhost:53531 : 1
23:05:34.086 [AsyncHttpClient-1-2] DEBUG org.asynchttpclient.netty.handler.HttpHandler - 

Request DefaultHttpRequest(decodeResult: success, version: HTTP/1.1)
POST /session/8ea3d97e8e78b6e99114f7d8e22667ab/url HTTP/1.1
User-Agent: selenium/4.13.0 (java mac)
Content-Length: 57
Content-Type: application/json; charset=utf-8
host: localhost:41999
accept: */*

Response DefaultHttpResponse(decodeResult: success, version: HTTP/1.1)
HTTP/1.1 200 OK
Content-Length: 14
Content-Type: application/json; charset=utf-8
cache-control: no-cache

23:05:34.087 [AsyncHttpClient-1-2] DEBUG org.asynchttpclient.netty.channel.ChannelManager - Adding key: http://localhost:41999 for channel [id: 0x24425cfe, L:/127.0.0.1:53530 - R:localhost/127.0.0.1:41999]
Step 0 : Open URL - null
23:05:34.715 [AsyncHttpClient-1-1] DEBUG org.asynchttpclient.netty.channel.DefaultChannelPool - Entry count for : http://localhost:41999 : 1
23:05:34.715 [AsyncHttpClient-1-1] DEBUG org.asynchttpclient.netty.channel.DefaultChannelPool - Entry count for : http://localhost:53531 : 1
23:05:35.816 [AsyncHttpClient-1-1] DEBUG org.asynchttpclient.netty.channel.DefaultChannelPool - Entry count for : http://localhost:41999 : 1
23:05:35.816 [AsyncHttpClient-1-1] DEBUG org.asynchttpclient.netty.channel.DefaultChannelPool - Entry count for : http://localhost:53531 : 1
Step 1 : Varify mmt logo present.
23:05:36.095 [Forwarding findElement on session 8ea3d97e8e78b6e99114f7d8e22667ab to remote] DEBUG org.asynchttpclient.netty.request.NettyRequestSender - Using pooled Channel '[id: 0x24425cfe, L:/127.0.0.1:53530 - R:localhost/127.0.0.1:41999]' for 'POST' to 'http://localhost:41999/session/8ea3d97e8e78b6e99114f7d8e22667ab/element'
23:05:36.095 [Forwarding findElement on session 8ea3d97e8e78b6e99114f7d8e22667ab to remote] DEBUG org.asynchttpclient.netty.request.NettyRequestSender - Using open Channel [id: 0x24425cfe, L:/127.0.0.1:53530 - R:localhost/127.0.0.1:41999] for POST '/session/8ea3d97e8e78b6e99114f7d8e22667ab/element'
23:05:36.115 [AsyncHttpClient-1-2] DEBUG org.asynchttpclient.netty.handler.HttpHandler - 

Request DefaultHttpRequest(decodeResult: success, version: HTTP/1.1)
POST /session/8ea3d97e8e78b6e99114f7d8e22667ab/element HTTP/1.1
User-Agent: selenium/4.13.0 (java mac)
Content-Length: 78
Content-Type: application/json; charset=utf-8
host: localhost:41999
accept: */*

Response DefaultHttpResponse(decodeResult: success, version: HTTP/1.1)
HTTP/1.1 200 OK
Content-Length: 95
Content-Type: application/json; charset=utf-8
cache-control: no-cache

23:05:36.116 [AsyncHttpClient-1-2] DEBUG org.asynchttpclient.netty.channel.ChannelManager - Adding key: http://localhost:41999 for channel [id: 0x24425cfe, L:/127.0.0.1:53530 - R:localhost/127.0.0.1:41999]
23:05:36.119 [Forwarding executeScript on session 8ea3d97e8e78b6e99114f7d8e22667ab to remote] DEBUG org.asynchttpclient.netty.request.NettyRequestSender - Using pooled Channel '[id: 0x24425cfe, L:/127.0.0.1:53530 - R:localhost/127.0.0.1:41999]' for 'POST' to 'http://localhost:41999/session/8ea3d97e8e78b6e99114f7d8e22667ab/execute/sync'
23:05:36.119 [Forwarding executeScript on session 8ea3d97e8e78b6e99114f7d8e22667ab to remote] DEBUG org.asynchttpclient.netty.request.NettyRequestSender - Using open Channel [id: 0x24425cfe, L:/127.0.0.1:53530 - R:localhost/127.0.0.1:41999] for POST '/session/8ea3d97e8e78b6e99114f7d8e22667ab/execute/sync'
23:05:36.125 [AsyncHttpClient-1-2] DEBUG org.asynchttpclient.netty.handler.HttpHandler - 

Request DefaultHttpRequest(decodeResult: success, version: HTTP/1.1)
POST /session/8ea3d97e8e78b6e99114f7d8e22667ab/execute/sync HTTP/1.1
User-Agent: selenium/4.13.0 (java mac)
Content-Length: 179
Content-Type: application/json; charset=utf-8
host: localhost:41999
accept: */*

Response DefaultHttpResponse(decodeResult: success, version: HTTP/1.1)
HTTP/1.1 200 OK
Content-Length: 14
Content-Type: application/json; charset=utf-8
cache-control: no-cache

23:05:36.125 [AsyncHttpClient-1-2] DEBUG org.asynchttpclient.netty.channel.ChannelManager - Adding key: http://localhost:41999 for channel [id: 0x24425cfe, L:/127.0.0.1:53530 - R:localhost/127.0.0.1:41999]
23:05:36.134 [Forwarding isElementDisplayed on session 8ea3d97e8e78b6e99114f7d8e22667ab to remote] DEBUG org.asynchttpclient.netty.request.NettyRequestSender - Using pooled Channel '[id: 0x24425cfe, L:/127.0.0.1:53530 - R:localhost/127.0.0.1:41999]' for 'POST' to 'http://localhost:41999/session/8ea3d97e8e78b6e99114f7d8e22667ab/execute/sync'
23:05:36.134 [Forwarding isElementDisplayed on session 8ea3d97e8e78b6e99114f7d8e22667ab to remote] DEBUG org.asynchttpclient.netty.request.NettyRequestSender - Using open Channel [id: 0x24425cfe, L:/127.0.0.1:53530 - R:localhost/127.0.0.1:41999] for POST '/session/8ea3d97e8e78b6e99114f7d8e22667ab/execute/sync'
23:05:36.152 [AsyncHttpClient-1-2] DEBUG org.asynchttpclient.netty.handler.HttpHandler - 

Request DefaultHttpRequest(decodeResult: success, version: HTTP/1.1)
POST /session/8ea3d97e8e78b6e99114f7d8e22667ab/execute/sync HTTP/1.1
User-Agent: selenium/4.13.0 (java mac)
Content-Length: 48814
Content-Type: application/json; charset=utf-8
host: localhost:41999
accept: */*

Response DefaultHttpResponse(decodeResult: success, version: HTTP/1.1)
HTTP/1.1 200 OK
Content-Length: 14
Content-Type: application/json; charset=utf-8
cache-control: no-cache

23:05:36.152 [AsyncHttpClient-1-2] DEBUG org.asynchttpclient.netty.channel.ChannelManager - Adding key: http://localhost:41999 for channel [id: 0x24425cfe, L:/127.0.0.1:53530 - R:localhost/127.0.0.1:41999]
Step 2 : Varify mmt login section present.
23:05:36.155 [Forwarding findElement on session 8ea3d97e8e78b6e99114f7d8e22667ab to remote] DEBUG org.asynchttpclient.netty.request.NettyRequestSender - Using pooled Channel '[id: 0x24425cfe, L:/127.0.0.1:53530 - R:localhost/127.0.0.1:41999]' for 'POST' to 'http://localhost:41999/session/8ea3d97e8e78b6e99114f7d8e22667ab/element'
23:05:36.156 [Forwarding findElement on session 8ea3d97e8e78b6e99114f7d8e22667ab to remote] DEBUG org.asynchttpclient.netty.request.NettyRequestSender - Using open Channel [id: 0x24425cfe, L:/127.0.0.1:53530 - R:localhost/127.0.0.1:41999] for POST '/session/8ea3d97e8e78b6e99114f7d8e22667ab/element'
23:05:36.167 [AsyncHttpClient-1-2] DEBUG org.asynchttpclient.netty.handler.HttpHandler - 

Request DefaultHttpRequest(decodeResult: success, version: HTTP/1.1)
POST /session/8ea3d97e8e78b6e99114f7d8e22667ab/element HTTP/1.1
User-Agent: selenium/4.13.0 (java mac)
Content-Length: 85
Content-Type: application/json; charset=utf-8
host: localhost:41999
accept: */*

Response DefaultHttpResponse(decodeResult: success, version: HTTP/1.1)
HTTP/1.1 200 OK
Content-Length: 95
Content-Type: application/json; charset=utf-8
cache-control: no-cache

23:05:36.168 [AsyncHttpClient-1-2] DEBUG org.asynchttpclient.netty.channel.ChannelManager - Adding key: http://localhost:41999 for channel [id: 0x24425cfe, L:/127.0.0.1:53530 - R:localhost/127.0.0.1:41999]
23:05:36.172 [Forwarding executeScript on session 8ea3d97e8e78b6e99114f7d8e22667ab to remote] DEBUG org.asynchttpclient.netty.request.NettyRequestSender - Using pooled Channel '[id: 0x24425cfe, L:/127.0.0.1:53530 - R:localhost/127.0.0.1:41999]' for 'POST' to 'http://localhost:41999/session/8ea3d97e8e78b6e99114f7d8e22667ab/execute/sync'
23:05:36.172 [Forwarding executeScript on session 8ea3d97e8e78b6e99114f7d8e22667ab to remote] DEBUG org.asynchttpclient.netty.request.NettyRequestSender - Using open Channel [id: 0x24425cfe, L:/127.0.0.1:53530 - R:localhost/127.0.0.1:41999] for POST '/session/8ea3d97e8e78b6e99114f7d8e22667ab/execute/sync'
23:05:36.179 [AsyncHttpClient-1-2] DEBUG org.asynchttpclient.netty.handler.HttpHandler - 

Request DefaultHttpRequest(decodeResult: success, version: HTTP/1.1)
POST /session/8ea3d97e8e78b6e99114f7d8e22667ab/execute/sync HTTP/1.1
User-Agent: selenium/4.13.0 (java mac)
Content-Length: 179
Content-Type: application/json; charset=utf-8
host: localhost:41999
accept: */*

Response DefaultHttpResponse(decodeResult: success, version: HTTP/1.1)
HTTP/1.1 200 OK
Content-Length: 14
Content-Type: application/json; charset=utf-8
cache-control: no-cache

23:05:36.179 [AsyncHttpClient-1-2] DEBUG org.asynchttpclient.netty.channel.ChannelManager - Adding key: http://localhost:41999 for channel [id: 0x24425cfe, L:/127.0.0.1:53530 - R:localhost/127.0.0.1:41999]
23:05:36.183 [Forwarding isElementDisplayed on session 8ea3d97e8e78b6e99114f7d8e22667ab to remote] DEBUG org.asynchttpclient.netty.request.NettyRequestSender - Using pooled Channel '[id: 0x24425cfe, L:/127.0.0.1:53530 - R:localhost/127.0.0.1:41999]' for 'POST' to 'http://localhost:41999/session/8ea3d97e8e78b6e99114f7d8e22667ab/execute/sync'
23:05:36.184 [Forwarding isElementDisplayed on session 8ea3d97e8e78b6e99114f7d8e22667ab to remote] DEBUG org.asynchttpclient.netty.request.NettyRequestSender - Using open Channel [id: 0x24425cfe, L:/127.0.0.1:53530 - R:localhost/127.0.0.1:41999] for POST '/session/8ea3d97e8e78b6e99114f7d8e22667ab/execute/sync'
23:05:36.196 [AsyncHttpClient-1-2] DEBUG org.asynchttpclient.netty.handler.HttpHandler - 

Request DefaultHttpRequest(decodeResult: success, version: HTTP/1.1)
POST /session/8ea3d97e8e78b6e99114f7d8e22667ab/execute/sync HTTP/1.1
User-Agent: selenium/4.13.0 (java mac)
Content-Length: 48814
Content-Type: application/json; charset=utf-8
host: localhost:41999
accept: */*

Response DefaultHttpResponse(decodeResult: success, version: HTTP/1.1)
HTTP/1.1 200 OK
Content-Length: 14
Content-Type: application/json; charset=utf-8
cache-control: no-cache

23:05:36.196 [AsyncHttpClient-1-2] DEBUG org.asynchttpclient.netty.channel.ChannelManager - Adding key: http://localhost:41999 for channel [id: 0x24425cfe, L:/127.0.0.1:53530 - R:localhost/127.0.0.1:41999]
Step 3 : Varify mmt country & currency selection dropdown present.
23:05:36.198 [Forwarding findElement on session 8ea3d97e8e78b6e99114f7d8e22667ab to remote] DEBUG org.asynchttpclient.netty.request.NettyRequestSender - Using pooled Channel '[id: 0x24425cfe, L:/127.0.0.1:53530 - R:localhost/127.0.0.1:41999]' for 'POST' to 'http://localhost:41999/session/8ea3d97e8e78b6e99114f7d8e22667ab/element'
23:05:36.198 [Forwarding findElement on session 8ea3d97e8e78b6e99114f7d8e22667ab to remote] DEBUG org.asynchttpclient.netty.request.NettyRequestSender - Using open Channel [id: 0x24425cfe, L:/127.0.0.1:53530 - R:localhost/127.0.0.1:41999] for POST '/session/8ea3d97e8e78b6e99114f7d8e22667ab/element'
23:05:36.210 [AsyncHttpClient-1-2] DEBUG org.asynchttpclient.netty.handler.HttpHandler - 

Request DefaultHttpRequest(decodeResult: success, version: HTTP/1.1)
POST /session/8ea3d97e8e78b6e99114f7d8e22667ab/element HTTP/1.1
User-Agent: selenium/4.13.0 (java mac)
Content-Length: 81
Content-Type: application/json; charset=utf-8
host: localhost:41999
accept: */*

Response DefaultHttpResponse(decodeResult: success, version: HTTP/1.1)
HTTP/1.1 200 OK
Content-Length: 95
Content-Type: application/json; charset=utf-8
cache-control: no-cache

23:05:36.210 [AsyncHttpClient-1-2] DEBUG org.asynchttpclient.netty.channel.ChannelManager - Adding key: http://localhost:41999 for channel [id: 0x24425cfe, L:/127.0.0.1:53530 - R:localhost/127.0.0.1:41999]
23:05:36.212 [Forwarding executeScript on session 8ea3d97e8e78b6e99114f7d8e22667ab to remote] DEBUG org.asynchttpclient.netty.request.NettyRequestSender - Using pooled Channel '[id: 0x24425cfe, L:/127.0.0.1:53530 - R:localhost/127.0.0.1:41999]' for 'POST' to 'http://localhost:41999/session/8ea3d97e8e78b6e99114f7d8e22667ab/execute/sync'
23:05:36.212 [Forwarding executeScript on session 8ea3d97e8e78b6e99114f7d8e22667ab to remote] DEBUG org.asynchttpclient.netty.request.NettyRequestSender - Using open Channel [id: 0x24425cfe, L:/127.0.0.1:53530 - R:localhost/127.0.0.1:41999] for POST '/session/8ea3d97e8e78b6e99114f7d8e22667ab/execute/sync'
23:05:36.220 [AsyncHttpClient-1-2] DEBUG org.asynchttpclient.netty.handler.HttpHandler - 

Request DefaultHttpRequest(decodeResult: success, version: HTTP/1.1)
POST /session/8ea3d97e8e78b6e99114f7d8e22667ab/execute/sync HTTP/1.1
User-Agent: selenium/4.13.0 (java mac)
Content-Length: 179
Content-Type: application/json; charset=utf-8
host: localhost:41999
accept: */*

Response DefaultHttpResponse(decodeResult: success, version: HTTP/1.1)
HTTP/1.1 200 OK
Content-Length: 14
Content-Type: application/json; charset=utf-8
cache-control: no-cache

23:05:36.220 [AsyncHttpClient-1-2] DEBUG org.asynchttpclient.netty.channel.ChannelManager - Adding key: http://localhost:41999 for channel [id: 0x24425cfe, L:/127.0.0.1:53530 - R:localhost/127.0.0.1:41999]
23:05:36.223 [Forwarding isElementDisplayed on session 8ea3d97e8e78b6e99114f7d8e22667ab to remote] DEBUG org.asynchttpclient.netty.request.NettyRequestSender - Using pooled Channel '[id: 0x24425cfe, L:/127.0.0.1:53530 - R:localhost/127.0.0.1:41999]' for 'POST' to 'http://localhost:41999/session/8ea3d97e8e78b6e99114f7d8e22667ab/execute/sync'
23:05:36.224 [Forwarding isElementDisplayed on session 8ea3d97e8e78b6e99114f7d8e22667ab to remote] DEBUG org.asynchttpclient.netty.request.NettyRequestSender - Using open Channel [id: 0x24425cfe, L:/127.0.0.1:53530 - R:localhost/127.0.0.1:41999] for POST '/session/8ea3d97e8e78b6e99114f7d8e22667ab/execute/sync'
23:05:36.233 [AsyncHttpClient-1-2] DEBUG org.asynchttpclient.netty.handler.HttpHandler - 

Request DefaultHttpRequest(decodeResult: success, version: HTTP/1.1)
POST /session/8ea3d97e8e78b6e99114f7d8e22667ab/execute/sync HTTP/1.1
User-Agent: selenium/4.13.0 (java mac)
Content-Length: 48814
Content-Type: application/json; charset=utf-8
host: localhost:41999
accept: */*

Response DefaultHttpResponse(decodeResult: success, version: HTTP/1.1)
HTTP/1.1 200 OK
Content-Length: 14
Content-Type: application/json; charset=utf-8
cache-control: no-cache

23:05:36.234 [AsyncHttpClient-1-2] DEBUG org.asynchttpclient.netty.channel.ChannelManager - Adding key: http://localhost:41999 for channel [id: 0x24425cfe, L:/127.0.0.1:53530 - R:localhost/127.0.0.1:41999]
Step 4 : Varify mmt search section present.
23:05:36.235 [Forwarding findElement on session 8ea3d97e8e78b6e99114f7d8e22667ab to remote] DEBUG org.asynchttpclient.netty.request.NettyRequestSender - Using pooled Channel '[id: 0x24425cfe, L:/127.0.0.1:53530 - R:localhost/127.0.0.1:41999]' for 'POST' to 'http://localhost:41999/session/8ea3d97e8e78b6e99114f7d8e22667ab/element'
23:05:36.235 [Forwarding findElement on session 8ea3d97e8e78b6e99114f7d8e22667ab to remote] DEBUG org.asynchttpclient.netty.request.NettyRequestSender - Using open Channel [id: 0x24425cfe, L:/127.0.0.1:53530 - R:localhost/127.0.0.1:41999] for POST '/session/8ea3d97e8e78b6e99114f7d8e22667ab/element'
23:05:36.243 [AsyncHttpClient-1-2] DEBUG org.asynchttpclient.netty.handler.HttpHandler - 

Request DefaultHttpRequest(decodeResult: success, version: HTTP/1.1)
POST /session/8ea3d97e8e78b6e99114f7d8e22667ab/element HTTP/1.1
User-Agent: selenium/4.13.0 (java mac)
Content-Length: 81
Content-Type: application/json; charset=utf-8
host: localhost:41999
accept: */*

Response DefaultHttpResponse(decodeResult: success, version: HTTP/1.1)
HTTP/1.1 200 OK
Content-Length: 95
Content-Type: application/json; charset=utf-8
cache-control: no-cache

23:05:36.244 [AsyncHttpClient-1-2] DEBUG org.asynchttpclient.netty.channel.ChannelManager - Adding key: http://localhost:41999 for channel [id: 0x24425cfe, L:/127.0.0.1:53530 - R:localhost/127.0.0.1:41999]
23:05:36.246 [Forwarding executeScript on session 8ea3d97e8e78b6e99114f7d8e22667ab to remote] DEBUG org.asynchttpclient.netty.request.NettyRequestSender - Using pooled Channel '[id: 0x24425cfe, L:/127.0.0.1:53530 - R:localhost/127.0.0.1:41999]' for 'POST' to 'http://localhost:41999/session/8ea3d97e8e78b6e99114f7d8e22667ab/execute/sync'
23:05:36.246 [Forwarding executeScript on session 8ea3d97e8e78b6e99114f7d8e22667ab to remote] DEBUG org.asynchttpclient.netty.request.NettyRequestSender - Using open Channel [id: 0x24425cfe, L:/127.0.0.1:53530 - R:localhost/127.0.0.1:41999] for POST '/session/8ea3d97e8e78b6e99114f7d8e22667ab/execute/sync'
23:05:36.252 [AsyncHttpClient-1-2] DEBUG org.asynchttpclient.netty.handler.HttpHandler - 

Request DefaultHttpRequest(decodeResult: success, version: HTTP/1.1)
POST /session/8ea3d97e8e78b6e99114f7d8e22667ab/execute/sync HTTP/1.1
User-Agent: selenium/4.13.0 (java mac)
Content-Length: 179
Content-Type: application/json; charset=utf-8
host: localhost:41999
accept: */*

Response DefaultHttpResponse(decodeResult: success, version: HTTP/1.1)
HTTP/1.1 200 OK
Content-Length: 14
Content-Type: application/json; charset=utf-8
cache-control: no-cache

23:05:36.252 [AsyncHttpClient-1-2] DEBUG org.asynchttpclient.netty.channel.ChannelManager - Adding key: http://localhost:41999 for channel [id: 0x24425cfe, L:/127.0.0.1:53530 - R:localhost/127.0.0.1:41999]
23:05:36.255 [Forwarding isElementDisplayed on session 8ea3d97e8e78b6e99114f7d8e22667ab to remote] DEBUG org.asynchttpclient.netty.request.NettyRequestSender - Using pooled Channel '[id: 0x24425cfe, L:/127.0.0.1:53530 - R:localhost/127.0.0.1:41999]' for 'POST' to 'http://localhost:41999/session/8ea3d97e8e78b6e99114f7d8e22667ab/execute/sync'
23:05:36.255 [Forwarding isElementDisplayed on session 8ea3d97e8e78b6e99114f7d8e22667ab to remote] DEBUG org.asynchttpclient.netty.request.NettyRequestSender - Using open Channel [id: 0x24425cfe, L:/127.0.0.1:53530 - R:localhost/127.0.0.1:41999] for POST '/session/8ea3d97e8e78b6e99114f7d8e22667ab/execute/sync'
23:05:36.263 [AsyncHttpClient-1-2] DEBUG org.asynchttpclient.netty.handler.HttpHandler - 

Request DefaultHttpRequest(decodeResult: success, version: HTTP/1.1)
POST /session/8ea3d97e8e78b6e99114f7d8e22667ab/execute/sync HTTP/1.1
User-Agent: selenium/4.13.0 (java mac)
Content-Length: 48814
Content-Type: application/json; charset=utf-8
host: localhost:41999
accept: */*

Response DefaultHttpResponse(decodeResult: success, version: HTTP/1.1)
HTTP/1.1 200 OK
Content-Length: 14
Content-Type: application/json; charset=utf-8
cache-control: no-cache

23:05:36.264 [AsyncHttpClient-1-2] DEBUG org.asynchttpclient.netty.channel.ChannelManager - Adding key: http://localhost:41999 for channel [id: 0x24425cfe, L:/127.0.0.1:53530 - R:localhost/127.0.0.1:41999]
]]></system-out>
    <system-err><![CDATA[Jan 11, 2024 11:05:31 PM org.openqa.selenium.devtools.CdpVersionFinder findNearestMatch
WARNING: Unable to find an exact match for CDP version 120, so returning the closest version found: 117
]]></system-err>
  </testcase>
  <testcase name="vaerifyCountryCurrencyWidget" classname="com.sample.modules.HomePage" time="21.95">
    <failure message="Expected condition failed: waiting for element to be clickable: By.xpath: //p[@class=&apos;selectConInput&apos;] (tried for 20 second(s) with 500 milliseconds interval)&#10;Build info: version: &apos;4.13.0&apos;, revision: &apos;ba948ece5b*&apos;&#10;System info: os.name: &apos;Mac OS X&apos;, os.arch: &apos;x86_64&apos;, os.version: &apos;11.7.10&apos;, java.version: &apos;21&apos;&#10;Driver info: org.openqa.selenium.chrome.ChromeDriver&#10;Capabilities {acceptInsecureCerts: true, browserName: chrome, browserVersion: 120.0.6099.199, chrome: {chromedriverVersion: 120.0.6099.109 (3419140ab66..., userDataDir: /var/folders/pb/lrccxhdn21v...}, fedcm:accounts: true, goog:chromeOptions: {debuggerAddress: localhost:53582}, networkConnectionEnabled: false, pageLoadStrategy: normal, platformName: mac, proxy: Proxy(), se:cdp: ws://localhost:53582/devtoo..., se:cdpVersion: 120.0.6099.199, setWindowRect: true, strictFileInteractability: false, timeouts: {implicit: 0, pageLoad: 300000, script: 30000}, unhandledPromptBehavior: dismiss and notify, webauthn:extension:credBlob: true, webauthn:extension:largeBlob: true, webauthn:extension:minPinLength: true, webauthn:extension:prf: true, webauthn:virtualAuthenticators: true}&#10;Session ID: a39b5a7409a1e458985695632bda80ea" type="org.openqa.selenium.TimeoutException"><![CDATA[org.openqa.selenium.TimeoutException: 
Expected condition failed: waiting for element to be clickable: By.xpath: //p[@class='selectConInput'] (tried for 20 second(s) with 500 milliseconds interval)
Build info: version: '4.13.0', revision: 'ba948ece5b*'
System info: os.name: 'Mac OS X', os.arch: 'x86_64', os.version: '11.7.10', java.version: '21'
Driver info: org.openqa.selenium.chrome.ChromeDriver
Capabilities {acceptInsecureCerts: true, browserName: chrome, browserVersion: 120.0.6099.199, chrome: {chromedriverVersion: 120.0.6099.109 (3419140ab66..., userDataDir: /var/folders/pb/lrccxhdn21v...}, fedcm:accounts: true, goog:chromeOptions: {debuggerAddress: localhost:53582}, networkConnectionEnabled: false, pageLoadStrategy: normal, platformName: mac, proxy: Proxy(), se:cdp: ws://localhost:53582/devtoo..., se:cdpVersion: 120.0.6099.199, setWindowRect: true, strictFileInteractability: false, timeouts: {implicit: 0, pageLoad: 300000, script: 30000}, unhandledPromptBehavior: dismiss and notify, webauthn:extension:credBlob: true, webauthn:extension:largeBlob: true, webauthn:extension:minPinLength: true, webauthn:extension:prf: true, webauthn:virtualAuthenticators: true}
Session ID: a39b5a7409a1e458985695632bda80ea
	at org.openqa.selenium.support.ui.WebDriverWait.timeoutException(WebDriverWait.java:84)
	at org.openqa.selenium.support.ui.FluentWait.until(FluentWait.java:230)
	at com.sample.utils.Common.waitUntilElementToBeClickable(Common.java:44)
	at com.sample.utils.Common.click(Common.java:341)
	at com.sample.modules.HomePage.vaerifyCountryCurrencyWidget(HomePage.java:43)
	at java.base/jdk.internal.reflect.DirectMethodHandleAccessor.invoke(DirectMethodHandleAccessor.java:103)
	at java.base/java.lang.reflect.Method.invoke(Method.java:580)
	at org.testng.internal.invokers.MethodInvocationHelper.invokeMethod(MethodInvocationHelper.java:135)
	at org.testng.internal.invokers.TestInvoker.invokeMethod(TestInvoker.java:673)
	at org.testng.internal.invokers.TestInvoker.invokeTestMethod(TestInvoker.java:220)
	at org.testng.internal.invokers.MethodRunner.runInSequence(MethodRunner.java:50)
	at org.testng.internal.invokers.TestInvoker$MethodInvocationAgent.invoke(TestInvoker.java:945)
	at org.testng.internal.invokers.TestInvoker.invokeTestMethods(TestInvoker.java:193)
	at org.testng.internal.invokers.TestMethodWorker.invokeTestMethods(TestMethodWorker.java:146)
	at org.testng.internal.invokers.TestMethodWorker.run(TestMethodWorker.java:128)
	at java.base/java.util.ArrayList.forEach(ArrayList.java:1596)
	at org.testng.TestRunner.privateRun(TestRunner.java:808)
	at org.testng.TestRunner.run(TestRunner.java:603)
	at org.testng.SuiteRunner.runTest(SuiteRunner.java:429)
	at org.testng.SuiteRunner.runSequentially(SuiteRunner.java:423)
	at org.testng.SuiteRunner.privateRun(SuiteRunner.java:383)
	at org.testng.SuiteRunner.run(SuiteRunner.java:326)
	at org.testng.SuiteRunnerWorker.runSuite(SuiteRunnerWorker.java:52)
	at org.testng.SuiteRunnerWorker.run(SuiteRunnerWorker.java:95)
	at org.testng.TestNG.runSuitesSequentially(TestNG.java:1249)
	at org.testng.TestNG.runSuitesLocally(TestNG.java:1169)
	at org.testng.TestNG.runSuites(TestNG.java:1092)
	at org.testng.TestNG.run(TestNG.java:1060)
	at org.apache.maven.surefire.testng.TestNGExecutor.run(TestNGExecutor.java:308)
	at org.apache.maven.surefire.testng.TestNGXmlTestSuite.execute(TestNGXmlTestSuite.java:71)
	at org.apache.maven.surefire.testng.TestNGProvider.invoke(TestNGProvider.java:113)
	at org.apache.maven.surefire.booter.ForkedBooter.runSuitesInProcess(ForkedBooter.java:385)
	at org.apache.maven.surefire.booter.ForkedBooter.execute(ForkedBooter.java:162)
	at org.apache.maven.surefire.booter.ForkedBooter.run(ForkedBooter.java:507)
	at org.apache.maven.surefire.booter.ForkedBooter.main(ForkedBooter.java:495)
]]></failure>
    <system-out><![CDATA[Message : PASS : vaerifyAllHeaderSectionsPresent
Total testcases:-1
Total passed testcases:-1
Total failed testcases:-0
23:05:36.273 [Driver Command Executor] DEBUG org.asynchttpclient.netty.request.NettyRequestSender - Using pooled Channel '[id: 0x24425cfe, L:/127.0.0.1:53530 - R:localhost/127.0.0.1:41999]' for 'DELETE' to 'http://localhost:41999/session/8ea3d97e8e78b6e99114f7d8e22667ab'
23:05:36.273 [Driver Command Executor] DEBUG org.asynchttpclient.netty.request.NettyRequestSender - Using open Channel [id: 0x24425cfe, L:/127.0.0.1:53530 - R:localhost/127.0.0.1:41999] for DELETE '/session/8ea3d97e8e78b6e99114f7d8e22667ab'
23:05:36.276 [AsyncHttpClient-1-4] DEBUG org.asynchttpclient.netty.handler.WebSocketHandler - Channel Closed: [id: 0x38c27d5a, L:/127.0.0.1:53536 ! R:localhost/127.0.0.1:53531] with attribute DISCARD
23:05:36.301 [AsyncHttpClient-1-3] DEBUG org.asynchttpclient.netty.handler.HttpHandler - Channel Closed: [id: 0x94849bc7, L:/127.0.0.1:53535 ! R:localhost/127.0.0.1:53531] with attribute DISCARD
23:05:36.328 [AsyncHttpClient-1-2] DEBUG org.asynchttpclient.netty.handler.HttpHandler - 

Request DefaultFullHttpRequest(decodeResult: success, version: HTTP/1.1, content: EmptyByteBufBE)
DELETE /session/8ea3d97e8e78b6e99114f7d8e22667ab HTTP/1.1
User-Agent: selenium/4.13.0 (java mac)
Content-Type: application/json; charset=utf-8
host: localhost:41999
accept: */*

Response DefaultHttpResponse(decodeResult: success, version: HTTP/1.1)
HTTP/1.1 200 OK
Content-Length: 14
Content-Type: application/json; charset=utf-8
cache-control: no-cache

23:05:36.330 [AsyncHttpClient-1-2] DEBUG org.asynchttpclient.netty.channel.ChannelManager - Adding key: http://localhost:41999 for channel [id: 0x24425cfe, L:/127.0.0.1:53530 - R:localhost/127.0.0.1:41999]
23:05:36.391 [AsyncHttpClient-1-2] DEBUG org.asynchttpclient.netty.handler.HttpHandler - Channel Closed: [id: 0x24425cfe, L:/127.0.0.1:53530 ! R:localhost/127.0.0.1:41999] with attribute DISCARD
23:05:36.501 [AsyncHttpClient-1-5] DEBUG org.asynchttpclient.netty.channel.NettyConnectListener - Using new Channel '[id: 0x95478780, L:/127.0.0.1:53581 - R:localhost/127.0.0.1:5456]' for 'POST' to '/session'
23:05:36.919 [AsyncHttpClient-1-1] DEBUG org.asynchttpclient.netty.channel.DefaultChannelPool - Entry count for : http://localhost:41999 : 1
23:05:36.919 [AsyncHttpClient-1-1] DEBUG org.asynchttpclient.netty.channel.DefaultChannelPool - Entry count for : http://localhost:53531 : 1
23:05:36.919 [AsyncHttpClient-1-1] DEBUG org.asynchttpclient.netty.channel.DefaultChannelPool - Adding Candidate expired Channel [id: 0x24425cfe, L:/127.0.0.1:53530 ! R:localhost/127.0.0.1:41999] isIdleTimeoutExpired=false isRemotelyClosed=true isTtlExpired=false
23:05:36.919 [AsyncHttpClient-1-1] DEBUG org.asynchttpclient.netty.channel.DefaultChannelPool - Closing Idle Channel [id: 0x24425cfe, L:/127.0.0.1:53530 ! R:localhost/127.0.0.1:41999]
23:05:36.920 [AsyncHttpClient-1-1] DEBUG org.asynchttpclient.netty.channel.DefaultChannelPool - Adding Candidate expired Channel [id: 0x94849bc7, L:/127.0.0.1:53535 ! R:localhost/127.0.0.1:53531] isIdleTimeoutExpired=false isRemotelyClosed=true isTtlExpired=false
23:05:36.920 [AsyncHttpClient-1-1] DEBUG org.asynchttpclient.netty.channel.DefaultChannelPool - Closing Idle Channel [id: 0x94849bc7, L:/127.0.0.1:53535 ! R:localhost/127.0.0.1:53531]
23:05:36.920 [AsyncHttpClient-1-1] DEBUG org.asynchttpclient.netty.channel.DefaultChannelPool - Closed 2 connections out of 2 in 1 ms
23:05:37.437 [AsyncHttpClient-1-5] DEBUG org.asynchttpclient.netty.handler.HttpHandler - 

Request DefaultHttpRequest(decodeResult: success, version: HTTP/1.1)
POST /session HTTP/1.1
User-Agent: selenium/4.13.0 (java mac)
Content-Length: 291
Content-Type: application/json; charset=utf-8
host: localhost:5456
accept: */*

Response DefaultHttpResponse(decodeResult: success, version: HTTP/1.1)
HTTP/1.1 200 OK
Content-Length: 891
Content-Type: application/json; charset=utf-8
cache-control: no-cache

23:05:37.437 [AsyncHttpClient-1-5] DEBUG org.asynchttpclient.netty.channel.ChannelManager - Adding key: http://localhost:5456 for channel [id: 0x95478780, L:/127.0.0.1:53581 - R:localhost/127.0.0.1:5456]
23:05:37.444 [AsyncHttpClient-1-6] DEBUG org.asynchttpclient.netty.channel.NettyConnectListener - Using new Channel '[id: 0xe75c1bbd, L:/127.0.0.1:53586 - R:localhost/127.0.0.1:53582]' for 'GET' to '/json/version'
23:05:37.447 [AsyncHttpClient-1-6] DEBUG org.asynchttpclient.netty.handler.HttpHandler - 

Request DefaultFullHttpRequest(decodeResult: success, version: HTTP/1.1, content: EmptyByteBufBE)
GET /json/version HTTP/1.1
User-Agent: selenium/4.13.0 (java mac)
host: localhost:53582
accept: */*

Response DefaultHttpResponse(decodeResult: success, version: HTTP/1.1)
HTTP/1.1 200 OK
Content-Security-Policy: frame-ancestors 'none'
Content-Length: 422
Content-Type: application/json; charset=UTF-8

23:05:37.448 [AsyncHttpClient-1-6] DEBUG org.asynchttpclient.netty.channel.ChannelManager - Adding key: http://localhost:53582 for channel [id: 0xe75c1bbd, L:/127.0.0.1:53586 - R:localhost/127.0.0.1:53582]
23:05:37.453 [AsyncHttpClient-1-7] DEBUG org.asynchttpclient.netty.channel.NettyConnectListener - Using new Channel '[id: 0x9ca1a29c, L:/127.0.0.1:53587 - R:localhost/127.0.0.1:53582]' for 'GET' to '/devtools/browser/dc2a93a8-a2b5-4463-ae0f-c586bd73d37d'
23:05:37.456 [AsyncHttpClient-1-7] DEBUG org.asynchttpclient.netty.handler.WebSocketHandler - 

Request DefaultFullHttpRequest(decodeResult: success, version: HTTP/1.1, content: EmptyByteBufBE)
GET /devtools/browser/dc2a93a8-a2b5-4463-ae0f-c586bd73d37d HTTP/1.1
upgrade: websocket
connection: upgrade
sec-websocket-key: Voome1xKlaIOhJyrnK8CXw==
sec-websocket-version: 13
origin: http://localhost:53582
host: localhost:53582
accept: */*
user-agent: AHC/2.1

Response DefaultHttpResponse(decodeResult: success, version: HTTP/1.1)
HTTP/1.1 101 WebSocket Protocol Handshake
Upgrade: WebSocket
Connection: Upgrade
Sec-WebSocket-Accept: hQyvXJ+a2UZl+xMMVDFzfws99Dc=

23:05:37.461 [Forwarding maximizeCurrentWindow on session a39b5a7409a1e458985695632bda80ea to remote] DEBUG org.asynchttpclient.netty.request.NettyRequestSender - Using pooled Channel '[id: 0x95478780, L:/127.0.0.1:53581 - R:localhost/127.0.0.1:5456]' for 'POST' to 'http://localhost:5456/session/a39b5a7409a1e458985695632bda80ea/window/maximize'
23:05:37.461 [Forwarding maximizeCurrentWindow on session a39b5a7409a1e458985695632bda80ea to remote] DEBUG org.asynchttpclient.netty.request.NettyRequestSender - Using open Channel [id: 0x95478780, L:/127.0.0.1:53581 - R:localhost/127.0.0.1:5456] for POST '/session/a39b5a7409a1e458985695632bda80ea/window/maximize'
23:05:37.928 [AsyncHttpClient-1-5] DEBUG org.asynchttpclient.netty.handler.HttpHandler - 

Request DefaultHttpRequest(decodeResult: success, version: HTTP/1.1)
POST /session/a39b5a7409a1e458985695632bda80ea/window/maximize HTTP/1.1
User-Agent: selenium/4.13.0 (java mac)
Content-Length: 3
Content-Type: application/json; charset=utf-8
host: localhost:5456
accept: */*

Response DefaultHttpResponse(decodeResult: success, version: HTTP/1.1)
HTTP/1.1 200 OK
Content-Length: 50
Content-Type: application/json; charset=utf-8
cache-control: no-cache

23:05:37.928 [AsyncHttpClient-1-5] DEBUG org.asynchttpclient.netty.channel.ChannelManager - Adding key: http://localhost:5456 for channel [id: 0x95478780, L:/127.0.0.1:53581 - R:localhost/127.0.0.1:5456]
23:05:37.930 [Forwarding get on session a39b5a7409a1e458985695632bda80ea to remote] DEBUG org.asynchttpclient.netty.request.NettyRequestSender - Using pooled Channel '[id: 0x95478780, L:/127.0.0.1:53581 - R:localhost/127.0.0.1:5456]' for 'POST' to 'http://localhost:5456/session/a39b5a7409a1e458985695632bda80ea/url'
23:05:37.930 [Forwarding get on session a39b5a7409a1e458985695632bda80ea to remote] DEBUG org.asynchttpclient.netty.request.NettyRequestSender - Using open Channel [id: 0x95478780, L:/127.0.0.1:53581 - R:localhost/127.0.0.1:5456] for POST '/session/a39b5a7409a1e458985695632bda80ea/url'
23:05:38.016 [AsyncHttpClient-1-1] DEBUG org.asynchttpclient.netty.channel.DefaultChannelPool - Entry count for : http://localhost:53582 : 1
23:05:39.115 [AsyncHttpClient-1-1] DEBUG org.asynchttpclient.netty.channel.DefaultChannelPool - Entry count for : http://localhost:53582 : 1
23:05:40.218 [AsyncHttpClient-1-1] DEBUG org.asynchttpclient.netty.channel.DefaultChannelPool - Entry count for : http://localhost:53582 : 1
23:05:41.320 [AsyncHttpClient-1-1] DEBUG org.asynchttpclient.netty.channel.DefaultChannelPool - Entry count for : http://localhost:53582 : 1
23:05:41.886 [AsyncHttpClient-1-5] DEBUG org.asynchttpclient.netty.handler.HttpHandler - 

Request DefaultHttpRequest(decodeResult: success, version: HTTP/1.1)
POST /session/a39b5a7409a1e458985695632bda80ea/url HTTP/1.1
User-Agent: selenium/4.13.0 (java mac)
Content-Length: 57
Content-Type: application/json; charset=utf-8
host: localhost:5456
accept: */*

Response DefaultHttpResponse(decodeResult: success, version: HTTP/1.1)
HTTP/1.1 200 OK
Content-Length: 14
Content-Type: application/json; charset=utf-8
cache-control: no-cache

23:05:41.887 [AsyncHttpClient-1-5] DEBUG org.asynchttpclient.netty.channel.ChannelManager - Adding key: http://localhost:5456 for channel [id: 0x95478780, L:/127.0.0.1:53581 - R:localhost/127.0.0.1:5456]
Step 0 : Open URL - null
Step 1 : Varify mmt country & currency selection section present.
23:05:41.889 [Forwarding findElement on session a39b5a7409a1e458985695632bda80ea to remote] DEBUG org.asynchttpclient.netty.request.NettyRequestSender - Using pooled Channel '[id: 0x95478780, L:/127.0.0.1:53581 - R:localhost/127.0.0.1:5456]' for 'POST' to 'http://localhost:5456/session/a39b5a7409a1e458985695632bda80ea/element'
23:05:41.889 [Forwarding findElement on session a39b5a7409a1e458985695632bda80ea to remote] DEBUG org.asynchttpclient.netty.request.NettyRequestSender - Using open Channel [id: 0x95478780, L:/127.0.0.1:53581 - R:localhost/127.0.0.1:5456] for POST '/session/a39b5a7409a1e458985695632bda80ea/element'
23:05:42.066 [AsyncHttpClient-1-5] DEBUG org.asynchttpclient.netty.handler.HttpHandler - 

Request DefaultHttpRequest(decodeResult: success, version: HTTP/1.1)
POST /session/a39b5a7409a1e458985695632bda80ea/element HTTP/1.1
User-Agent: selenium/4.13.0 (java mac)
Content-Length: 81
Content-Type: application/json; charset=utf-8
host: localhost:5456
accept: */*

Response DefaultHttpResponse(decodeResult: success, version: HTTP/1.1)
HTTP/1.1 200 OK
Content-Length: 95
Content-Type: application/json; charset=utf-8
cache-control: no-cache

23:05:42.067 [AsyncHttpClient-1-5] DEBUG org.asynchttpclient.netty.channel.ChannelManager - Adding key: http://localhost:5456 for channel [id: 0x95478780, L:/127.0.0.1:53581 - R:localhost/127.0.0.1:5456]
23:05:42.073 [Forwarding executeScript on session a39b5a7409a1e458985695632bda80ea to remote] DEBUG org.asynchttpclient.netty.request.NettyRequestSender - Using pooled Channel '[id: 0x95478780, L:/127.0.0.1:53581 - R:localhost/127.0.0.1:5456]' for 'POST' to 'http://localhost:5456/session/a39b5a7409a1e458985695632bda80ea/execute/sync'
23:05:42.073 [Forwarding executeScript on session a39b5a7409a1e458985695632bda80ea to remote] DEBUG org.asynchttpclient.netty.request.NettyRequestSender - Using open Channel [id: 0x95478780, L:/127.0.0.1:53581 - R:localhost/127.0.0.1:5456] for POST '/session/a39b5a7409a1e458985695632bda80ea/execute/sync'
23:05:42.128 [AsyncHttpClient-1-5] DEBUG org.asynchttpclient.netty.handler.HttpHandler - 

Request DefaultHttpRequest(decodeResult: success, version: HTTP/1.1)
POST /session/a39b5a7409a1e458985695632bda80ea/execute/sync HTTP/1.1
User-Agent: selenium/4.13.0 (java mac)
Content-Length: 179
Content-Type: application/json; charset=utf-8
host: localhost:5456
accept: */*

Response DefaultHttpResponse(decodeResult: success, version: HTTP/1.1)
HTTP/1.1 200 OK
Content-Length: 14
Content-Type: application/json; charset=utf-8
cache-control: no-cache

23:05:42.129 [AsyncHttpClient-1-5] DEBUG org.asynchttpclient.netty.channel.ChannelManager - Adding key: http://localhost:5456 for channel [id: 0x95478780, L:/127.0.0.1:53581 - R:localhost/127.0.0.1:5456]
23:05:42.135 [Forwarding isElementDisplayed on session a39b5a7409a1e458985695632bda80ea to remote] DEBUG org.asynchttpclient.netty.request.NettyRequestSender - Using pooled Channel '[id: 0x95478780, L:/127.0.0.1:53581 - R:localhost/127.0.0.1:5456]' for 'POST' to 'http://localhost:5456/session/a39b5a7409a1e458985695632bda80ea/execute/sync'
23:05:42.136 [Forwarding isElementDisplayed on session a39b5a7409a1e458985695632bda80ea to remote] DEBUG org.asynchttpclient.netty.request.NettyRequestSender - Using open Channel [id: 0x95478780, L:/127.0.0.1:53581 - R:localhost/127.0.0.1:5456] for POST '/session/a39b5a7409a1e458985695632bda80ea/execute/sync'
23:05:42.161 [AsyncHttpClient-1-5] DEBUG org.asynchttpclient.netty.handler.HttpHandler - 

Request DefaultHttpRequest(decodeResult: success, version: HTTP/1.1)
POST /session/a39b5a7409a1e458985695632bda80ea/execute/sync HTTP/1.1
User-Agent: selenium/4.13.0 (java mac)
Content-Length: 48814
Content-Type: application/json; charset=utf-8
host: localhost:5456
accept: */*

Response DefaultHttpResponse(decodeResult: success, version: HTTP/1.1)
HTTP/1.1 200 OK
Content-Length: 14
Content-Type: application/json; charset=utf-8
cache-control: no-cache

23:05:42.161 [AsyncHttpClient-1-5] DEBUG org.asynchttpclient.netty.channel.ChannelManager - Adding key: http://localhost:5456 for channel [id: 0x95478780, L:/127.0.0.1:53581 - R:localhost/127.0.0.1:5456]
Step 2 : Click on mmt country & currency selection section present.
23:05:42.171 [Forwarding findElement on session a39b5a7409a1e458985695632bda80ea to remote] DEBUG org.asynchttpclient.netty.request.NettyRequestSender - Using pooled Channel '[id: 0x95478780, L:/127.0.0.1:53581 - R:localhost/127.0.0.1:5456]' for 'POST' to 'http://localhost:5456/session/a39b5a7409a1e458985695632bda80ea/element'
23:05:42.171 [Forwarding findElement on session a39b5a7409a1e458985695632bda80ea to remote] DEBUG org.asynchttpclient.netty.request.NettyRequestSender - Using open Channel [id: 0x95478780, L:/127.0.0.1:53581 - R:localhost/127.0.0.1:5456] for POST '/session/a39b5a7409a1e458985695632bda80ea/element'
23:05:42.184 [AsyncHttpClient-1-5] DEBUG org.asynchttpclient.netty.handler.HttpHandler - 

Request DefaultHttpRequest(decodeResult: success, version: HTTP/1.1)
POST /session/a39b5a7409a1e458985695632bda80ea/element HTTP/1.1
User-Agent: selenium/4.13.0 (java mac)
Content-Length: 81
Content-Type: application/json; charset=utf-8
host: localhost:5456
accept: */*

Response DefaultHttpResponse(decodeResult: success, version: HTTP/1.1)
HTTP/1.1 200 OK
Content-Length: 95
Content-Type: application/json; charset=utf-8
cache-control: no-cache

23:05:42.185 [AsyncHttpClient-1-5] DEBUG org.asynchttpclient.netty.channel.ChannelManager - Adding key: http://localhost:5456 for channel [id: 0x95478780, L:/127.0.0.1:53581 - R:localhost/127.0.0.1:5456]
23:05:42.191 [Forwarding isElementDisplayed on session a39b5a7409a1e458985695632bda80ea to remote] DEBUG org.asynchttpclient.netty.request.NettyRequestSender - Using pooled Channel '[id: 0x95478780, L:/127.0.0.1:53581 - R:localhost/127.0.0.1:5456]' for 'POST' to 'http://localhost:5456/session/a39b5a7409a1e458985695632bda80ea/execute/sync'
23:05:42.191 [Forwarding isElementDisplayed on session a39b5a7409a1e458985695632bda80ea to remote] DEBUG org.asynchttpclient.netty.request.NettyRequestSender - Using open Channel [id: 0x95478780, L:/127.0.0.1:53581 - R:localhost/127.0.0.1:5456] for POST '/session/a39b5a7409a1e458985695632bda80ea/execute/sync'
23:05:42.227 [AsyncHttpClient-1-5] DEBUG org.asynchttpclient.netty.handler.HttpHandler - 

Request DefaultHttpRequest(decodeResult: success, version: HTTP/1.1)
POST /session/a39b5a7409a1e458985695632bda80ea/execute/sync HTTP/1.1
User-Agent: selenium/4.13.0 (java mac)
Content-Length: 48814
Content-Type: application/json; charset=utf-8
host: localhost:5456
accept: */*

Response DefaultHttpResponse(decodeResult: success, version: HTTP/1.1)
HTTP/1.1 200 OK
Content-Length: 14
Content-Type: application/json; charset=utf-8
cache-control: no-cache

23:05:42.228 [AsyncHttpClient-1-5] DEBUG org.asynchttpclient.netty.channel.ChannelManager - Adding key: http://localhost:5456 for channel [id: 0x95478780, L:/127.0.0.1:53581 - R:localhost/127.0.0.1:5456]
23:05:42.230 [Forwarding isElementEnabled on session a39b5a7409a1e458985695632bda80ea to remote] DEBUG org.asynchttpclient.netty.request.NettyRequestSender - Using pooled Channel '[id: 0x95478780, L:/127.0.0.1:53581 - R:localhost/127.0.0.1:5456]' for 'GET' to 'http://localhost:5456/session/a39b5a7409a1e458985695632bda80ea/element/6EBB40D494D60389AD111F3B36A3338D_element_24/enabled'
23:05:42.230 [Forwarding isElementEnabled on session a39b5a7409a1e458985695632bda80ea to remote] DEBUG org.asynchttpclient.netty.request.NettyRequestSender - Using open Channel [id: 0x95478780, L:/127.0.0.1:53581 - R:localhost/127.0.0.1:5456] for GET '/session/a39b5a7409a1e458985695632bda80ea/element/6EBB40D494D60389AD111F3B36A3338D_element_24/enabled'
23:05:42.243 [AsyncHttpClient-1-5] DEBUG org.asynchttpclient.netty.handler.HttpHandler - 

Request DefaultFullHttpRequest(decodeResult: success, version: HTTP/1.1, content: EmptyByteBufBE)
GET /session/a39b5a7409a1e458985695632bda80ea/element/6EBB40D494D60389AD111F3B36A3338D_element_24/enabled HTTP/1.1
Cache-Control: no-cache
User-Agent: selenium/4.13.0 (java mac)
Content-Type: application/json; charset=utf-8
host: localhost:5456
accept: */*

Response DefaultHttpResponse(decodeResult: success, version: HTTP/1.1)
HTTP/1.1 200 OK
Content-Length: 14
Content-Type: application/json; charset=utf-8
cache-control: no-cache

23:05:42.244 [AsyncHttpClient-1-5] DEBUG org.asynchttpclient.netty.channel.ChannelManager - Adding key: http://localhost:5456 for channel [id: 0x95478780, L:/127.0.0.1:53581 - R:localhost/127.0.0.1:5456]
23:05:42.246 [Forwarding executeScript on session a39b5a7409a1e458985695632bda80ea to remote] DEBUG org.asynchttpclient.netty.request.NettyRequestSender - Using pooled Channel '[id: 0x95478780, L:/127.0.0.1:53581 - R:localhost/127.0.0.1:5456]' for 'POST' to 'http://localhost:5456/session/a39b5a7409a1e458985695632bda80ea/execute/sync'
23:05:42.246 [Forwarding executeScript on session a39b5a7409a1e458985695632bda80ea to remote] DEBUG org.asynchttpclient.netty.request.NettyRequestSender - Using open Channel [id: 0x95478780, L:/127.0.0.1:53581 - R:localhost/127.0.0.1:5456] for POST '/session/a39b5a7409a1e458985695632bda80ea/execute/sync'
23:05:42.253 [AsyncHttpClient-1-5] DEBUG org.asynchttpclient.netty.handler.HttpHandler - 

Request DefaultHttpRequest(decodeResult: success, version: HTTP/1.1)
POST /session/a39b5a7409a1e458985695632bda80ea/execute/sync HTTP/1.1
User-Agent: selenium/4.13.0 (java mac)
Content-Length: 179
Content-Type: application/json; charset=utf-8
host: localhost:5456
accept: */*

Response DefaultHttpResponse(decodeResult: success, version: HTTP/1.1)
HTTP/1.1 200 OK
Content-Length: 14
Content-Type: application/json; charset=utf-8
cache-control: no-cache

23:05:42.253 [AsyncHttpClient-1-5] DEBUG org.asynchttpclient.netty.channel.ChannelManager - Adding key: http://localhost:5456 for channel [id: 0x95478780, L:/127.0.0.1:53581 - R:localhost/127.0.0.1:5456]
23:05:42.254 [Forwarding clickElement on session a39b5a7409a1e458985695632bda80ea to remote] DEBUG org.asynchttpclient.netty.request.NettyRequestSender - Using pooled Channel '[id: 0x95478780, L:/127.0.0.1:53581 - R:localhost/127.0.0.1:5456]' for 'POST' to 'http://localhost:5456/session/a39b5a7409a1e458985695632bda80ea/element/6EBB40D494D60389AD111F3B36A3338D_element_24/click'
23:05:42.254 [Forwarding clickElement on session a39b5a7409a1e458985695632bda80ea to remote] DEBUG org.asynchttpclient.netty.request.NettyRequestSender - Using open Channel [id: 0x95478780, L:/127.0.0.1:53581 - R:localhost/127.0.0.1:5456] for POST '/session/a39b5a7409a1e458985695632bda80ea/element/6EBB40D494D60389AD111F3B36A3338D_element_24/click'
23:05:42.415 [AsyncHttpClient-1-1] DEBUG org.asynchttpclient.netty.channel.DefaultChannelPool - Entry count for : http://localhost:53582 : 1
23:05:43.360 [AsyncHttpClient-1-5] DEBUG org.asynchttpclient.netty.handler.HttpHandler - 

Request DefaultHttpRequest(decodeResult: success, version: HTTP/1.1)
POST /session/a39b5a7409a1e458985695632bda80ea/element/6EBB40D494D60389AD111F3B36A3338D_element_24/click HTTP/1.1
User-Agent: selenium/4.13.0 (java mac)
Content-Length: 57
Content-Type: application/json; charset=utf-8
host: localhost:5456
accept: */*

Response DefaultHttpResponse(decodeResult: success, version: HTTP/1.1)
HTTP/1.1 400 Bad Request
Content-Length: 2914
Content-Type: application/json; charset=utf-8
cache-control: no-cache

23:05:43.360 [AsyncHttpClient-1-5] DEBUG org.asynchttpclient.netty.channel.ChannelManager - Adding key: http://localhost:5456 for channel [id: 0x95478780, L:/127.0.0.1:53581 - R:localhost/127.0.0.1:5456]
Step 3 : Select country USA from dropdown.
23:05:43.367 [Forwarding findElement on session a39b5a7409a1e458985695632bda80ea to remote] DEBUG org.asynchttpclient.netty.request.NettyRequestSender - Using pooled Channel '[id: 0x95478780, L:/127.0.0.1:53581 - R:localhost/127.0.0.1:5456]' for 'POST' to 'http://localhost:5456/session/a39b5a7409a1e458985695632bda80ea/element'
23:05:43.367 [Forwarding findElement on session a39b5a7409a1e458985695632bda80ea to remote] DEBUG org.asynchttpclient.netty.request.NettyRequestSender - Using open Channel [id: 0x95478780, L:/127.0.0.1:53581 - R:localhost/127.0.0.1:5456] for POST '/session/a39b5a7409a1e458985695632bda80ea/element'
23:05:43.377 [AsyncHttpClient-1-5] DEBUG org.asynchttpclient.netty.handler.HttpHandler - 

Request DefaultHttpRequest(decodeResult: success, version: HTTP/1.1)
POST /session/a39b5a7409a1e458985695632bda80ea/element HTTP/1.1
User-Agent: selenium/4.13.0 (java mac)
Content-Length: 75
Content-Type: application/json; charset=utf-8
host: localhost:5456
accept: */*

Response DefaultHttpResponse(decodeResult: success, version: HTTP/1.1)
HTTP/1.1 404 Not Found
Content-Length: 1947
Content-Type: application/json; charset=utf-8
cache-control: no-cache

23:05:43.377 [AsyncHttpClient-1-5] DEBUG org.asynchttpclient.netty.channel.ChannelManager - Adding key: http://localhost:5456 for channel [id: 0x95478780, L:/127.0.0.1:53581 - R:localhost/127.0.0.1:5456]
23:05:43.515 [AsyncHttpClient-1-1] DEBUG org.asynchttpclient.netty.channel.DefaultChannelPool - Entry count for : http://localhost:5456 : 1
23:05:43.515 [AsyncHttpClient-1-1] DEBUG org.asynchttpclient.netty.channel.DefaultChannelPool - Entry count for : http://localhost:53582 : 1
23:05:43.879 [Forwarding findElement on session a39b5a7409a1e458985695632bda80ea to remote] DEBUG org.asynchttpclient.netty.request.NettyRequestSender - Using pooled Channel '[id: 0x95478780, L:/127.0.0.1:53581 - R:localhost/127.0.0.1:5456]' for 'POST' to 'http://localhost:5456/session/a39b5a7409a1e458985695632bda80ea/element'
23:05:43.879 [Forwarding findElement on session a39b5a7409a1e458985695632bda80ea to remote] DEBUG org.asynchttpclient.netty.request.NettyRequestSender - Using open Channel [id: 0x95478780, L:/127.0.0.1:53581 - R:localhost/127.0.0.1:5456] for POST '/session/a39b5a7409a1e458985695632bda80ea/element'
23:05:43.886 [AsyncHttpClient-1-5] DEBUG org.asynchttpclient.netty.handler.HttpHandler - 

Request DefaultHttpRequest(decodeResult: success, version: HTTP/1.1)
POST /session/a39b5a7409a1e458985695632bda80ea/element HTTP/1.1
User-Agent: selenium/4.13.0 (java mac)
Content-Length: 75
Content-Type: application/json; charset=utf-8
host: localhost:5456
accept: */*

Response DefaultHttpResponse(decodeResult: success, version: HTTP/1.1)
HTTP/1.1 404 Not Found
Content-Length: 1947
Content-Type: application/json; charset=utf-8
cache-control: no-cache

23:05:43.886 [AsyncHttpClient-1-5] DEBUG org.asynchttpclient.netty.channel.ChannelManager - Adding key: http://localhost:5456 for channel [id: 0x95478780, L:/127.0.0.1:53581 - R:localhost/127.0.0.1:5456]
23:05:44.390 [Forwarding findElement on session a39b5a7409a1e458985695632bda80ea to remote] DEBUG org.asynchttpclient.netty.request.NettyRequestSender - Using pooled Channel '[id: 0x95478780, L:/127.0.0.1:53581 - R:localhost/127.0.0.1:5456]' for 'POST' to 'http://localhost:5456/session/a39b5a7409a1e458985695632bda80ea/element'
23:05:44.390 [Forwarding findElement on session a39b5a7409a1e458985695632bda80ea to remote] DEBUG org.asynchttpclient.netty.request.NettyRequestSender - Using open Channel [id: 0x95478780, L:/127.0.0.1:53581 - R:localhost/127.0.0.1:5456] for POST '/session/a39b5a7409a1e458985695632bda80ea/element'
23:05:44.397 [AsyncHttpClient-1-5] DEBUG org.asynchttpclient.netty.handler.HttpHandler - 

Request DefaultHttpRequest(decodeResult: success, version: HTTP/1.1)
POST /session/a39b5a7409a1e458985695632bda80ea/element HTTP/1.1
User-Agent: selenium/4.13.0 (java mac)
Content-Length: 75
Content-Type: application/json; charset=utf-8
host: localhost:5456
accept: */*

Response DefaultHttpResponse(decodeResult: success, version: HTTP/1.1)
HTTP/1.1 404 Not Found
Content-Length: 1947
Content-Type: application/json; charset=utf-8
cache-control: no-cache

23:05:44.397 [AsyncHttpClient-1-5] DEBUG org.asynchttpclient.netty.channel.ChannelManager - Adding key: http://localhost:5456 for channel [id: 0x95478780, L:/127.0.0.1:53581 - R:localhost/127.0.0.1:5456]
23:05:44.615 [AsyncHttpClient-1-1] DEBUG org.asynchttpclient.netty.channel.DefaultChannelPool - Entry count for : http://localhost:5456 : 1
23:05:44.616 [AsyncHttpClient-1-1] DEBUG org.asynchttpclient.netty.channel.DefaultChannelPool - Entry count for : http://localhost:53582 : 1
23:05:44.904 [Forwarding findElement on session a39b5a7409a1e458985695632bda80ea to remote] DEBUG org.asynchttpclient.netty.request.NettyRequestSender - Using pooled Channel '[id: 0x95478780, L:/127.0.0.1:53581 - R:localhost/127.0.0.1:5456]' for 'POST' to 'http://localhost:5456/session/a39b5a7409a1e458985695632bda80ea/element'
23:05:44.904 [Forwarding findElement on session a39b5a7409a1e458985695632bda80ea to remote] DEBUG org.asynchttpclient.netty.request.NettyRequestSender - Using open Channel [id: 0x95478780, L:/127.0.0.1:53581 - R:localhost/127.0.0.1:5456] for POST '/session/a39b5a7409a1e458985695632bda80ea/element'
23:05:44.910 [AsyncHttpClient-1-5] DEBUG org.asynchttpclient.netty.handler.HttpHandler - 

Request DefaultHttpRequest(decodeResult: success, version: HTTP/1.1)
POST /session/a39b5a7409a1e458985695632bda80ea/element HTTP/1.1
User-Agent: selenium/4.13.0 (java mac)
Content-Length: 75
Content-Type: application/json; charset=utf-8
host: localhost:5456
accept: */*

Response DefaultHttpResponse(decodeResult: success, version: HTTP/1.1)
HTTP/1.1 404 Not Found
Content-Length: 1947
Content-Type: application/json; charset=utf-8
cache-control: no-cache

23:05:44.911 [AsyncHttpClient-1-5] DEBUG org.asynchttpclient.netty.channel.ChannelManager - Adding key: http://localhost:5456 for channel [id: 0x95478780, L:/127.0.0.1:53581 - R:localhost/127.0.0.1:5456]
23:05:45.414 [Forwarding findElement on session a39b5a7409a1e458985695632bda80ea to remote] DEBUG org.asynchttpclient.netty.request.NettyRequestSender - Using pooled Channel '[id: 0x95478780, L:/127.0.0.1:53581 - R:localhost/127.0.0.1:5456]' for 'POST' to 'http://localhost:5456/session/a39b5a7409a1e458985695632bda80ea/element'
23:05:45.414 [Forwarding findElement on session a39b5a7409a1e458985695632bda80ea to remote] DEBUG org.asynchttpclient.netty.request.NettyRequestSender - Using open Channel [id: 0x95478780, L:/127.0.0.1:53581 - R:localhost/127.0.0.1:5456] for POST '/session/a39b5a7409a1e458985695632bda80ea/element'
23:05:45.423 [AsyncHttpClient-1-5] DEBUG org.asynchttpclient.netty.handler.HttpHandler - 

Request DefaultHttpRequest(decodeResult: success, version: HTTP/1.1)
POST /session/a39b5a7409a1e458985695632bda80ea/element HTTP/1.1
User-Agent: selenium/4.13.0 (java mac)
Content-Length: 75
Content-Type: application/json; charset=utf-8
host: localhost:5456
accept: */*

Response DefaultHttpResponse(decodeResult: success, version: HTTP/1.1)
HTTP/1.1 404 Not Found
Content-Length: 1947
Content-Type: application/json; charset=utf-8
cache-control: no-cache

23:05:45.424 [AsyncHttpClient-1-5] DEBUG org.asynchttpclient.netty.channel.ChannelManager - Adding key: http://localhost:5456 for channel [id: 0x95478780, L:/127.0.0.1:53581 - R:localhost/127.0.0.1:5456]
23:05:45.715 [AsyncHttpClient-1-1] DEBUG org.asynchttpclient.netty.channel.DefaultChannelPool - Entry count for : http://localhost:5456 : 1
23:05:45.715 [AsyncHttpClient-1-1] DEBUG org.asynchttpclient.netty.channel.DefaultChannelPool - Entry count for : http://localhost:53582 : 1
23:05:45.926 [Forwarding findElement on session a39b5a7409a1e458985695632bda80ea to remote] DEBUG org.asynchttpclient.netty.request.NettyRequestSender - Using pooled Channel '[id: 0x95478780, L:/127.0.0.1:53581 - R:localhost/127.0.0.1:5456]' for 'POST' to 'http://localhost:5456/session/a39b5a7409a1e458985695632bda80ea/element'
23:05:45.926 [Forwarding findElement on session a39b5a7409a1e458985695632bda80ea to remote] DEBUG org.asynchttpclient.netty.request.NettyRequestSender - Using open Channel [id: 0x95478780, L:/127.0.0.1:53581 - R:localhost/127.0.0.1:5456] for POST '/session/a39b5a7409a1e458985695632bda80ea/element'
23:05:45.932 [AsyncHttpClient-1-5] DEBUG org.asynchttpclient.netty.handler.HttpHandler - 

Request DefaultHttpRequest(decodeResult: success, version: HTTP/1.1)
POST /session/a39b5a7409a1e458985695632bda80ea/element HTTP/1.1
User-Agent: selenium/4.13.0 (java mac)
Content-Length: 75
Content-Type: application/json; charset=utf-8
host: localhost:5456
accept: */*

Response DefaultHttpResponse(decodeResult: success, version: HTTP/1.1)
HTTP/1.1 404 Not Found
Content-Length: 1947
Content-Type: application/json; charset=utf-8
cache-control: no-cache

23:05:45.933 [AsyncHttpClient-1-5] DEBUG org.asynchttpclient.netty.channel.ChannelManager - Adding key: http://localhost:5456 for channel [id: 0x95478780, L:/127.0.0.1:53581 - R:localhost/127.0.0.1:5456]
23:05:46.439 [Forwarding findElement on session a39b5a7409a1e458985695632bda80ea to remote] DEBUG org.asynchttpclient.netty.request.NettyRequestSender - Using pooled Channel '[id: 0x95478780, L:/127.0.0.1:53581 - R:localhost/127.0.0.1:5456]' for 'POST' to 'http://localhost:5456/session/a39b5a7409a1e458985695632bda80ea/element'
23:05:46.439 [Forwarding findElement on session a39b5a7409a1e458985695632bda80ea to remote] DEBUG org.asynchttpclient.netty.request.NettyRequestSender - Using open Channel [id: 0x95478780, L:/127.0.0.1:53581 - R:localhost/127.0.0.1:5456] for POST '/session/a39b5a7409a1e458985695632bda80ea/element'
23:05:46.448 [AsyncHttpClient-1-5] DEBUG org.asynchttpclient.netty.handler.HttpHandler - 

Request DefaultHttpRequest(decodeResult: success, version: HTTP/1.1)
POST /session/a39b5a7409a1e458985695632bda80ea/element HTTP/1.1
User-Agent: selenium/4.13.0 (java mac)
Content-Length: 75
Content-Type: application/json; charset=utf-8
host: localhost:5456
accept: */*

Response DefaultHttpResponse(decodeResult: success, version: HTTP/1.1)
HTTP/1.1 404 Not Found
Content-Length: 1947
Content-Type: application/json; charset=utf-8
cache-control: no-cache

23:05:46.448 [AsyncHttpClient-1-5] DEBUG org.asynchttpclient.netty.channel.ChannelManager - Adding key: http://localhost:5456 for channel [id: 0x95478780, L:/127.0.0.1:53581 - R:localhost/127.0.0.1:5456]
23:05:46.816 [AsyncHttpClient-1-1] DEBUG org.asynchttpclient.netty.channel.DefaultChannelPool - Entry count for : http://localhost:5456 : 1
23:05:46.816 [AsyncHttpClient-1-1] DEBUG org.asynchttpclient.netty.channel.DefaultChannelPool - Entry count for : http://localhost:53582 : 1
23:05:46.951 [Forwarding findElement on session a39b5a7409a1e458985695632bda80ea to remote] DEBUG org.asynchttpclient.netty.request.NettyRequestSender - Using pooled Channel '[id: 0x95478780, L:/127.0.0.1:53581 - R:localhost/127.0.0.1:5456]' for 'POST' to 'http://localhost:5456/session/a39b5a7409a1e458985695632bda80ea/element'
23:05:46.951 [Forwarding findElement on session a39b5a7409a1e458985695632bda80ea to remote] DEBUG org.asynchttpclient.netty.request.NettyRequestSender - Using open Channel [id: 0x95478780, L:/127.0.0.1:53581 - R:localhost/127.0.0.1:5456] for POST '/session/a39b5a7409a1e458985695632bda80ea/element'
23:05:46.959 [AsyncHttpClient-1-5] DEBUG org.asynchttpclient.netty.handler.HttpHandler - 

Request DefaultHttpRequest(decodeResult: success, version: HTTP/1.1)
POST /session/a39b5a7409a1e458985695632bda80ea/element HTTP/1.1
User-Agent: selenium/4.13.0 (java mac)
Content-Length: 75
Content-Type: application/json; charset=utf-8
host: localhost:5456
accept: */*

Response DefaultHttpResponse(decodeResult: success, version: HTTP/1.1)
HTTP/1.1 404 Not Found
Content-Length: 1947
Content-Type: application/json; charset=utf-8
cache-control: no-cache

23:05:46.959 [AsyncHttpClient-1-5] DEBUG org.asynchttpclient.netty.channel.ChannelManager - Adding key: http://localhost:5456 for channel [id: 0x95478780, L:/127.0.0.1:53581 - R:localhost/127.0.0.1:5456]
23:05:47.464 [Forwarding findElement on session a39b5a7409a1e458985695632bda80ea to remote] DEBUG org.asynchttpclient.netty.request.NettyRequestSender - Using pooled Channel '[id: 0x95478780, L:/127.0.0.1:53581 - R:localhost/127.0.0.1:5456]' for 'POST' to 'http://localhost:5456/session/a39b5a7409a1e458985695632bda80ea/element'
23:05:47.464 [Forwarding findElement on session a39b5a7409a1e458985695632bda80ea to remote] DEBUG org.asynchttpclient.netty.request.NettyRequestSender - Using open Channel [id: 0x95478780, L:/127.0.0.1:53581 - R:localhost/127.0.0.1:5456] for POST '/session/a39b5a7409a1e458985695632bda80ea/element'
23:05:47.472 [AsyncHttpClient-1-5] DEBUG org.asynchttpclient.netty.handler.HttpHandler - 

Request DefaultHttpRequest(decodeResult: success, version: HTTP/1.1)
POST /session/a39b5a7409a1e458985695632bda80ea/element HTTP/1.1
User-Agent: selenium/4.13.0 (java mac)
Content-Length: 75
Content-Type: application/json; charset=utf-8
host: localhost:5456
accept: */*

Response DefaultHttpResponse(decodeResult: success, version: HTTP/1.1)
HTTP/1.1 404 Not Found
Content-Length: 1947
Content-Type: application/json; charset=utf-8
cache-control: no-cache

23:05:47.473 [AsyncHttpClient-1-5] DEBUG org.asynchttpclient.netty.channel.ChannelManager - Adding key: http://localhost:5456 for channel [id: 0x95478780, L:/127.0.0.1:53581 - R:localhost/127.0.0.1:5456]
23:05:47.915 [AsyncHttpClient-1-1] DEBUG org.asynchttpclient.netty.channel.DefaultChannelPool - Entry count for : http://localhost:5456 : 1
[...]
23:07:08.109 [Forwarding executeScript on session 5e1b500cebcfea974e4d6ae0c44946bb to remote] DEBUG org.asynchttpclient.netty.request.NettyRequestSender - Using pooled Channel '[id: 0x92569d7a, L:/127.0.0.1:53788 - R:localhost/127.0.0.1:20618]' for 'POST' to 'http://localhost:20618/session/5e1b500cebcfea974e4d6ae0c44946bb/execute/sync'
23:07:08.109 [Forwarding executeScript on session 5e1b500cebcfea974e4d6ae0c44946bb to remote] DEBUG org.asynchttpclient.netty.request.NettyRequestSender - Using open Channel [id: 0x92569d7a, L:/127.0.0.1:53788 - R:localhost/127.0.0.1:20618] for POST '/session/5e1b500cebcfea974e4d6ae0c44946bb/execute/sync'
23:07:08.113 [AsyncHttpClient-1-17] DEBUG org.asynchttpclient.netty.handler.HttpHandler - 

Request DefaultHttpRequest(decodeResult: success, version: HTTP/1.1)
POST /session/5e1b500cebcfea974e4d6ae0c44946bb/execute/sync HTTP/1.1
User-Agent: selenium/4.13.0 (java mac)
Content-Length: 180
Content-Type: application/json; charset=utf-8
host: localhost:20618
accept: */*

Response DefaultHttpResponse(decodeResult: success, version: HTTP/1.1)
HTTP/1.1 200 OK
Content-Length: 14
Content-Type: application/json; charset=utf-8
cache-control: no-cache

23:07:08.113 [AsyncHttpClient-1-17] DEBUG org.asynchttpclient.netty.channel.ChannelManager - Adding key: http://localhost:20618 for channel [id: 0x92569d7a, L:/127.0.0.1:53788 - R:localhost/127.0.0.1:20618]
23:07:08.116 [Forwarding isElementDisplayed on session 5e1b500cebcfea974e4d6ae0c44946bb to remote] DEBUG org.asynchttpclient.netty.request.NettyRequestSender - Using pooled Channel '[id: 0x92569d7a, L:/127.0.0.1:53788 - R:localhost/127.0.0.1:20618]' for 'POST' to 'http://localhost:20618/session/5e1b500cebcfea974e4d6ae0c44946bb/execute/sync'
23:07:08.116 [Forwarding isElementDisplayed on session 5e1b500cebcfea974e4d6ae0c44946bb to remote] DEBUG org.asynchttpclient.netty.request.NettyRequestSender - Using open Channel [id: 0x92569d7a, L:/127.0.0.1:53788 - R:localhost/127.0.0.1:20618] for POST '/session/5e1b500cebcfea974e4d6ae0c44946bb/execute/sync'
23:07:08.124 [AsyncHttpClient-1-17] DEBUG org.asynchttpclient.netty.handler.HttpHandler - 

Request DefaultHttpRequest(decodeResult: success, version: HTTP/1.1)
POST /session/5e1b500cebcfea974e4d6ae0c44946bb/execute/sync HTTP/1.1
User-Agent: selenium/4.13.0 (java mac)
Content-Length: 48815
Content-Type: application/json; charset=utf-8
host: localhost:20618
accept: */*

Response DefaultHttpResponse(decodeResult: success, version: HTTP/1.1)
HTTP/1.1 200 OK
Content-Length: 14
Content-Type: application/json; charset=utf-8
cache-control: no-cache

23:07:08.124 [AsyncHttpClient-1-17] DEBUG org.asynchttpclient.netty.channel.ChannelManager - Adding key: http://localhost:20618 for channel [id: 0x92569d7a, L:/127.0.0.1:53788 - R:localhost/127.0.0.1:20618]
23:07:08.125 [Forwarding findElement on session 5e1b500cebcfea974e4d6ae0c44946bb to remote] DEBUG org.asynchttpclient.netty.request.NettyRequestSender - Using pooled Channel '[id: 0x92569d7a, L:/127.0.0.1:53788 - R:localhost/127.0.0.1:20618]' for 'POST' to 'http://localhost:20618/session/5e1b500cebcfea974e4d6ae0c44946bb/element'
23:07:08.125 [Forwarding findElement on session 5e1b500cebcfea974e4d6ae0c44946bb to remote] DEBUG org.asynchttpclient.netty.request.NettyRequestSender - Using open Channel [id: 0x92569d7a, L:/127.0.0.1:53788 - R:localhost/127.0.0.1:20618] for POST '/session/5e1b500cebcfea974e4d6ae0c44946bb/element'
23:07:08.135 [AsyncHttpClient-1-17] DEBUG org.asynchttpclient.netty.handler.HttpHandler - 

Request DefaultHttpRequest(decodeResult: success, version: HTTP/1.1)
POST /session/5e1b500cebcfea974e4d6ae0c44946bb/element HTTP/1.1
User-Agent: selenium/4.13.0 (java mac)
Content-Length: 76
Content-Type: application/json; charset=utf-8
host: localhost:20618
accept: */*

Response DefaultHttpResponse(decodeResult: success, version: HTTP/1.1)
HTTP/1.1 200 OK
Content-Length: 96
Content-Type: application/json; charset=utf-8
cache-control: no-cache

23:07:08.135 [AsyncHttpClient-1-17] DEBUG org.asynchttpclient.netty.channel.ChannelManager - Adding key: http://localhost:20618 for channel [id: 0x92569d7a, L:/127.0.0.1:53788 - R:localhost/127.0.0.1:20618]
23:07:08.136 [Forwarding executeScript on session 5e1b500cebcfea974e4d6ae0c44946bb to remote] DEBUG org.asynchttpclient.netty.request.NettyRequestSender - Using pooled Channel '[id: 0x92569d7a, L:/127.0.0.1:53788 - R:localhost/127.0.0.1:20618]' for 'POST' to 'http://localhost:20618/session/5e1b500cebcfea974e4d6ae0c44946bb/execute/sync'
23:07:08.136 [Forwarding executeScript on session 5e1b500cebcfea974e4d6ae0c44946bb to remote] DEBUG org.asynchttpclient.netty.request.NettyRequestSender - Using open Channel [id: 0x92569d7a, L:/127.0.0.1:53788 - R:localhost/127.0.0.1:20618] for POST '/session/5e1b500cebcfea974e4d6ae0c44946bb/execute/sync'
23:07:08.141 [AsyncHttpClient-1-17] DEBUG org.asynchttpclient.netty.handler.HttpHandler - 

Request DefaultHttpRequest(decodeResult: success, version: HTTP/1.1)
POST /session/5e1b500cebcfea974e4d6ae0c44946bb/execute/sync HTTP/1.1
User-Agent: selenium/4.13.0 (java mac)
Content-Length: 180
Content-Type: application/json; charset=utf-8
host: localhost:20618
accept: */*

Response DefaultHttpResponse(decodeResult: success, version: HTTP/1.1)
HTTP/1.1 200 OK
Content-Length: 14
Content-Type: application/json; charset=utf-8
cache-control: no-cache

23:07:08.141 [AsyncHttpClient-1-17] DEBUG org.asynchttpclient.netty.channel.ChannelManager - Adding key: http://localhost:20618 for channel [id: 0x92569d7a, L:/127.0.0.1:53788 - R:localhost/127.0.0.1:20618]
23:07:08.144 [Forwarding isElementDisplayed on session 5e1b500cebcfea974e4d6ae0c44946bb to remote] DEBUG org.asynchttpclient.netty.request.NettyRequestSender - Using pooled Channel '[id: 0x92569d7a, L:/127.0.0.1:53788 - R:localhost/127.0.0.1:20618]' for 'POST' to 'http://localhost:20618/session/5e1b500cebcfea974e4d6ae0c44946bb/execute/sync'
23:07:08.144 [Forwarding isElementDisplayed on session 5e1b500cebcfea974e4d6ae0c44946bb to remote] DEBUG org.asynchttpclient.netty.request.NettyRequestSender - Using open Channel [id: 0x92569d7a, L:/127.0.0.1:53788 - R:localhost/127.0.0.1:20618] for POST '/session/5e1b500cebcfea974e4d6ae0c44946bb/execute/sync'
23:07:08.153 [AsyncHttpClient-1-17] DEBUG org.asynchttpclient.netty.handler.HttpHandler - 

Request DefaultHttpRequest(decodeResult: success, version: HTTP/1.1)
POST /session/5e1b500cebcfea974e4d6ae0c44946bb/execute/sync HTTP/1.1
User-Agent: selenium/4.13.0 (java mac)
Content-Length: 48815
Content-Type: application/json; charset=utf-8
host: localhost:20618
accept: */*

Response DefaultHttpResponse(decodeResult: success, version: HTTP/1.1)
HTTP/1.1 200 OK
Content-Length: 14
Content-Type: application/json; charset=utf-8
cache-control: no-cache

23:07:08.153 [AsyncHttpClient-1-17] DEBUG org.asynchttpclient.netty.channel.ChannelManager - Adding key: http://localhost:20618 for channel [id: 0x92569d7a, L:/127.0.0.1:53788 - R:localhost/127.0.0.1:20618]
23:07:08.154 [Forwarding findElement on session 5e1b500cebcfea974e4d6ae0c44946bb to remote] DEBUG org.asynchttpclient.netty.request.NettyRequestSender - Using pooled Channel '[id: 0x92569d7a, L:/127.0.0.1:53788 - R:localhost/127.0.0.1:20618]' for 'POST' to 'http://localhost:20618/session/5e1b500cebcfea974e4d6ae0c44946bb/element'
23:07:08.154 [Forwarding findElement on session 5e1b500cebcfea974e4d6ae0c44946bb to remote] DEBUG org.asynchttpclient.netty.request.NettyRequestSender - Using open Channel [id: 0x92569d7a, L:/127.0.0.1:53788 - R:localhost/127.0.0.1:20618] for POST '/session/5e1b500cebcfea974e4d6ae0c44946bb/element'
23:07:08.165 [AsyncHttpClient-1-17] DEBUG org.asynchttpclient.netty.handler.HttpHandler - 

Request DefaultHttpRequest(decodeResult: success, version: HTTP/1.1)
POST /session/5e1b500cebcfea974e4d6ae0c44946bb/element HTTP/1.1
User-Agent: selenium/4.13.0 (java mac)
Content-Length: 76
Content-Type: application/json; charset=utf-8
host: localhost:20618
accept: */*

Response DefaultHttpResponse(decodeResult: success, version: HTTP/1.1)
HTTP/1.1 200 OK
Content-Length: 96
Content-Type: application/json; charset=utf-8
cache-control: no-cache

23:07:08.166 [AsyncHttpClient-1-17] DEBUG org.asynchttpclient.netty.channel.ChannelManager - Adding key: http://localhost:20618 for channel [id: 0x92569d7a, L:/127.0.0.1:53788 - R:localhost/127.0.0.1:20618]
23:07:08.167 [Forwarding executeScript on session 5e1b500cebcfea974e4d6ae0c44946bb to remote] DEBUG org.asynchttpclient.netty.request.NettyRequestSender - Using pooled Channel '[id: 0x92569d7a, L:/127.0.0.1:53788 - R:localhost/127.0.0.1:20618]' for 'POST' to 'http://localhost:20618/session/5e1b500cebcfea974e4d6ae0c44946bb/execute/sync'
23:07:08.167 [Forwarding executeScript on session 5e1b500cebcfea974e4d6ae0c44946bb to remote] DEBUG org.asynchttpclient.netty.request.NettyRequestSender - Using open Channel [id: 0x92569d7a, L:/127.0.0.1:53788 - R:localhost/127.0.0.1:20618] for POST '/session/5e1b500cebcfea974e4d6ae0c44946bb/execute/sync'
23:07:08.173 [AsyncHttpClient-1-17] DEBUG org.asynchttpclient.netty.handler.HttpHandler - 

Request DefaultHttpRequest(decodeResult: success, version: HTTP/1.1)
POST /session/5e1b500cebcfea974e4d6ae0c44946bb/execute/sync HTTP/1.1
User-Agent: selenium/4.13.0 (java mac)
Content-Length: 180
Content-Type: application/json; charset=utf-8
host: localhost:20618
accept: */*

Response DefaultHttpResponse(decodeResult: success, version: HTTP/1.1)
HTTP/1.1 200 OK
Content-Length: 14
Content-Type: application/json; charset=utf-8
cache-control: no-cache

23:07:08.173 [AsyncHttpClient-1-17] DEBUG org.asynchttpclient.netty.channel.ChannelManager - Adding key: http://localhost:20618 for channel [id: 0x92569d7a, L:/127.0.0.1:53788 - R:localhost/127.0.0.1:20618]
23:07:08.197 [Forwarding isElementDisplayed on session 5e1b500cebcfea974e4d6ae0c44946bb to remote] DEBUG org.asynchttpclient.netty.request.NettyRequestSender - Using pooled Channel '[id: 0x92569d7a, L:/127.0.0.1:53788 - R:localhost/127.0.0.1:20618]' for 'POST' to 'http://localhost:20618/session/5e1b500cebcfea974e4d6ae0c44946bb/execute/sync'
23:07:08.197 [Forwarding isElementDisplayed on session 5e1b500cebcfea974e4d6ae0c44946bb to remote] DEBUG org.asynchttpclient.netty.request.NettyRequestSender - Using open Channel [id: 0x92569d7a, L:/127.0.0.1:53788 - R:localhost/127.0.0.1:20618] for POST '/session/5e1b500cebcfea974e4d6ae0c44946bb/execute/sync'
23:07:08.206 [AsyncHttpClient-1-17] DEBUG org.asynchttpclient.netty.handler.HttpHandler - 

Request DefaultHttpRequest(decodeResult: success, version: HTTP/1.1)
POST /session/5e1b500cebcfea974e4d6ae0c44946bb/execute/sync HTTP/1.1
User-Agent: selenium/4.13.0 (java mac)
Content-Length: 48815
Content-Type: application/json; charset=utf-8
host: localhost:20618
accept: */*

Response DefaultHttpResponse(decodeResult: success, version: HTTP/1.1)
HTTP/1.1 200 OK
Content-Length: 14
Content-Type: application/json; charset=utf-8
cache-control: no-cache

23:07:08.206 [AsyncHttpClient-1-17] DEBUG org.asynchttpclient.netty.channel.ChannelManager - Adding key: http://localhost:20618 for channel [id: 0x92569d7a, L:/127.0.0.1:53788 - R:localhost/127.0.0.1:20618]
23:07:08.208 [Forwarding findElement on session 5e1b500cebcfea974e4d6ae0c44946bb to remote] DEBUG org.asynchttpclient.netty.request.NettyRequestSender - Using pooled Channel '[id: 0x92569d7a, L:/127.0.0.1:53788 - R:localhost/127.0.0.1:20618]' for 'POST' to 'http://localhost:20618/session/5e1b500cebcfea974e4d6ae0c44946bb/element'
23:07:08.208 [Forwarding findElement on session 5e1b500cebcfea974e4d6ae0c44946bb to remote] DEBUG org.asynchttpclient.netty.request.NettyRequestSender - Using open Channel [id: 0x92569d7a, L:/127.0.0.1:53788 - R:localhost/127.0.0.1:20618] for POST '/session/5e1b500cebcfea974e4d6ae0c44946bb/element'
23:07:08.218 [AsyncHttpClient-1-1] DEBUG org.asynchttpclient.netty.channel.DefaultChannelPool - Entry count for : http://localhost:53789 : 1
23:07:08.219 [AsyncHttpClient-1-17] DEBUG org.asynchttpclient.netty.handler.HttpHandler - 

Request DefaultHttpRequest(decodeResult: success, version: HTTP/1.1)
POST /session/5e1b500cebcfea974e4d6ae0c44946bb/element HTTP/1.1
User-Agent: selenium/4.13.0 (java mac)
Content-Length: 76
Content-Type: application/json; charset=utf-8
host: localhost:20618
accept: */*

Response DefaultHttpResponse(decodeResult: success, version: HTTP/1.1)
HTTP/1.1 200 OK
Content-Length: 96
Content-Type: application/json; charset=utf-8
cache-control: no-cache

23:07:08.219 [AsyncHttpClient-1-17] DEBUG org.asynchttpclient.netty.channel.ChannelManager - Adding key: http://localhost:20618 for channel [id: 0x92569d7a, L:/127.0.0.1:53788 - R:localhost/127.0.0.1:20618]
23:07:08.221 [Forwarding executeScript on session 5e1b500cebcfea974e4d6ae0c44946bb to remote] DEBUG org.asynchttpclient.netty.request.NettyRequestSender - Using pooled Channel '[id: 0x92569d7a, L:/127.0.0.1:53788 - R:localhost/127.0.0.1:20618]' for 'POST' to 'http://localhost:20618/session/5e1b500cebcfea974e4d6ae0c44946bb/execute/sync'
23:07:08.221 [Forwarding executeScript on session 5e1b500cebcfea974e4d6ae0c44946bb to remote] DEBUG org.asynchttpclient.netty.request.NettyRequestSender - Using open Channel [id: 0x92569d7a, L:/127.0.0.1:53788 - R:localhost/127.0.0.1:20618] for POST '/session/5e1b500cebcfea974e4d6ae0c44946bb/execute/sync'
23:07:08.226 [AsyncHttpClient-1-17] DEBUG org.asynchttpclient.netty.handler.HttpHandler - 

Request DefaultHttpRequest(decodeResult: success, version: HTTP/1.1)
POST /session/5e1b500cebcfea974e4d6ae0c44946bb/execute/sync HTTP/1.1
User-Agent: selenium/4.13.0 (java mac)
Content-Length: 180
Content-Type: application/json; charset=utf-8
host: localhost:20618
accept: */*

Response DefaultHttpResponse(decodeResult: success, version: HTTP/1.1)
HTTP/1.1 200 OK
Content-Length: 14
Content-Type: application/json; charset=utf-8
cache-control: no-cache

23:07:08.226 [AsyncHttpClient-1-17] DEBUG org.asynchttpclient.netty.channel.ChannelManager - Adding key: http://localhost:20618 for channel [id: 0x92569d7a, L:/127.0.0.1:53788 - R:localhost/127.0.0.1:20618]
23:07:08.229 [Forwarding isElementDisplayed on session 5e1b500cebcfea974e4d6ae0c44946bb to remote] DEBUG org.asynchttpclient.netty.request.NettyRequestSender - Using pooled Channel '[id: 0x92569d7a, L:/127.0.0.1:53788 - R:localhost/127.0.0.1:20618]' for 'POST' to 'http://localhost:20618/session/5e1b500cebcfea974e4d6ae0c44946bb/execute/sync'
23:07:08.229 [Forwarding isElementDisplayed on session 5e1b500cebcfea974e4d6ae0c44946bb to remote] DEBUG org.asynchttpclient.netty.request.NettyRequestSender - Using open Channel [id: 0x92569d7a, L:/127.0.0.1:53788 - R:localhost/127.0.0.1:20618] for POST '/session/5e1b500cebcfea974e4d6ae0c44946bb/execute/sync'
23:07:08.238 [AsyncHttpClient-1-17] DEBUG org.asynchttpclient.netty.handler.HttpHandler - 

Request DefaultHttpRequest(decodeResult: success, version: HTTP/1.1)
POST /session/5e1b500cebcfea974e4d6ae0c44946bb/execute/sync HTTP/1.1
User-Agent: selenium/4.13.0 (java mac)
Content-Length: 48815
Content-Type: application/json; charset=utf-8
host: localhost:20618
accept: */*

Response DefaultHttpResponse(decodeResult: success, version: HTTP/1.1)
HTTP/1.1 200 OK
Content-Length: 14
Content-Type: application/json; charset=utf-8
cache-control: no-cache

23:07:08.238 [AsyncHttpClient-1-17] DEBUG org.asynchttpclient.netty.channel.ChannelManager - Adding key: http://localhost:20618 for channel [id: 0x92569d7a, L:/127.0.0.1:53788 - R:localhost/127.0.0.1:20618]
23:07:08.239 [Forwarding findElement on session 5e1b500cebcfea974e4d6ae0c44946bb to remote] DEBUG org.asynchttpclient.netty.request.NettyRequestSender - Using pooled Channel '[id: 0x92569d7a, L:/127.0.0.1:53788 - R:localhost/127.0.0.1:20618]' for 'POST' to 'http://localhost:20618/session/5e1b500cebcfea974e4d6ae0c44946bb/element'
23:07:08.239 [Forwarding findElement on session 5e1b500cebcfea974e4d6ae0c44946bb to remote] DEBUG org.asynchttpclient.netty.request.NettyRequestSender - Using open Channel [id: 0x92569d7a, L:/127.0.0.1:53788 - R:localhost/127.0.0.1:20618] for POST '/session/5e1b500cebcfea974e4d6ae0c44946bb/element'
23:07:08.250 [AsyncHttpClient-1-17] DEBUG org.asynchttpclient.netty.handler.HttpHandler - 

Request DefaultHttpRequest(decodeResult: success, version: HTTP/1.1)
POST /session/5e1b500cebcfea974e4d6ae0c44946bb/element HTTP/1.1
User-Agent: selenium/4.13.0 (java mac)
Content-Length: 76
Content-Type: application/json; charset=utf-8
host: localhost:20618
accept: */*

Response DefaultHttpResponse(decodeResult: success, version: HTTP/1.1)
HTTP/1.1 200 OK
Content-Length: 96
Content-Type: application/json; charset=utf-8
cache-control: no-cache

23:07:08.250 [AsyncHttpClient-1-17] DEBUG org.asynchttpclient.netty.channel.ChannelManager - Adding key: http://localhost:20618 for channel [id: 0x92569d7a, L:/127.0.0.1:53788 - R:localhost/127.0.0.1:20618]
23:07:08.252 [Forwarding executeScript on session 5e1b500cebcfea974e4d6ae0c44946bb to remote] DEBUG org.asynchttpclient.netty.request.NettyRequestSender - Using pooled Channel '[id: 0x92569d7a, L:/127.0.0.1:53788 - R:localhost/127.0.0.1:20618]' for 'POST' to 'http://localhost:20618/session/5e1b500cebcfea974e4d6ae0c44946bb/execute/sync'
23:07:08.252 [Forwarding executeScript on session 5e1b500cebcfea974e4d6ae0c44946bb to remote] DEBUG org.asynchttpclient.netty.request.NettyRequestSender - Using open Channel [id: 0x92569d7a, L:/127.0.0.1:53788 - R:localhost/127.0.0.1:20618] for POST '/session/5e1b500cebcfea974e4d6ae0c44946bb/execute/sync'
23:07:08.258 [AsyncHttpClient-1-17] DEBUG org.asynchttpclient.netty.handler.HttpHandler - 

Request DefaultHttpRequest(decodeResult: success, version: HTTP/1.1)
POST /session/5e1b500cebcfea974e4d6ae0c44946bb/execute/sync HTTP/1.1
User-Agent: selenium/4.13.0 (java mac)
Content-Length: 180
Content-Type: application/json; charset=utf-8
host: localhost:20618
accept: */*

Response DefaultHttpResponse(decodeResult: success, version: HTTP/1.1)
HTTP/1.1 200 OK
Content-Length: 14
Content-Type: application/json; charset=utf-8
cache-control: no-cache

23:07:08.258 [AsyncHttpClient-1-17] DEBUG org.asynchttpclient.netty.channel.ChannelManager - Adding key: http://localhost:20618 for channel [id: 0x92569d7a, L:/127.0.0.1:53788 - R:localhost/127.0.0.1:20618]
23:07:08.261 [Forwarding isElementDisplayed on session 5e1b500cebcfea974e4d6ae0c44946bb to remote] DEBUG org.asynchttpclient.netty.request.NettyRequestSender - Using pooled Channel '[id: 0x92569d7a, L:/127.0.0.1:53788 - R:localhost/127.0.0.1:20618]' for 'POST' to 'http://localhost:20618/session/5e1b500cebcfea974e4d6ae0c44946bb/execute/sync'
23:07:08.261 [Forwarding isElementDisplayed on session 5e1b500cebcfea974e4d6ae0c44946bb to remote] DEBUG org.asynchttpclient.netty.request.NettyRequestSender - Using open Channel [id: 0x92569d7a, L:/127.0.0.1:53788 - R:localhost/127.0.0.1:20618] for POST '/session/5e1b500cebcfea974e4d6ae0c44946bb/execute/sync'
23:07:08.270 [AsyncHttpClient-1-17] DEBUG org.asynchttpclient.netty.handler.HttpHandler - 

Request DefaultHttpRequest(decodeResult: success, version: HTTP/1.1)
POST /session/5e1b500cebcfea974e4d6ae0c44946bb/execute/sync HTTP/1.1
User-Agent: selenium/4.13.0 (java mac)
Content-Length: 48815
Content-Type: application/json; charset=utf-8
host: localhost:20618
accept: */*

Response DefaultHttpResponse(decodeResult: success, version: HTTP/1.1)
HTTP/1.1 200 OK
Content-Length: 14
Content-Type: application/json; charset=utf-8
cache-control: no-cache

23:07:08.270 [AsyncHttpClient-1-17] DEBUG org.asynchttpclient.netty.channel.ChannelManager - Adding key: http://localhost:20618 for channel [id: 0x92569d7a, L:/127.0.0.1:53788 - R:localhost/127.0.0.1:20618]
]]></system-out>
    <system-err><![CDATA[Jan 11, 2024 11:06:59 PM org.openqa.selenium.devtools.CdpVersionFinder findNearestMatch
WARNING: Unable to find an exact match for CDP version 120, so returning the closest version found: 117
]]></system-err>
  </testcase>
</testsuite>