<?xml version="1.0" encoding="UTF-8"?>
<testng-results ignored="0" total="6" passed="4" failed="2" skipped="0">
  <reporter-output>
    <line>
      <![CDATA[Step 1 : Open URL - https://www.makemytrip.com/]]>
    </line>
    <line>
      <![CDATA[Step 2 : Verify mmt logo present.]]>
    </line>
    <line>
      <![CDATA[Step 3 : Verify mmt login section present.]]>
    </line>
    <line>
      <![CDATA[Step 4 : Verify mmt country & currency selection dropdown present.]]>
    </line>
    <line>
      <![CDATA[Step 5 : Verify mmt search section present.]]>
    </line>
    <line>
      <![CDATA[<font color=238E23><strong><i> PASS : verifyAllHeaderSectionsPresent</i></strong></font>]]>
    </line>
    <line>
      <![CDATA[Step 1 : Open URL - https://www.makemytrip.com/]]>
    </line>
    <line>
      <![CDATA[Step 2 : Verify mmt country & currency selection section present.]]>
    </line>
    <line>
      <![CDATA[Step 3 : Click on mmt country & currency selection section present.]]>
    </line>
    <line>
      <![CDATA[Step 4 : Select country USA from dropdown.]]>
    </line>
    <line>
      <![CDATA[Step 5 : Click on apply button.]]>
    </line>
    <line>
      <![CDATA[Step 6 : Verify language english annd currency USD selected.]]>
    </line>
    <line>
      <![CDATA[<font color=#FF0000><strong><i> FAIL : verifyCountryCurrencyWidget</i></strong></font>]]>
    </line>
    <line>
      <![CDATA[<a href='/Users/apple/Documents/HHP/Projects/sample/target/failsafe-reports/chrome/screenshots/verifyCountryCurrencyWidget.png'> <img src='/Users/apple/Documents/HHP/Projects/sample/target/failsafe-reports/chrome/screenshots/verifyCountryCurrencyWidget.png' height='250' width='500'/> </a>]]>
    </line>
    <line>
      <![CDATA[Step 1 : Open URL - https://www.makemytrip.com/]]>
    </line>
    <line>
      <![CDATA[Step 2 : Click on flights logo.]]>
    </line>
    <line>
      <![CDATA[Step 3 : Click on round trip radio button.]]>
    </line>
    <line>
      <![CDATA[Step 4 : Enter ahmedabad in from textbox.]]>
    </line>
    <line>
      <![CDATA[<font color=#FF0000><strong><i> FAIL : verifySearchFlight</i></strong></font>]]>
    </line>
    <line>
      <![CDATA[<a href='/Users/apple/Documents/HHP/Projects/sample/target/failsafe-reports/chrome/screenshots/verifySearchFlight.png'> <img src='/Users/apple/Documents/HHP/Projects/sample/target/failsafe-reports/chrome/screenshots/verifySearchFlight.png' height='250' width='500'/> </a>]]>
    </line>
    <line>
      <![CDATA[Step 1 : Open URL - https://www.makemytrip.com/]]>
    </line>
    <line>
      <![CDATA[Step 2 : Click on super offer tab in header.]]>
    </line>
    <line>
      <![CDATA[Step 3 : Verify offer page opened.]]>
    </line>
    <line>
      <![CDATA[Step 4 : Click on flights radio button.]]>
    </line>
    <line>
      <![CDATA[Step 5 : Click on hdfc checkbox.]]>
    </line>
    <line>
      <![CDATA[Step 6 : Verify all offers have hdfc bank logo with terms and conditions.]]>
    </line>
    <line>
      <![CDATA[<font color=238E23><strong><i> PASS : verifyOfferPageFlightsHDFCFilter</i></strong></font>]]>
    </line>
    <line>
      <![CDATA[Step 1 : Open URL - https://www.makemytrip.com/]]>
    </line>
    <line>
      <![CDATA[Step 2 : Click on super offer tab in header.]]>
    </line>
    <line>
      <![CDATA[Step 3 : Verify offer page opened.]]>
    </line>
    <line>
      <![CDATA[Step 4 : Click on hotels radio button.]]>
    </line>
    <line>
      <![CDATA[Step 5 : Click on axis checkbox.]]>
    </line>
    <line>
      <![CDATA[Step 6 : Verify all offers have axis bank logo with terms and conditions.]]>
    </line>
    <line>
      <![CDATA[<font color=238E23><strong><i> PASS : verifyOfferPageHotelAxisFilter</i></strong></font>]]>
    </line>
    <line>
      <![CDATA[Step 1 : Open URL - https://www.makemytrip.com/]]>
    </line>
    <line>
      <![CDATA[Step 2 : Click on super offer tab in header.]]>
    </line>
    <line>
      <![CDATA[Step 3 : Verify offer page opened.]]>
    </line>
    <line>
      <![CDATA[Step 4 : Click on trending radio button.]]>
    </line>
    <line>
      <![CDATA[Step 5 : Click on icici checkbox.]]>
    </line>
    <line>
      <![CDATA[Step 6 : Verify all offers have icici bank logo with terms and conditions.]]>
    </line>
    <line>
      <![CDATA[<font color=238E23><strong><i> PASS : verifyOfferPageTrendingICICIFilter</i></strong></font>]]>
    </line>
  </reporter-output>
  <suite started-at="2024-01-14T08:43:53 IST" name="MMT Demo" finished-at="2024-01-14T08:45:10 IST" duration-ms="77603">
    <groups>
      <group name="smoke">
        <method signature="HomePage.verifyAllHeaderSectionsPresent()[pri:0, instance:com.sample.modules.HomePage@7c729a55]" name="verifyAllHeaderSectionsPresent" class="com.sample.modules.HomePage"/>
        <method signature="HomePage.verifyCountryCurrencyWidget()[pri:0, instance:com.sample.modules.HomePage@7c729a55]" name="verifyCountryCurrencyWidget" class="com.sample.modules.HomePage"/>
        <method signature="HomePage.verifySearchFlight()[pri:0, instance:com.sample.modules.HomePage@7c729a55]" name="verifySearchFlight" class="com.sample.modules.HomePage"/>
        <method signature="OfferPage.verifyOfferPageFlightsHDFCFilter()[pri:0, instance:com.sample.modules.OfferPage@7f3b84b8]" name="verifyOfferPageFlightsHDFCFilter" class="com.sample.modules.OfferPage"/>
        <method signature="OfferPage.verifyOfferPageHotelAxisFilter()[pri:0, instance:com.sample.modules.OfferPage@7f3b84b8]" name="verifyOfferPageHotelAxisFilter" class="com.sample.modules.OfferPage"/>
        <method signature="OfferPage.verifyOfferPageTrendingICICIFilter()[pri:0, instance:com.sample.modules.OfferPage@7f3b84b8]" name="verifyOfferPageTrendingICICIFilter" class="com.sample.modules.OfferPage"/>
      </group> <!-- smoke -->
    </groups>
    <test started-at="2024-01-14T08:43:53 IST" name="MMT HomePage" finished-at="2024-01-14T08:44:38 IST" duration-ms="45085">
      <class name="com.sample.modules.HomePage">
        <test-method is-config="true" signature="setUp(java.lang.reflect.Method)[pri:0, instance:com.sample.modules.HomePage@7c729a55]" started-at="2024-01-14T08:43:53 IST" name="setUp" finished-at="2024-01-14T08:43:58 IST" duration-ms="5413" status="PASS">
          <params>
            <param index="0">
              <value>
                <![CDATA[public void com.sample.modules.HomePage.verifyAllHeaderSectionsPresent() throws java.lang.InterruptedException]]>
              </value>
            </param>
          </params>
          <reporter-output>
          </reporter-output>
        </test-method> <!-- setUp -->
        <test-method signature="verifyAllHeaderSectionsPresent()[pri:0, instance:com.sample.modules.HomePage@7c729a55]" started-at="2024-01-14T08:43:58 IST" name="verifyAllHeaderSectionsPresent" description="Home Page:Verify logo, login and other section present in header." finished-at="2024-01-14T08:44:00 IST" duration-ms="2183" status="PASS">
          <reporter-output>
            <line>
              <![CDATA[Step 1 : Open URL - https://www.makemytrip.com/]]>
            </line>
            <line>
              <![CDATA[Step 2 : Verify mmt logo present.]]>
            </line>
            <line>
              <![CDATA[Step 3 : Verify mmt login section present.]]>
            </line>
            <line>
              <![CDATA[Step 4 : Verify mmt country & currency selection dropdown present.]]>
            </line>
            <line>
              <![CDATA[Step 5 : Verify mmt search section present.]]>
            </line>
            <line>
              <![CDATA[<font color=238E23><strong><i> PASS : verifyAllHeaderSectionsPresent</i></strong></font>]]>
            </line>
          </reporter-output>
        </test-method> <!-- verifyAllHeaderSectionsPresent -->
        <test-method is-config="true" signature="tearDown(org.testng.ITestResult)[pri:0, instance:com.sample.modules.HomePage@7c729a55]" started-at="2024-01-14T08:44:00 IST" name="tearDown" finished-at="2024-01-14T08:44:01 IST" duration-ms="159" status="PASS">
          <params>
            <param index="0">
              <value>
                <![CDATA[[TestResult name=verifyAllHeaderSectionsPresent status=SUCCESS method=HomePage.verifyAllHeaderSectionsPresent()[pri:0, instance:com.sample.modules.HomePage@7c729a55] output=Step 1 : Open URL - https://www.makemytrip.com/]]]>
              </value>
            </param>
          </params>
          <reporter-output>
          </reporter-output>
        </test-method> <!-- tearDown -->
        <test-method is-config="true" signature="setUp(java.lang.reflect.Method)[pri:0, instance:com.sample.modules.HomePage@7c729a55]" started-at="2024-01-14T08:44:01 IST" name="setUp" finished-at="2024-01-14T08:44:04 IST" duration-ms="3857" status="PASS">
          <params>
            <param index="0">
              <value>
                <![CDATA[public void com.sample.modules.HomePage.verifyCountryCurrencyWidget() throws java.lang.InterruptedException]]>
              </value>
            </param>
          </params>
          <reporter-output>
          </reporter-output>
        </test-method> <!-- setUp -->
        <test-method signature="verifyCountryCurrencyWidget()[pri:0, instance:com.sample.modules.HomePage@7c729a55]" started-at="2024-01-14T08:44:04 IST" name="verifyCountryCurrencyWidget" description="Home Page:Verify country currency widget workinng fine." finished-at="2024-01-14T08:44:06 IST" duration-ms="1977" status="FAIL">
          <exception class="java.lang.AssertionError">
            <message>
              <![CDATA[expected [USA] but found [IN]]]>
            </message>
            <full-stacktrace>
              <![CDATA[java.lang.AssertionError: expected [USA] but found [IN]
at org.testng.Assert.fail(Assert.java:110)
at org.testng.Assert.failNotEquals(Assert.java:1413)
at org.testng.Assert.assertEqualsImpl(Assert.java:149)
at org.testng.Assert.assertEquals(Assert.java:131)
at org.testng.Assert.assertEquals(Assert.java:643)
at com.sample.utils.Common.assertTwoValuesAreEqual(Common.java:109)
at com.sample.modules.HomePage.verifyCountryCurrencyWidget(HomePage.java:50)
at java.base/jdk.internal.reflect.DirectMethodHandleAccessor.invoke(DirectMethodHandleAccessor.java:103)
at java.base/java.lang.reflect.Method.invoke(Method.java:580)
at org.testng.internal.invokers.MethodInvocationHelper.invokeMethod(MethodInvocationHelper.java:135)
at org.testng.internal.invokers.TestInvoker.invokeMethod(TestInvoker.java:673)
at org.testng.internal.invokers.TestInvoker.invokeTestMethod(TestInvoker.java:220)
at org.testng.internal.invokers.MethodRunner.runInSequence(MethodRunner.java:50)
at org.testng.internal.invokers.TestInvoker$MethodInvocationAgent.invoke(TestInvoker.java:945)
at org.testng.internal.invokers.TestInvoker.invokeTestMethods(TestInvoker.java:193)
at org.testng.internal.invokers.TestMethodWorker.invokeTestMethods(TestMethodWorker.java:146)
at org.testng.internal.invokers.TestMethodWorker.run(TestMethodWorker.java:128)
at java.base/java.util.ArrayList.forEach(ArrayList.java:1596)
at org.testng.TestRunner.privateRun(TestRunner.java:808)
at org.testng.TestRunner.run(TestRunner.java:603)
at org.testng.SuiteRunner.runTest(SuiteRunner.java:429)
at org.testng.SuiteRunner.runSequentially(SuiteRunner.java:423)
at org.testng.SuiteRunner.privateRun(SuiteRunner.java:383)
at org.testng.SuiteRunner.run(SuiteRunner.java:326)
at org.testng.SuiteRunnerWorker.runSuite(SuiteRunnerWorker.java:52)
at org.testng.SuiteRunnerWorker.run(SuiteRunnerWorker.java:95)
at org.testng.TestNG.runSuitesSequentially(TestNG.java:1249)
at org.testng.TestNG.runSuitesLocally(TestNG.java:1169)
at org.testng.TestNG.runSuites(TestNG.java:1092)
at org.testng.TestNG.run(TestNG.java:1060)
at org.apache.maven.surefire.testng.TestNGExecutor.run(TestNGExecutor.java:308)
at org.apache.maven.surefire.testng.TestNGXmlTestSuite.execute(TestNGXmlTestSuite.java:71)
at org.apache.maven.surefire.testng.TestNGProvider.invoke(TestNGProvider.java:113)
at org.apache.maven.surefire.booter.ForkedBooter.runSuitesInProcess(ForkedBooter.java:385)
at org.apache.maven.surefire.booter.ForkedBooter.execute(ForkedBooter.java:162)
at org.apache.maven.surefire.booter.ForkedBooter.run(ForkedBooter.java:507)
at org.apache.maven.surefire.booter.ForkedBooter.main(ForkedBooter.java:495)
]]>
            </full-stacktrace>
          </exception> <!-- java.lang.AssertionError -->
          <reporter-output>
            <line>
              <![CDATA[Step 1 : Open URL - https://www.makemytrip.com/]]>
            </line>
            <line>
              <![CDATA[Step 2 : Verify mmt country & currency selection section present.]]>
            </line>
            <line>
              <![CDATA[Step 3 : Click on mmt country & currency selection section present.]]>
            </line>
            <line>
              <![CDATA[Step 4 : Select country USA from dropdown.]]>
            </line>
            <line>
              <![CDATA[Step 5 : Click on apply button.]]>
            </line>
            <line>
              <![CDATA[Step 6 : Verify language english annd currency USD selected.]]>
            </line>
            <line>
              <![CDATA[<font color=#FF0000><strong><i> FAIL : verifyCountryCurrencyWidget</i></strong></font>]]>
            </line>
            <line>
              <![CDATA[<a href='/Users/apple/Documents/HHP/Projects/sample/target/failsafe-reports/chrome/screenshots/verifyCountryCurrencyWidget.png'> <img src='/Users/apple/Documents/HHP/Projects/sample/target/failsafe-reports/chrome/screenshots/verifyCountryCurrencyWidget.png' height='250' width='500'/> </a>]]>
            </line>
          </reporter-output>
        </test-method> <!-- verifyCountryCurrencyWidget -->
        <test-method is-config="true" signature="tearDown(org.testng.ITestResult)[pri:0, instance:com.sample.modules.HomePage@7c729a55]" started-at="2024-01-14T08:44:06 IST" name="tearDown" finished-at="2024-01-14T08:44:07 IST" duration-ms="1057" status="PASS">
          <params>
            <param index="0">
              <value>
                <![CDATA[[TestResult name=verifyCountryCurrencyWidget status=FAILURE method=HomePage.verifyCountryCurrencyWidget()[pri:0, instance:com.sample.modules.HomePage@7c729a55] output=Step 1 : Open URL - https://www.makemytrip.com/]]]>
              </value>
            </param>
          </params>
          <reporter-output>
          </reporter-output>
        </test-method> <!-- tearDown -->
        <test-method is-config="true" signature="setUp(java.lang.reflect.Method)[pri:0, instance:com.sample.modules.HomePage@7c729a55]" started-at="2024-01-14T08:44:07 IST" name="setUp" finished-at="2024-01-14T08:44:13 IST" duration-ms="5932" status="PASS">
          <params>
            <param index="0">
              <value>
                <![CDATA[public void com.sample.modules.HomePage.verifySearchFlight() throws java.lang.InterruptedException]]>
              </value>
            </param>
          </params>
          <reporter-output>
          </reporter-output>
        </test-method> <!-- setUp -->
        <test-method signature="verifySearchFlight()[pri:0, instance:com.sample.modules.HomePage@7c729a55]" started-at="2024-01-14T08:44:13 IST" name="verifySearchFlight" description="Home Page:Verify flight search functionality working fine." finished-at="2024-01-14T08:44:37 IST" duration-ms="23525" status="FAIL">
          <exception class="org.openqa.selenium.TimeoutException">
            <message>
              <![CDATA[Expected condition failed: waiting for element to be clickable: By.xpath: //input[@placeholder='From'] (tried for 20 second(s) with 500 milliseconds interval)
Build info: version: '4.13.0', revision: 'ba948ece5b*'
System info: os.name: 'Mac OS X', os.arch: 'x86_64', os.version: '11.7.10', java.version: '21'
Driver info: org.openqa.selenium.chrome.ChromeDriver
Capabilities {acceptInsecureCerts: true, browserName: chrome, browserVersion: 120.0.6099.216, chrome: {chromedriverVersion: 120.0.6099.109 (3419140ab66..., userDataDir: /var/folders/pb/lrccxhdn21v...}, fedcm:accounts: true, goog:chromeOptions: {debuggerAddress: localhost:51485}, networkConnectionEnabled: false, pageLoadStrategy: normal, platformName: mac, proxy: Proxy(), se:cdp: ws://localhost:51485/devtoo..., se:cdpVersion: 120.0.6099.216, setWindowRect: true, strictFileInteractability: false, timeouts: {implicit: 0, pageLoad: 300000, script: 30000}, unhandledPromptBehavior: dismiss and notify, webauthn:extension:credBlob: true, webauthn:extension:largeBlob: true, webauthn:extension:minPinLength: true, webauthn:extension:prf: true, webauthn:virtualAuthenticators: true}
Session ID: ee50e6468c79ab3d30aa799a11eeabc1]]>
            </message>
            <full-stacktrace>
              <![CDATA[org.openqa.selenium.TimeoutException: Expected condition failed: waiting for element to be clickable: By.xpath: //input[@placeholder='From'] (tried for 20 second(s) with 500 milliseconds interval)
Build info: version: '4.13.0', revision: 'ba948ece5b*'
System info: os.name: 'Mac OS X', os.arch: 'x86_64', os.version: '11.7.10', java.version: '21'
Driver info: org.openqa.selenium.chrome.ChromeDriver
Capabilities {acceptInsecureCerts: true, browserName: chrome, browserVersion: 120.0.6099.216, chrome: {chromedriverVersion: 120.0.6099.109 (3419140ab66..., userDataDir: /var/folders/pb/lrccxhdn21v...}, fedcm:accounts: true, goog:chromeOptions: {debuggerAddress: localhost:51485}, networkConnectionEnabled: false, pageLoadStrategy: normal, platformName: mac, proxy: Proxy(), se:cdp: ws://localhost:51485/devtoo..., se:cdpVersion: 120.0.6099.216, setWindowRect: true, strictFileInteractability: false, timeouts: {implicit: 0, pageLoad: 300000, script: 30000}, unhandledPromptBehavior: dismiss and notify, webauthn:extension:credBlob: true, webauthn:extension:largeBlob: true, webauthn:extension:minPinLength: true, webauthn:extension:prf: true, webauthn:virtualAuthenticators: true}
Session ID: ee50e6468c79ab3d30aa799a11eeabc1
at org.openqa.selenium.support.ui.WebDriverWait.timeoutException(WebDriverWait.java:84)
at org.openqa.selenium.support.ui.FluentWait.until(FluentWait.java:230)
at com.sample.utils.Common.waitUntilElementToBeClickable(Common.java:44)
at com.sample.utils.Common.typeAndSelectFirst(Common.java:303)
at com.sample.modules.HomePage.verifySearchFlight(HomePage.java:70)
at java.base/jdk.internal.reflect.DirectMethodHandleAccessor.invoke(DirectMethodHandleAccessor.java:103)
at java.base/java.lang.reflect.Method.invoke(Method.java:580)
at org.testng.internal.invokers.MethodInvocationHelper.invokeMethod(MethodInvocationHelper.java:135)
at org.testng.internal.invokers.TestInvoker.invokeMethod(TestInvoker.java:673)
at org.testng.internal.invokers.TestInvoker.invokeTestMethod(TestInvoker.java:220)
at org.testng.internal.invokers.MethodRunner.runInSequence(MethodRunner.java:50)
at org.testng.internal.invokers.TestInvoker$MethodInvocationAgent.invoke(TestInvoker.java:945)
at org.testng.internal.invokers.TestInvoker.invokeTestMethods(TestInvoker.java:193)
at org.testng.internal.invokers.TestMethodWorker.invokeTestMethods(TestMethodWorker.java:146)
at org.testng.internal.invokers.TestMethodWorker.run(TestMethodWorker.java:128)
at java.base/java.util.ArrayList.forEach(ArrayList.java:1596)
at org.testng.TestRunner.privateRun(TestRunner.java:808)
at org.testng.TestRunner.run(TestRunner.java:603)
at org.testng.SuiteRunner.runTest(SuiteRunner.java:429)
at org.testng.SuiteRunner.runSequentially(SuiteRunner.java:423)
at org.testng.SuiteRunner.privateRun(SuiteRunner.java:383)
at org.testng.SuiteRunner.run(SuiteRunner.java:326)
at org.testng.SuiteRunnerWorker.runSuite(SuiteRunnerWorker.java:52)
at org.testng.SuiteRunnerWorker.run(SuiteRunnerWorker.java:95)
at org.testng.TestNG.runSuitesSequentially(TestNG.java:1249)
at org.testng.TestNG.runSuitesLocally(TestNG.java:1169)
at org.testng.TestNG.runSuites(TestNG.java:1092)
at org.testng.TestNG.run(TestNG.java:1060)
at org.apache.maven.surefire.testng.TestNGExecutor.run(TestNGExecutor.java:308)
at org.apache.maven.surefire.testng.TestNGXmlTestSuite.execute(TestNGXmlTestSuite.java:71)
at org.apache.maven.surefire.testng.TestNGProvider.invoke(TestNGProvider.java:113)
at org.apache.maven.surefire.booter.ForkedBooter.runSuitesInProcess(ForkedBooter.java:385)
at org.apache.maven.surefire.booter.ForkedBooter.execute(ForkedBooter.java:162)
at org.apache.maven.surefire.booter.ForkedBooter.run(ForkedBooter.java:507)
at org.apache.maven.surefire.booter.ForkedBooter.main(ForkedBooter.java:495)
]]>
            </full-stacktrace>
          </exception> <!-- org.openqa.selenium.TimeoutException -->
          <reporter-output>
            <line>
              <![CDATA[Step 1 : Open URL - https://www.makemytrip.com/]]>
            </line>
            <line>
              <![CDATA[Step 2 : Click on flights logo.]]>
            </line>
            <line>
              <![CDATA[Step 3 : Click on round trip radio button.]]>
            </line>
            <line>
              <![CDATA[Step 4 : Enter ahmedabad in from textbox.]]>
            </line>
            <line>
              <![CDATA[<font color=#FF0000><strong><i> FAIL : verifySearchFlight</i></strong></font>]]>
            </line>
            <line>
              <![CDATA[<a href='/Users/apple/Documents/HHP/Projects/sample/target/failsafe-reports/chrome/screenshots/verifySearchFlight.png'> <img src='/Users/apple/Documents/HHP/Projects/sample/target/failsafe-reports/chrome/screenshots/verifySearchFlight.png' height='250' width='500'/> </a>]]>
            </line>
          </reporter-output>
        </test-method> <!-- verifySearchFlight -->
        <test-method is-config="true" signature="tearDown(org.testng.ITestResult)[pri:0, instance:com.sample.modules.HomePage@7c729a55]" started-at="2024-01-14T08:44:37 IST" name="tearDown" finished-at="2024-01-14T08:44:38 IST" duration-ms="954" status="PASS">
          <params>
            <param index="0">
              <value>
                <![CDATA[[TestResult name=verifySearchFlight status=FAILURE method=HomePage.verifySearchFlight()[pri:0, instance:com.sample.modules.HomePage@7c729a55] output=Step 1 : Open URL - https://www.makemytrip.com/]]]>
              </value>
            </param>
          </params>
          <reporter-output>
          </reporter-output>
        </test-method> <!-- tearDown -->
      </class> <!-- com.sample.modules.HomePage -->
    </test> <!-- MMT HomePage -->
    <test started-at="2024-01-14T08:44:43 IST" name="MMT OfferPage" finished-at="2024-01-14T08:45:10 IST" duration-ms="27483">
      <class name="com.sample.modules.OfferPage">
        <test-method is-config="true" signature="fetchSuiteConfiguration(org.testng.ITestContext)[pri:0, instance:com.sample.modules.OfferPage@7f3b84b8]" started-at="2024-01-14T08:43:53 IST" name="fetchSuiteConfiguration" finished-at="2024-01-14T08:43:53 IST" duration-ms="14" status="PASS">
          <params>
            <param index="0">
              <value>
                <![CDATA[org.testng.TestRunner@2a53f215]]>
              </value>
            </param>
          </params>
          <reporter-output>
          </reporter-output>
        </test-method> <!-- fetchSuiteConfiguration -->
        <test-method is-config="true" signature="setUp(java.lang.reflect.Method)[pri:0, instance:com.sample.modules.OfferPage@7f3b84b8]" started-at="2024-01-14T08:44:43 IST" name="setUp" finished-at="2024-01-14T08:44:47 IST" duration-ms="4215" status="PASS">
          <params>
            <param index="0">
              <value>
                <![CDATA[public void com.sample.modules.OfferPage.verifyOfferPageFlightsHDFCFilter() throws java.lang.InterruptedException]]>
              </value>
            </param>
          </params>
          <reporter-output>
          </reporter-output>
        </test-method> <!-- setUp -->
        <test-method signature="verifyOfferPageFlightsHDFCFilter()[pri:0, instance:com.sample.modules.OfferPage@7f3b84b8]" started-at="2024-01-14T08:44:47 IST" name="verifyOfferPageFlightsHDFCFilter" description="Home Page:Verify filter functioality for HDFC bank&#039;s offers for flights on offers page." finished-at="2024-01-14T08:44:52 IST" duration-ms="5189" status="PASS">
          <reporter-output>
            <line>
              <![CDATA[Step 1 : Open URL - https://www.makemytrip.com/]]>
            </line>
            <line>
              <![CDATA[Step 2 : Click on super offer tab in header.]]>
            </line>
            <line>
              <![CDATA[Step 3 : Verify offer page opened.]]>
            </line>
            <line>
              <![CDATA[Step 4 : Click on flights radio button.]]>
            </line>
            <line>
              <![CDATA[Step 5 : Click on hdfc checkbox.]]>
            </line>
            <line>
              <![CDATA[Step 6 : Verify all offers have hdfc bank logo with terms and conditions.]]>
            </line>
            <line>
              <![CDATA[<font color=238E23><strong><i> PASS : verifyOfferPageFlightsHDFCFilter</i></strong></font>]]>
            </line>
          </reporter-output>
        </test-method> <!-- verifyOfferPageFlightsHDFCFilter -->
        <test-method is-config="true" signature="tearDown(org.testng.ITestResult)[pri:0, instance:com.sample.modules.OfferPage@7f3b84b8]" started-at="2024-01-14T08:44:52 IST" name="tearDown" finished-at="2024-01-14T08:44:52 IST" duration-ms="164" status="PASS">
          <params>
            <param index="0">
              <value>
                <![CDATA[[TestResult name=verifyOfferPageFlightsHDFCFilter status=SUCCESS method=OfferPage.verifyOfferPageFlightsHDFCFilter()[pri:0, instance:com.sample.modules.OfferPage@7f3b84b8] output=Step 1 : Open URL - https://www.makemytrip.com/]]]>
              </value>
            </param>
          </params>
          <reporter-output>
          </reporter-output>
        </test-method> <!-- tearDown -->
        <test-method is-config="true" signature="setUp(java.lang.reflect.Method)[pri:0, instance:com.sample.modules.OfferPage@7f3b84b8]" started-at="2024-01-14T08:44:52 IST" name="setUp" finished-at="2024-01-14T08:44:57 IST" duration-ms="4508" status="PASS">
          <params>
            <param index="0">
              <value>
                <![CDATA[public void com.sample.modules.OfferPage.verifyOfferPageHotelAxisFilter() throws java.lang.InterruptedException]]>
              </value>
            </param>
          </params>
          <reporter-output>
          </reporter-output>
        </test-method> <!-- setUp -->
        <test-method signature="verifyOfferPageHotelAxisFilter()[pri:0, instance:com.sample.modules.OfferPage@7f3b84b8]" started-at="2024-01-14T08:44:57 IST" name="verifyOfferPageHotelAxisFilter" description="Home Page:Verify filter functioality for Axis bank&#039;s offers for hotels on offers page." finished-at="2024-01-14T08:45:02 IST" duration-ms="4968" status="PASS">
          <reporter-output>
            <line>
              <![CDATA[Step 1 : Open URL - https://www.makemytrip.com/]]>
            </line>
            <line>
              <![CDATA[Step 2 : Click on super offer tab in header.]]>
            </line>
            <line>
              <![CDATA[Step 3 : Verify offer page opened.]]>
            </line>
            <line>
              <![CDATA[Step 4 : Click on hotels radio button.]]>
            </line>
            <line>
              <![CDATA[Step 5 : Click on axis checkbox.]]>
            </line>
            <line>
              <![CDATA[Step 6 : Verify all offers have axis bank logo with terms and conditions.]]>
            </line>
            <line>
              <![CDATA[<font color=238E23><strong><i> PASS : verifyOfferPageHotelAxisFilter</i></strong></font>]]>
            </line>
          </reporter-output>
        </test-method> <!-- verifyOfferPageHotelAxisFilter -->
        <test-method is-config="true" signature="tearDown(org.testng.ITestResult)[pri:0, instance:com.sample.modules.OfferPage@7f3b84b8]" started-at="2024-01-14T08:45:02 IST" name="tearDown" finished-at="2024-01-14T08:45:02 IST" duration-ms="156" status="PASS">
          <params>
            <param index="0">
              <value>
                <![CDATA[[TestResult name=verifyOfferPageHotelAxisFilter status=SUCCESS method=OfferPage.verifyOfferPageHotelAxisFilter()[pri:0, instance:com.sample.modules.OfferPage@7f3b84b8] output=Step 1 : Open URL - https://www.makemytrip.com/]]]>
              </value>
            </param>
          </params>
          <reporter-output>
          </reporter-output>
        </test-method> <!-- tearDown -->
        <test-method is-config="true" signature="setUp(java.lang.reflect.Method)[pri:0, instance:com.sample.modules.OfferPage@7f3b84b8]" started-at="2024-01-14T08:45:02 IST" name="setUp" finished-at="2024-01-14T08:45:06 IST" duration-ms="3713" status="PASS">
          <params>
            <param index="0">
              <value>
                <![CDATA[public void com.sample.modules.OfferPage.verifyOfferPageTrendingICICIFilter() throws java.lang.InterruptedException]]>
              </value>
            </param>
          </params>
          <reporter-output>
          </reporter-output>
        </test-method> <!-- setUp -->
        <test-method signature="verifyOfferPageTrendingICICIFilter()[pri:0, instance:com.sample.modules.OfferPage@7f3b84b8]" started-at="2024-01-14T08:45:06 IST" name="verifyOfferPageTrendingICICIFilter" description="Home Page:Verify filter functioality for ICICI bank&#039;s offers for trendiing on offers page." finished-at="2024-01-14T08:45:10 IST" duration-ms="4410" status="PASS">
          <reporter-output>
            <line>
              <![CDATA[Step 1 : Open URL - https://www.makemytrip.com/]]>
            </line>
            <line>
              <![CDATA[Step 2 : Click on super offer tab in header.]]>
            </line>
            <line>
              <![CDATA[Step 3 : Verify offer page opened.]]>
            </line>
            <line>
              <![CDATA[Step 4 : Click on trending radio button.]]>
            </line>
            <line>
              <![CDATA[Step 5 : Click on icici checkbox.]]>
            </line>
            <line>
              <![CDATA[Step 6 : Verify all offers have icici bank logo with terms and conditions.]]>
            </line>
            <line>
              <![CDATA[<font color=238E23><strong><i> PASS : verifyOfferPageTrendingICICIFilter</i></strong></font>]]>
            </line>
          </reporter-output>
        </test-method> <!-- verifyOfferPageTrendingICICIFilter -->
        <test-method is-config="true" signature="tearDown(org.testng.ITestResult)[pri:0, instance:com.sample.modules.OfferPage@7f3b84b8]" started-at="2024-01-14T08:45:10 IST" name="tearDown" finished-at="2024-01-14T08:45:10 IST" duration-ms="155" status="PASS">
          <params>
            <param index="0">
              <value>
                <![CDATA[[TestResult name=verifyOfferPageTrendingICICIFilter status=SUCCESS method=OfferPage.verifyOfferPageTrendingICICIFilter()[pri:0, instance:com.sample.modules.OfferPage@7f3b84b8] output=Step 1 : Open URL - https://www.makemytrip.com/]]]>
              </value>
            </param>
          </params>
          <reporter-output>
          </reporter-output>
        </test-method> <!-- tearDown -->
        <test-method is-config="true" signature="after()[pri:0, instance:com.sample.modules.OfferPage@7f3b84b8]" started-at="2024-01-14T08:45:15 IST" name="after" finished-at="2024-01-14T08:45:15 IST" duration-ms="0" status="PASS">
          <reporter-output>
          </reporter-output>
        </test-method> <!-- after -->
      </class> <!-- com.sample.modules.OfferPage -->
    </test> <!-- MMT OfferPage -->
  </suite> <!-- MMT Demo -->
</testng-results>
